# output generated by whitelist --stdin fastq/pbmc_1k_v2_trimmed_R1.fastq.gz --bc-pattern=CCCCCCCCCCCCCCCCNNNNNNNNNNNN --expect-cells=1500 -L logs/umiWhitelistpbmc_1k_v2.log --verbose=2 --plot-prefix=cell_calling/filteringPlot_pbmc_1k_v2
# job started at Wed May  1 18:10:43 2019 on u932-ulm-2-57030120-6476.curie.fr -- 66e73a6d-845e-408d-95f2-061bcababc93
# pid: 38821, system: Linux 3.10.0-862.3.2.el7.x86_64 #1 SMP Mon May 21 23:36:36 UTC 2018 x86_64
# blacklist_tsv                           : None
# cell_number                             : False
# compresslevel                           : 6
# error_correct_threshold                 : 1
# expect_cells                            : 1500
# extract_method                          : string
# filter_cell_barcodes                    : False
# log2stderr                              : False
# loglevel                                : 2
# method                                  : reads
# pattern                                 : CCCCCCCCCCCCCCCCNNNNNNNNNNNN
# pattern2                                : None
# plot_prefix                             : cell_calling/filteringPlot_pbmc_1k_v2
# prime3                                  : None
# random_seed                             : None
# read2_in                                : None
# short_help                              : None
# stderr                                  : <_io.TextIOWrapper name='<stderr>' mode='w' encoding='UTF-8'>
# stdin                                   : <_io.TextIOWrapper name='fastq/pbmc_1k_v2_trimmed_R1.fastq.gz' encoding='ascii'>
# stdlog                                  : <_io.TextIOWrapper name='logs/umiWhitelistpbmc_1k_v2.log' mode='a' encoding='UTF-8'>
# stdout                                  : <_io.TextIOWrapper name='<stdout>' mode='w' encoding='UTF-8'>
# subset_reads                            : 100000000
# timeit_file                             : None
# timeit_header                           : None
# timeit_name                             : all
# whitelist_tsv                           : None
2019-05-01 18:10:43,186 INFO Starting barcode extraction
2019-05-01 18:10:43,187 INFO Parsed 0 reads
2019-05-01 18:10:44,468 INFO Parsed 100000 reads
2019-05-01 18:10:45,659 INFO Parsed 200000 reads
2019-05-01 18:10:46,849 INFO Parsed 300000 reads
2019-05-01 18:10:48,035 INFO Parsed 400000 reads
2019-05-01 18:10:49,224 INFO Parsed 500000 reads
2019-05-01 18:10:50,416 INFO Parsed 600000 reads
2019-05-01 18:10:51,603 INFO Parsed 700000 reads
2019-05-01 18:10:52,793 INFO Parsed 800000 reads
2019-05-01 18:10:53,980 INFO Parsed 900000 reads
2019-05-01 18:10:55,165 INFO Parsed 1000000 reads
2019-05-01 18:10:56,349 INFO Parsed 1100000 reads
2019-05-01 18:10:57,533 INFO Parsed 1200000 reads
2019-05-01 18:10:58,722 INFO Parsed 1300000 reads
2019-05-01 18:10:59,908 INFO Parsed 1400000 reads
2019-05-01 18:11:01,092 INFO Parsed 1500000 reads
2019-05-01 18:11:02,283 INFO Parsed 1600000 reads
2019-05-01 18:11:03,468 INFO Parsed 1700000 reads
2019-05-01 18:11:04,652 INFO Parsed 1800000 reads
2019-05-01 18:11:05,836 INFO Parsed 1900000 reads
2019-05-01 18:11:07,028 INFO Parsed 2000000 reads
2019-05-01 18:11:08,214 INFO Parsed 2100000 reads
2019-05-01 18:11:09,400 INFO Parsed 2200000 reads
2019-05-01 18:11:10,584 INFO Parsed 2300000 reads
2019-05-01 18:11:11,768 INFO Parsed 2400000 reads
2019-05-01 18:11:12,955 INFO Parsed 2500000 reads
2019-05-01 18:11:14,143 INFO Parsed 2600000 reads
2019-05-01 18:11:15,331 INFO Parsed 2700000 reads
2019-05-01 18:11:16,520 INFO Parsed 2800000 reads
2019-05-01 18:11:17,710 INFO Parsed 2900000 reads
2019-05-01 18:11:18,898 INFO Parsed 3000000 reads
2019-05-01 18:11:20,087 INFO Parsed 3100000 reads
2019-05-01 18:11:21,278 INFO Parsed 3200000 reads
2019-05-01 18:11:22,467 INFO Parsed 3300000 reads
2019-05-01 18:11:23,656 INFO Parsed 3400000 reads
2019-05-01 18:11:24,843 INFO Parsed 3500000 reads
2019-05-01 18:11:26,031 INFO Parsed 3600000 reads
2019-05-01 18:11:27,217 INFO Parsed 3700000 reads
2019-05-01 18:11:28,406 INFO Parsed 3800000 reads
2019-05-01 18:11:29,595 INFO Parsed 3900000 reads
2019-05-01 18:11:30,783 INFO Parsed 4000000 reads
2019-05-01 18:11:31,969 INFO Parsed 4100000 reads
2019-05-01 18:11:33,160 INFO Parsed 4200000 reads
2019-05-01 18:11:34,346 INFO Parsed 4300000 reads
2019-05-01 18:11:35,535 INFO Parsed 4400000 reads
2019-05-01 18:11:36,724 INFO Parsed 4500000 reads
2019-05-01 18:11:37,913 INFO Parsed 4600000 reads
2019-05-01 18:11:39,102 INFO Parsed 4700000 reads
2019-05-01 18:11:40,296 INFO Parsed 4800000 reads
2019-05-01 18:11:41,483 INFO Parsed 4900000 reads
2019-05-01 18:11:42,676 INFO Parsed 5000000 reads
2019-05-01 18:11:43,866 INFO Parsed 5100000 reads
2019-05-01 18:11:45,054 INFO Parsed 5200000 reads
2019-05-01 18:11:46,241 INFO Parsed 5300000 reads
2019-05-01 18:11:47,428 INFO Parsed 5400000 reads
2019-05-01 18:11:48,614 INFO Parsed 5500000 reads
2019-05-01 18:11:49,800 INFO Parsed 5600000 reads
2019-05-01 18:11:50,986 INFO Parsed 5700000 reads
2019-05-01 18:11:52,175 INFO Parsed 5800000 reads
2019-05-01 18:11:53,361 INFO Parsed 5900000 reads
2019-05-01 18:11:54,546 INFO Parsed 6000000 reads
2019-05-01 18:11:55,731 INFO Parsed 6100000 reads
2019-05-01 18:11:56,919 INFO Parsed 6200000 reads
2019-05-01 18:11:58,108 INFO Parsed 6300000 reads
2019-05-01 18:11:59,295 INFO Parsed 6400000 reads
2019-05-01 18:12:00,478 INFO Parsed 6500000 reads
2019-05-01 18:12:01,666 INFO Parsed 6600000 reads
2019-05-01 18:12:02,852 INFO Parsed 6700000 reads
2019-05-01 18:12:04,038 INFO Parsed 6800000 reads
2019-05-01 18:12:05,223 INFO Parsed 6900000 reads
2019-05-01 18:12:06,413 INFO Parsed 7000000 reads
2019-05-01 18:12:07,599 INFO Parsed 7100000 reads
2019-05-01 18:12:08,788 INFO Parsed 7200000 reads
2019-05-01 18:12:09,977 INFO Parsed 7300000 reads
2019-05-01 18:12:11,168 INFO Parsed 7400000 reads
2019-05-01 18:12:12,358 INFO Parsed 7500000 reads
2019-05-01 18:12:13,547 INFO Parsed 7600000 reads
2019-05-01 18:12:14,736 INFO Parsed 7700000 reads
2019-05-01 18:12:15,927 INFO Parsed 7800000 reads
2019-05-01 18:12:17,116 INFO Parsed 7900000 reads
2019-05-01 18:12:18,315 INFO Parsed 8000000 reads
2019-05-01 18:12:19,507 INFO Parsed 8100000 reads
2019-05-01 18:12:20,701 INFO Parsed 8200000 reads
2019-05-01 18:12:21,890 INFO Parsed 8300000 reads
2019-05-01 18:12:23,081 INFO Parsed 8400000 reads
2019-05-01 18:12:24,271 INFO Parsed 8500000 reads
2019-05-01 18:12:25,459 INFO Parsed 8600000 reads
2019-05-01 18:12:26,650 INFO Parsed 8700000 reads
2019-05-01 18:12:27,841 INFO Parsed 8800000 reads
2019-05-01 18:12:29,030 INFO Parsed 8900000 reads
2019-05-01 18:12:30,221 INFO Parsed 9000000 reads
2019-05-01 18:12:31,410 INFO Parsed 9100000 reads
2019-05-01 18:12:32,603 INFO Parsed 9200000 reads
2019-05-01 18:12:33,795 INFO Parsed 9300000 reads
2019-05-01 18:12:34,985 INFO Parsed 9400000 reads
2019-05-01 18:12:36,174 INFO Parsed 9500000 reads
2019-05-01 18:12:37,360 INFO Parsed 9600000 reads
2019-05-01 18:12:38,545 INFO Parsed 9700000 reads
2019-05-01 18:12:39,731 INFO Parsed 9800000 reads
2019-05-01 18:12:40,917 INFO Parsed 9900000 reads
2019-05-01 18:12:42,103 INFO Parsed 10000000 reads
2019-05-01 18:12:43,289 INFO Parsed 10100000 reads
2019-05-01 18:12:44,477 INFO Parsed 10200000 reads
2019-05-01 18:12:45,660 INFO Parsed 10300000 reads
2019-05-01 18:12:46,845 INFO Parsed 10400000 reads
2019-05-01 18:12:48,031 INFO Parsed 10500000 reads
2019-05-01 18:12:49,216 INFO Parsed 10600000 reads
2019-05-01 18:12:50,403 INFO Parsed 10700000 reads
2019-05-01 18:12:51,588 INFO Parsed 10800000 reads
2019-05-01 18:12:52,770 INFO Parsed 10900000 reads
2019-05-01 18:12:53,954 INFO Parsed 11000000 reads
2019-05-01 18:12:55,137 INFO Parsed 11100000 reads
2019-05-01 18:12:56,321 INFO Parsed 11200000 reads
2019-05-01 18:12:57,502 INFO Parsed 11300000 reads
2019-05-01 18:12:58,685 INFO Parsed 11400000 reads
2019-05-01 18:12:59,867 INFO Parsed 11500000 reads
2019-05-01 18:13:01,051 INFO Parsed 11600000 reads
2019-05-01 18:13:02,233 INFO Parsed 11700000 reads
2019-05-01 18:13:03,417 INFO Parsed 11800000 reads
2019-05-01 18:13:04,599 INFO Parsed 11900000 reads
2019-05-01 18:13:05,782 INFO Parsed 12000000 reads
2019-05-01 18:13:06,968 INFO Parsed 12100000 reads
2019-05-01 18:13:08,153 INFO Parsed 12200000 reads
2019-05-01 18:13:09,336 INFO Parsed 12300000 reads
2019-05-01 18:13:10,521 INFO Parsed 12400000 reads
2019-05-01 18:13:11,703 INFO Parsed 12500000 reads
2019-05-01 18:13:12,884 INFO Parsed 12600000 reads
2019-05-01 18:13:14,072 INFO Parsed 12700000 reads
2019-05-01 18:13:15,264 INFO Parsed 12800000 reads
2019-05-01 18:13:16,449 INFO Parsed 12900000 reads
2019-05-01 18:13:17,634 INFO Parsed 13000000 reads
2019-05-01 18:13:18,818 INFO Parsed 13100000 reads
2019-05-01 18:13:20,001 INFO Parsed 13200000 reads
2019-05-01 18:13:21,184 INFO Parsed 13300000 reads
2019-05-01 18:13:22,367 INFO Parsed 13400000 reads
2019-05-01 18:13:23,548 INFO Parsed 13500000 reads
2019-05-01 18:13:24,730 INFO Parsed 13600000 reads
2019-05-01 18:13:25,911 INFO Parsed 13700000 reads
2019-05-01 18:13:27,092 INFO Parsed 13800000 reads
2019-05-01 18:13:28,274 INFO Parsed 13900000 reads
2019-05-01 18:13:29,483 INFO Parsed 14000000 reads
2019-05-01 18:13:30,764 INFO Parsed 14100000 reads
2019-05-01 18:13:32,047 INFO Parsed 14200000 reads
2019-05-01 18:13:33,333 INFO Parsed 14300000 reads
2019-05-01 18:13:34,613 INFO Parsed 14400000 reads
2019-05-01 18:13:35,890 INFO Parsed 14500000 reads
2019-05-01 18:13:37,121 INFO Parsed 14600000 reads
2019-05-01 18:13:38,305 INFO Parsed 14700000 reads
2019-05-01 18:13:39,491 INFO Parsed 14800000 reads
2019-05-01 18:13:40,677 INFO Parsed 14900000 reads
2019-05-01 18:13:41,864 INFO Parsed 15000000 reads
2019-05-01 18:13:43,051 INFO Parsed 15100000 reads
2019-05-01 18:13:44,236 INFO Parsed 15200000 reads
2019-05-01 18:13:45,418 INFO Parsed 15300000 reads
2019-05-01 18:13:46,599 INFO Parsed 15400000 reads
2019-05-01 18:13:47,781 INFO Parsed 15500000 reads
2019-05-01 18:13:48,962 INFO Parsed 15600000 reads
2019-05-01 18:13:50,144 INFO Parsed 15700000 reads
2019-05-01 18:13:51,325 INFO Parsed 15800000 reads
2019-05-01 18:13:52,505 INFO Parsed 15900000 reads
2019-05-01 18:13:53,686 INFO Parsed 16000000 reads
2019-05-01 18:13:54,867 INFO Parsed 16100000 reads
2019-05-01 18:13:56,050 INFO Parsed 16200000 reads
2019-05-01 18:13:57,231 INFO Parsed 16300000 reads
2019-05-01 18:13:58,411 INFO Parsed 16400000 reads
2019-05-01 18:13:59,592 INFO Parsed 16500000 reads
2019-05-01 18:14:00,778 INFO Parsed 16600000 reads
2019-05-01 18:14:01,959 INFO Parsed 16700000 reads
2019-05-01 18:14:03,144 INFO Parsed 16800000 reads
2019-05-01 18:14:04,324 INFO Parsed 16900000 reads
2019-05-01 18:14:05,506 INFO Parsed 17000000 reads
2019-05-01 18:14:06,686 INFO Parsed 17100000 reads
2019-05-01 18:14:07,869 INFO Parsed 17200000 reads
2019-05-01 18:14:09,055 INFO Parsed 17300000 reads
2019-05-01 18:14:10,238 INFO Parsed 17400000 reads
2019-05-01 18:14:11,422 INFO Parsed 17500000 reads
2019-05-01 18:14:12,607 INFO Parsed 17600000 reads
2019-05-01 18:14:13,794 INFO Parsed 17700000 reads
2019-05-01 18:14:14,985 INFO Parsed 17800000 reads
2019-05-01 18:14:16,171 INFO Parsed 17900000 reads
2019-05-01 18:14:17,356 INFO Parsed 18000000 reads
2019-05-01 18:14:18,539 INFO Parsed 18100000 reads
2019-05-01 18:14:19,722 INFO Parsed 18200000 reads
2019-05-01 18:14:20,905 INFO Parsed 18300000 reads
2019-05-01 18:14:22,096 INFO Parsed 18400000 reads
2019-05-01 18:14:23,283 INFO Parsed 18500000 reads
2019-05-01 18:14:24,522 INFO Parsed 18600000 reads
2019-05-01 18:14:25,705 INFO Parsed 18700000 reads
2019-05-01 18:14:26,887 INFO Parsed 18800000 reads
2019-05-01 18:14:28,069 INFO Parsed 18900000 reads
2019-05-01 18:14:29,252 INFO Parsed 19000000 reads
2019-05-01 18:14:30,433 INFO Parsed 19100000 reads
2019-05-01 18:14:31,616 INFO Parsed 19200000 reads
2019-05-01 18:14:32,800 INFO Parsed 19300000 reads
2019-05-01 18:14:33,983 INFO Parsed 19400000 reads
2019-05-01 18:14:35,166 INFO Parsed 19500000 reads
2019-05-01 18:14:36,350 INFO Parsed 19600000 reads
2019-05-01 18:14:37,530 INFO Parsed 19700000 reads
2019-05-01 18:14:38,712 INFO Parsed 19800000 reads
2019-05-01 18:14:39,892 INFO Parsed 19900000 reads
2019-05-01 18:14:41,077 INFO Parsed 20000000 reads
2019-05-01 18:14:42,260 INFO Parsed 20100000 reads
2019-05-01 18:14:43,448 INFO Parsed 20200000 reads
2019-05-01 18:14:44,633 INFO Parsed 20300000 reads
2019-05-01 18:14:45,819 INFO Parsed 20400000 reads
2019-05-01 18:14:47,003 INFO Parsed 20500000 reads
2019-05-01 18:14:48,191 INFO Parsed 20600000 reads
2019-05-01 18:14:49,375 INFO Parsed 20700000 reads
2019-05-01 18:14:50,560 INFO Parsed 20800000 reads
2019-05-01 18:14:51,745 INFO Parsed 20900000 reads
2019-05-01 18:14:52,932 INFO Parsed 21000000 reads
2019-05-01 18:14:54,118 INFO Parsed 21100000 reads
2019-05-01 18:14:55,304 INFO Parsed 21200000 reads
2019-05-01 18:14:56,497 INFO Parsed 21300000 reads
2019-05-01 18:14:57,688 INFO Parsed 21400000 reads
2019-05-01 18:14:58,879 INFO Parsed 21500000 reads
2019-05-01 18:15:00,075 INFO Parsed 21600000 reads
2019-05-01 18:15:01,258 INFO Parsed 21700000 reads
2019-05-01 18:15:02,447 INFO Parsed 21800000 reads
2019-05-01 18:15:03,636 INFO Parsed 21900000 reads
2019-05-01 18:15:04,825 INFO Parsed 22000000 reads
2019-05-01 18:15:06,008 INFO Parsed 22100000 reads
2019-05-01 18:15:07,192 INFO Parsed 22200000 reads
2019-05-01 18:15:08,377 INFO Parsed 22300000 reads
2019-05-01 18:15:09,602 INFO Parsed 22400000 reads
2019-05-01 18:15:10,866 INFO Parsed 22500000 reads
2019-05-01 18:15:12,133 INFO Parsed 22600000 reads
2019-05-01 18:15:13,415 INFO Parsed 22700000 reads
2019-05-01 18:15:14,684 INFO Parsed 22800000 reads
2019-05-01 18:15:15,946 INFO Parsed 22900000 reads
2019-05-01 18:15:17,216 INFO Parsed 23000000 reads
2019-05-01 18:15:18,476 INFO Parsed 23100000 reads
2019-05-01 18:15:19,742 INFO Parsed 23200000 reads
2019-05-01 18:15:21,003 INFO Parsed 23300000 reads
2019-05-01 18:15:22,267 INFO Parsed 23400000 reads
2019-05-01 18:15:23,531 INFO Parsed 23500000 reads
2019-05-01 18:15:24,796 INFO Parsed 23600000 reads
2019-05-01 18:15:26,056 INFO Parsed 23700000 reads
2019-05-01 18:15:27,316 INFO Parsed 23800000 reads
2019-05-01 18:15:28,572 INFO Parsed 23900000 reads
2019-05-01 18:15:29,838 INFO Parsed 24000000 reads
2019-05-01 18:15:31,098 INFO Parsed 24100000 reads
2019-05-01 18:15:32,307 INFO Parsed 24200000 reads
2019-05-01 18:15:33,490 INFO Parsed 24300000 reads
2019-05-01 18:15:34,672 INFO Parsed 24400000 reads
2019-05-01 18:15:35,855 INFO Parsed 24500000 reads
2019-05-01 18:15:37,038 INFO Parsed 24600000 reads
2019-05-01 18:15:38,222 INFO Parsed 24700000 reads
2019-05-01 18:15:39,405 INFO Parsed 24800000 reads
2019-05-01 18:15:40,586 INFO Parsed 24900000 reads
2019-05-01 18:15:41,768 INFO Parsed 25000000 reads
2019-05-01 18:15:42,948 INFO Parsed 25100000 reads
2019-05-01 18:15:44,129 INFO Parsed 25200000 reads
2019-05-01 18:15:45,310 INFO Parsed 25300000 reads
2019-05-01 18:15:46,494 INFO Parsed 25400000 reads
2019-05-01 18:15:47,676 INFO Parsed 25500000 reads
2019-05-01 18:15:48,862 INFO Parsed 25600000 reads
2019-05-01 18:15:50,044 INFO Parsed 25700000 reads
2019-05-01 18:15:51,227 INFO Parsed 25800000 reads
2019-05-01 18:15:52,410 INFO Parsed 25900000 reads
2019-05-01 18:15:53,592 INFO Parsed 26000000 reads
2019-05-01 18:15:54,770 INFO Parsed 26100000 reads
2019-05-01 18:15:55,950 INFO Parsed 26200000 reads
2019-05-01 18:15:57,126 INFO Parsed 26300000 reads
2019-05-01 18:15:58,308 INFO Parsed 26400000 reads
2019-05-01 18:15:59,489 INFO Parsed 26500000 reads
2019-05-01 18:16:00,672 INFO Parsed 26600000 reads
2019-05-01 18:16:01,853 INFO Parsed 26700000 reads
2019-05-01 18:16:03,035 INFO Parsed 26800000 reads
2019-05-01 18:16:04,215 INFO Parsed 26900000 reads
2019-05-01 18:16:05,397 INFO Parsed 27000000 reads
2019-05-01 18:16:06,578 INFO Parsed 27100000 reads
2019-05-01 18:16:07,758 INFO Parsed 27200000 reads
2019-05-01 18:16:08,937 INFO Parsed 27300000 reads
2019-05-01 18:16:10,121 INFO Parsed 27400000 reads
2019-05-01 18:16:11,298 INFO Parsed 27500000 reads
2019-05-01 18:16:12,477 INFO Parsed 27600000 reads
2019-05-01 18:16:13,657 INFO Parsed 27700000 reads
2019-05-01 18:16:14,847 INFO Parsed 27800000 reads
2019-05-01 18:16:16,029 INFO Parsed 27900000 reads
2019-05-01 18:16:17,211 INFO Parsed 28000000 reads
2019-05-01 18:16:18,393 INFO Parsed 28100000 reads
2019-05-01 18:16:19,576 INFO Parsed 28200000 reads
2019-05-01 18:16:20,756 INFO Parsed 28300000 reads
2019-05-01 18:16:21,937 INFO Parsed 28400000 reads
2019-05-01 18:16:23,117 INFO Parsed 28500000 reads
2019-05-01 18:16:24,299 INFO Parsed 28600000 reads
2019-05-01 18:16:25,478 INFO Parsed 28700000 reads
2019-05-01 18:16:26,658 INFO Parsed 28800000 reads
2019-05-01 18:16:27,836 INFO Parsed 28900000 reads
2019-05-01 18:16:29,016 INFO Parsed 29000000 reads
2019-05-01 18:16:30,196 INFO Parsed 29100000 reads
2019-05-01 18:16:31,376 INFO Parsed 29200000 reads
2019-05-01 18:16:32,565 INFO Parsed 29300000 reads
2019-05-01 18:16:33,748 INFO Parsed 29400000 reads
2019-05-01 18:16:34,928 INFO Parsed 29500000 reads
2019-05-01 18:16:36,112 INFO Parsed 29600000 reads
2019-05-01 18:16:37,296 INFO Parsed 29700000 reads
2019-05-01 18:16:38,480 INFO Parsed 29800000 reads
2019-05-01 18:16:39,664 INFO Parsed 29900000 reads
2019-05-01 18:16:40,848 INFO Parsed 30000000 reads
2019-05-01 18:16:42,027 INFO Parsed 30100000 reads
2019-05-01 18:16:43,209 INFO Parsed 30200000 reads
2019-05-01 18:16:44,392 INFO Parsed 30300000 reads
2019-05-01 18:16:45,574 INFO Parsed 30400000 reads
2019-05-01 18:16:46,754 INFO Parsed 30500000 reads
2019-05-01 18:16:47,937 INFO Parsed 30600000 reads
2019-05-01 18:16:49,119 INFO Parsed 30700000 reads
2019-05-01 18:16:50,299 INFO Parsed 30800000 reads
2019-05-01 18:16:51,485 INFO Parsed 30900000 reads
2019-05-01 18:16:52,668 INFO Parsed 31000000 reads
2019-05-01 18:16:53,850 INFO Parsed 31100000 reads
2019-05-01 18:16:55,032 INFO Parsed 31200000 reads
2019-05-01 18:16:56,214 INFO Parsed 31300000 reads
2019-05-01 18:16:57,397 INFO Parsed 31400000 reads
2019-05-01 18:16:58,577 INFO Parsed 31500000 reads
2019-05-01 18:16:59,764 INFO Parsed 31600000 reads
2019-05-01 18:17:00,948 INFO Parsed 31700000 reads
2019-05-01 18:17:02,134 INFO Parsed 31800000 reads
2019-05-01 18:17:03,319 INFO Parsed 31900000 reads
2019-05-01 18:17:04,503 INFO Parsed 32000000 reads
2019-05-01 18:17:05,692 INFO Parsed 32100000 reads
2019-05-01 18:17:06,881 INFO Parsed 32200000 reads
2019-05-01 18:17:08,065 INFO Parsed 32300000 reads
2019-05-01 18:17:09,249 INFO Parsed 32400000 reads
2019-05-01 18:17:10,432 INFO Parsed 32500000 reads
2019-05-01 18:17:11,615 INFO Parsed 32600000 reads
2019-05-01 18:17:12,799 INFO Parsed 32700000 reads
2019-05-01 18:17:13,987 INFO Parsed 32800000 reads
2019-05-01 18:17:15,179 INFO Parsed 32900000 reads
2019-05-01 18:17:16,377 INFO Parsed 33000000 reads
2019-05-01 18:17:17,566 INFO Parsed 33100000 reads
2019-05-01 18:17:18,759 INFO Parsed 33200000 reads
2019-05-01 18:17:19,947 INFO Parsed 33300000 reads
2019-05-01 18:17:21,134 INFO Parsed 33400000 reads
2019-05-01 18:17:22,319 INFO Parsed 33500000 reads
2019-05-01 18:17:23,506 INFO Parsed 33600000 reads
2019-05-01 18:17:24,688 INFO Parsed 33700000 reads
2019-05-01 18:17:25,874 INFO Parsed 33800000 reads
2019-05-01 18:17:27,057 INFO Parsed 33900000 reads
2019-05-01 18:17:28,242 INFO Parsed 34000000 reads
2019-05-01 18:17:29,434 INFO Parsed 34100000 reads
2019-05-01 18:17:30,620 INFO Parsed 34200000 reads
2019-05-01 18:17:31,805 INFO Parsed 34300000 reads
2019-05-01 18:17:32,992 INFO Parsed 34400000 reads
2019-05-01 18:17:34,177 INFO Parsed 34500000 reads
2019-05-01 18:17:35,364 INFO Parsed 34600000 reads
2019-05-01 18:17:36,551 INFO Parsed 34700000 reads
2019-05-01 18:17:37,736 INFO Parsed 34800000 reads
2019-05-01 18:17:38,919 INFO Parsed 34900000 reads
2019-05-01 18:17:40,115 INFO Parsed 35000000 reads
2019-05-01 18:17:41,303 INFO Parsed 35100000 reads
2019-05-01 18:17:42,490 INFO Parsed 35200000 reads
2019-05-01 18:17:43,675 INFO Parsed 35300000 reads
2019-05-01 18:17:44,860 INFO Parsed 35400000 reads
2019-05-01 18:17:46,044 INFO Parsed 35500000 reads
2019-05-01 18:17:47,229 INFO Parsed 35600000 reads
2019-05-01 18:17:48,412 INFO Parsed 35700000 reads
2019-05-01 18:17:49,599 INFO Parsed 35800000 reads
2019-05-01 18:17:50,783 INFO Parsed 35900000 reads
2019-05-01 18:17:51,968 INFO Parsed 36000000 reads
2019-05-01 18:17:53,152 INFO Parsed 36100000 reads
2019-05-01 18:17:54,337 INFO Parsed 36200000 reads
2019-05-01 18:17:55,519 INFO Parsed 36300000 reads
2019-05-01 18:17:56,708 INFO Parsed 36400000 reads
2019-05-01 18:17:57,894 INFO Parsed 36500000 reads
2019-05-01 18:17:59,081 INFO Parsed 36600000 reads
2019-05-01 18:18:00,263 INFO Parsed 36700000 reads
2019-05-01 18:18:01,446 INFO Parsed 36800000 reads
2019-05-01 18:18:02,628 INFO Parsed 36900000 reads
2019-05-01 18:18:03,813 INFO Parsed 37000000 reads
2019-05-01 18:18:04,995 INFO Parsed 37100000 reads
2019-05-01 18:18:06,177 INFO Parsed 37200000 reads
2019-05-01 18:18:07,360 INFO Parsed 37300000 reads
2019-05-01 18:18:08,546 INFO Parsed 37400000 reads
2019-05-01 18:18:09,731 INFO Parsed 37500000 reads
2019-05-01 18:18:10,914 INFO Parsed 37600000 reads
2019-05-01 18:18:12,096 INFO Parsed 37700000 reads
2019-05-01 18:18:13,278 INFO Parsed 37800000 reads
2019-05-01 18:18:14,458 INFO Parsed 37900000 reads
2019-05-01 18:18:15,642 INFO Parsed 38000000 reads
2019-05-01 18:18:16,826 INFO Parsed 38100000 reads
2019-05-01 18:18:18,010 INFO Parsed 38200000 reads
2019-05-01 18:18:19,192 INFO Parsed 38300000 reads
2019-05-01 18:18:20,375 INFO Parsed 38400000 reads
2019-05-01 18:18:21,556 INFO Parsed 38500000 reads
2019-05-01 18:18:22,742 INFO Parsed 38600000 reads
2019-05-01 18:18:23,933 INFO Parsed 38700000 reads
2019-05-01 18:18:25,121 INFO Parsed 38800000 reads
2019-05-01 18:18:26,307 INFO Parsed 38900000 reads
2019-05-01 18:18:27,492 INFO Parsed 39000000 reads
2019-05-01 18:18:28,676 INFO Parsed 39100000 reads
2019-05-01 18:18:29,862 INFO Parsed 39200000 reads
2019-05-01 18:18:31,047 INFO Parsed 39300000 reads
2019-05-01 18:18:32,235 INFO Parsed 39400000 reads
2019-05-01 18:18:33,420 INFO Parsed 39500000 reads
2019-05-01 18:18:34,603 INFO Parsed 39600000 reads
2019-05-01 18:18:35,786 INFO Parsed 39700000 reads
2019-05-01 18:18:36,968 INFO Parsed 39800000 reads
2019-05-01 18:18:38,152 INFO Parsed 39900000 reads
2019-05-01 18:18:39,334 INFO Parsed 40000000 reads
2019-05-01 18:18:40,514 INFO Parsed 40100000 reads
2019-05-01 18:18:41,695 INFO Parsed 40200000 reads
2019-05-01 18:18:42,876 INFO Parsed 40300000 reads
2019-05-01 18:18:44,057 INFO Parsed 40400000 reads
2019-05-01 18:18:45,241 INFO Parsed 40500000 reads
2019-05-01 18:18:46,421 INFO Parsed 40600000 reads
2019-05-01 18:18:47,601 INFO Parsed 40700000 reads
2019-05-01 18:18:48,784 INFO Parsed 40800000 reads
2019-05-01 18:18:49,966 INFO Parsed 40900000 reads
2019-05-01 18:18:51,148 INFO Parsed 41000000 reads
2019-05-01 18:18:52,329 INFO Parsed 41100000 reads
2019-05-01 18:18:53,511 INFO Parsed 41200000 reads
2019-05-01 18:18:54,692 INFO Parsed 41300000 reads
2019-05-01 18:18:55,874 INFO Parsed 41400000 reads
2019-05-01 18:18:57,056 INFO Parsed 41500000 reads
2019-05-01 18:18:58,239 INFO Parsed 41600000 reads
2019-05-01 18:18:59,421 INFO Parsed 41700000 reads
2019-05-01 18:19:00,604 INFO Parsed 41800000 reads
2019-05-01 18:19:01,786 INFO Parsed 41900000 reads
2019-05-01 18:19:02,967 INFO Parsed 42000000 reads
2019-05-01 18:19:04,151 INFO Parsed 42100000 reads
2019-05-01 18:19:05,340 INFO Parsed 42200000 reads
2019-05-01 18:19:06,539 INFO Parsed 42300000 reads
2019-05-01 18:19:07,734 INFO Parsed 42400000 reads
2019-05-01 18:19:08,917 INFO Parsed 42500000 reads
2019-05-01 18:19:10,104 INFO Parsed 42600000 reads
2019-05-01 18:19:11,290 INFO Parsed 42700000 reads
2019-05-01 18:19:12,472 INFO Parsed 42800000 reads
2019-05-01 18:19:13,652 INFO Parsed 42900000 reads
2019-05-01 18:19:14,837 INFO Parsed 43000000 reads
2019-05-01 18:19:16,017 INFO Parsed 43100000 reads
2019-05-01 18:19:17,196 INFO Parsed 43200000 reads
2019-05-01 18:19:18,375 INFO Parsed 43300000 reads
2019-05-01 18:19:19,553 INFO Parsed 43400000 reads
2019-05-01 18:19:20,732 INFO Parsed 43500000 reads
2019-05-01 18:19:21,916 INFO Parsed 43600000 reads
2019-05-01 18:19:23,095 INFO Parsed 43700000 reads
2019-05-01 18:19:24,274 INFO Parsed 43800000 reads
2019-05-01 18:19:25,454 INFO Parsed 43900000 reads
2019-05-01 18:19:26,633 INFO Parsed 44000000 reads
2019-05-01 18:19:27,812 INFO Parsed 44100000 reads
2019-05-01 18:19:28,995 INFO Parsed 44200000 reads
2019-05-01 18:19:30,171 INFO Parsed 44300000 reads
2019-05-01 18:19:31,353 INFO Parsed 44400000 reads
2019-05-01 18:19:32,535 INFO Parsed 44500000 reads
2019-05-01 18:19:33,715 INFO Parsed 44600000 reads
2019-05-01 18:19:34,894 INFO Parsed 44700000 reads
2019-05-01 18:19:36,075 INFO Parsed 44800000 reads
2019-05-01 18:19:37,254 INFO Parsed 44900000 reads
2019-05-01 18:19:38,433 INFO Parsed 45000000 reads
2019-05-01 18:19:39,610 INFO Parsed 45100000 reads
2019-05-01 18:19:40,790 INFO Parsed 45200000 reads
2019-05-01 18:19:41,967 INFO Parsed 45300000 reads
2019-05-01 18:19:43,147 INFO Parsed 45400000 reads
2019-05-01 18:19:44,327 INFO Parsed 45500000 reads
2019-05-01 18:19:45,504 INFO Parsed 45600000 reads
2019-05-01 18:19:46,684 INFO Parsed 45700000 reads
2019-05-01 18:19:47,945 INFO Parsed 45800000 reads
2019-05-01 18:19:49,137 INFO Parsed 45900000 reads
2019-05-01 18:19:50,320 INFO Parsed 46000000 reads
2019-05-01 18:19:51,498 INFO Parsed 46100000 reads
2019-05-01 18:19:52,677 INFO Parsed 46200000 reads
2019-05-01 18:19:53,853 INFO Parsed 46300000 reads
2019-05-01 18:19:55,030 INFO Parsed 46400000 reads
2019-05-01 18:19:56,208 INFO Parsed 46500000 reads
2019-05-01 18:19:57,385 INFO Parsed 46600000 reads
2019-05-01 18:19:58,561 INFO Parsed 46700000 reads
2019-05-01 18:19:59,739 INFO Parsed 46800000 reads
2019-05-01 18:20:00,917 INFO Parsed 46900000 reads
2019-05-01 18:20:02,095 INFO Parsed 47000000 reads
2019-05-01 18:20:03,272 INFO Parsed 47100000 reads
2019-05-01 18:20:04,449 INFO Parsed 47200000 reads
2019-05-01 18:20:05,628 INFO Parsed 47300000 reads
2019-05-01 18:20:06,807 INFO Parsed 47400000 reads
2019-05-01 18:20:07,984 INFO Parsed 47500000 reads
2019-05-01 18:20:09,163 INFO Parsed 47600000 reads
2019-05-01 18:20:10,339 INFO Parsed 47700000 reads
2019-05-01 18:20:11,517 INFO Parsed 47800000 reads
2019-05-01 18:20:12,693 INFO Parsed 47900000 reads
2019-05-01 18:20:13,873 INFO Parsed 48000000 reads
2019-05-01 18:20:15,053 INFO Parsed 48100000 reads
2019-05-01 18:20:16,240 INFO Parsed 48200000 reads
2019-05-01 18:20:17,421 INFO Parsed 48300000 reads
2019-05-01 18:20:18,603 INFO Parsed 48400000 reads
2019-05-01 18:20:19,789 INFO Parsed 48500000 reads
2019-05-01 18:20:20,974 INFO Parsed 48600000 reads
2019-05-01 18:20:22,155 INFO Parsed 48700000 reads
2019-05-01 18:20:23,338 INFO Parsed 48800000 reads
2019-05-01 18:20:24,519 INFO Parsed 48900000 reads
2019-05-01 18:20:25,702 INFO Parsed 49000000 reads
2019-05-01 18:20:26,884 INFO Parsed 49100000 reads
2019-05-01 18:20:28,067 INFO Parsed 49200000 reads
2019-05-01 18:20:29,250 INFO Parsed 49300000 reads
2019-05-01 18:20:30,430 INFO Parsed 49400000 reads
2019-05-01 18:20:31,609 INFO Parsed 49500000 reads
2019-05-01 18:20:32,789 INFO Parsed 49600000 reads
2019-05-01 18:20:33,967 INFO Parsed 49700000 reads
2019-05-01 18:20:35,148 INFO Parsed 49800000 reads
2019-05-01 18:20:36,329 INFO Parsed 49900000 reads
2019-05-01 18:20:37,509 INFO Parsed 50000000 reads
2019-05-01 18:20:38,686 INFO Parsed 50100000 reads
2019-05-01 18:20:39,866 INFO Parsed 50200000 reads
2019-05-01 18:20:41,053 INFO Parsed 50300000 reads
2019-05-01 18:20:42,236 INFO Parsed 50400000 reads
2019-05-01 18:20:43,416 INFO Parsed 50500000 reads
2019-05-01 18:20:44,599 INFO Parsed 50600000 reads
2019-05-01 18:20:45,781 INFO Parsed 50700000 reads
2019-05-01 18:20:46,966 INFO Parsed 50800000 reads
2019-05-01 18:20:48,149 INFO Parsed 50900000 reads
2019-05-01 18:20:49,330 INFO Parsed 51000000 reads
2019-05-01 18:20:50,510 INFO Parsed 51100000 reads
2019-05-01 18:20:51,693 INFO Parsed 51200000 reads
2019-05-01 18:20:52,873 INFO Parsed 51300000 reads
2019-05-01 18:20:54,059 INFO Parsed 51400000 reads
2019-05-01 18:20:55,239 INFO Parsed 51500000 reads
2019-05-01 18:20:56,439 INFO Parsed 51600000 reads
2019-05-01 18:20:57,696 INFO Parsed 51700000 reads
2019-05-01 18:20:58,923 INFO Parsed 51800000 reads
2019-05-01 18:21:00,186 INFO Parsed 51900000 reads
2019-05-01 18:21:01,448 INFO Parsed 52000000 reads
2019-05-01 18:21:02,708 INFO Parsed 52100000 reads
2019-05-01 18:21:03,969 INFO Parsed 52200000 reads
2019-05-01 18:21:05,231 INFO Parsed 52300000 reads
2019-05-01 18:21:06,492 INFO Parsed 52400000 reads
2019-05-01 18:21:07,755 INFO Parsed 52500000 reads
2019-05-01 18:21:08,955 INFO Parsed 52600000 reads
2019-05-01 18:21:10,141 INFO Parsed 52700000 reads
2019-05-01 18:21:11,325 INFO Parsed 52800000 reads
2019-05-01 18:21:12,506 INFO Parsed 52900000 reads
2019-05-01 18:21:13,687 INFO Parsed 53000000 reads
2019-05-01 18:21:14,865 INFO Parsed 53100000 reads
2019-05-01 18:21:16,042 INFO Parsed 53200000 reads
2019-05-01 18:21:17,223 INFO Parsed 53300000 reads
2019-05-01 18:21:18,400 INFO Parsed 53400000 reads
2019-05-01 18:21:19,581 INFO Parsed 53500000 reads
2019-05-01 18:21:20,760 INFO Parsed 53600000 reads
2019-05-01 18:21:21,936 INFO Parsed 53700000 reads
2019-05-01 18:21:23,113 INFO Parsed 53800000 reads
2019-05-01 18:21:24,288 INFO Parsed 53900000 reads
2019-05-01 18:21:25,465 INFO Parsed 54000000 reads
2019-05-01 18:21:26,640 INFO Parsed 54100000 reads
2019-05-01 18:21:27,817 INFO Parsed 54200000 reads
2019-05-01 18:21:28,993 INFO Parsed 54300000 reads
2019-05-01 18:21:30,169 INFO Parsed 54400000 reads
2019-05-01 18:21:31,345 INFO Parsed 54500000 reads
2019-05-01 18:21:32,523 INFO Parsed 54600000 reads
2019-05-01 18:21:33,700 INFO Parsed 54700000 reads
2019-05-01 18:21:34,879 INFO Parsed 54800000 reads
2019-05-01 18:21:36,057 INFO Parsed 54900000 reads
2019-05-01 18:21:37,235 INFO Parsed 55000000 reads
2019-05-01 18:21:38,411 INFO Parsed 55100000 reads
2019-05-01 18:21:39,590 INFO Parsed 55200000 reads
2019-05-01 18:21:40,768 INFO Parsed 55300000 reads
2019-05-01 18:21:41,946 INFO Parsed 55400000 reads
2019-05-01 18:21:43,122 INFO Parsed 55500000 reads
2019-05-01 18:21:44,302 INFO Parsed 55600000 reads
2019-05-01 18:21:45,485 INFO Parsed 55700000 reads
2019-05-01 18:21:46,664 INFO Parsed 55800000 reads
2019-05-01 18:21:47,842 INFO Parsed 55900000 reads
2019-05-01 18:21:49,021 INFO Parsed 56000000 reads
2019-05-01 18:21:50,202 INFO Parsed 56100000 reads
2019-05-01 18:21:51,386 INFO Parsed 56200000 reads
2019-05-01 18:21:52,564 INFO Parsed 56300000 reads
2019-05-01 18:21:53,743 INFO Parsed 56400000 reads
2019-05-01 18:21:54,922 INFO Parsed 56500000 reads
2019-05-01 18:21:56,102 INFO Parsed 56600000 reads
2019-05-01 18:21:57,279 INFO Parsed 56700000 reads
2019-05-01 18:21:58,464 INFO Parsed 56800000 reads
2019-05-01 18:21:59,650 INFO Parsed 56900000 reads
2019-05-01 18:22:00,835 INFO Parsed 57000000 reads
2019-05-01 18:22:02,019 INFO Parsed 57100000 reads
2019-05-01 18:22:03,201 INFO Parsed 57200000 reads
2019-05-01 18:22:04,384 INFO Parsed 57300000 reads
2019-05-01 18:22:05,569 INFO Parsed 57400000 reads
2019-05-01 18:22:06,751 INFO Parsed 57500000 reads
2019-05-01 18:22:07,931 INFO Parsed 57600000 reads
2019-05-01 18:22:09,111 INFO Parsed 57700000 reads
2019-05-01 18:22:10,292 INFO Parsed 57800000 reads
2019-05-01 18:22:11,478 INFO Parsed 57900000 reads
2019-05-01 18:22:12,660 INFO Parsed 58000000 reads
2019-05-01 18:22:13,843 INFO Parsed 58100000 reads
2019-05-01 18:22:15,028 INFO Parsed 58200000 reads
2019-05-01 18:22:16,209 INFO Parsed 58300000 reads
2019-05-01 18:22:17,389 INFO Parsed 58400000 reads
2019-05-01 18:22:18,570 INFO Parsed 58500000 reads
2019-05-01 18:22:19,753 INFO Parsed 58600000 reads
2019-05-01 18:22:20,936 INFO Parsed 58700000 reads
2019-05-01 18:22:22,116 INFO Parsed 58800000 reads
2019-05-01 18:22:23,295 INFO Parsed 58900000 reads
2019-05-01 18:22:24,472 INFO Parsed 59000000 reads
2019-05-01 18:22:25,647 INFO Parsed 59100000 reads
2019-05-01 18:22:26,824 INFO Parsed 59200000 reads
2019-05-01 18:22:28,001 INFO Parsed 59300000 reads
2019-05-01 18:22:29,177 INFO Parsed 59400000 reads
2019-05-01 18:22:30,353 INFO Parsed 59500000 reads
2019-05-01 18:22:31,531 INFO Parsed 59600000 reads
2019-05-01 18:22:32,705 INFO Parsed 59700000 reads
2019-05-01 18:22:33,882 INFO Parsed 59800000 reads
2019-05-01 18:22:35,057 INFO Parsed 59900000 reads
2019-05-01 18:22:36,233 INFO Parsed 60000000 reads
2019-05-01 18:22:37,409 INFO Parsed 60100000 reads
2019-05-01 18:22:38,586 INFO Parsed 60200000 reads
2019-05-01 18:22:39,761 INFO Parsed 60300000 reads
2019-05-01 18:22:40,938 INFO Parsed 60400000 reads
2019-05-01 18:22:42,116 INFO Parsed 60500000 reads
2019-05-01 18:22:43,293 INFO Parsed 60600000 reads
2019-05-01 18:22:44,468 INFO Parsed 60700000 reads
2019-05-01 18:22:45,646 INFO Parsed 60800000 reads
2019-05-01 18:22:46,823 INFO Parsed 60900000 reads
2019-05-01 18:22:48,003 INFO Parsed 61000000 reads
2019-05-01 18:22:49,180 INFO Parsed 61100000 reads
2019-05-01 18:22:50,357 INFO Parsed 61200000 reads
2019-05-01 18:22:51,534 INFO Parsed 61300000 reads
2019-05-01 18:22:52,711 INFO Parsed 61400000 reads
2019-05-01 18:22:53,889 INFO Parsed 61500000 reads
2019-05-01 18:22:55,071 INFO Parsed 61600000 reads
2019-05-01 18:22:56,250 INFO Parsed 61700000 reads
2019-05-01 18:22:57,428 INFO Parsed 61800000 reads
2019-05-01 18:22:58,610 INFO Parsed 61900000 reads
2019-05-01 18:22:59,791 INFO Parsed 62000000 reads
2019-05-01 18:23:00,973 INFO Parsed 62100000 reads
2019-05-01 18:23:02,155 INFO Parsed 62200000 reads
2019-05-01 18:23:03,335 INFO Parsed 62300000 reads
2019-05-01 18:23:04,513 INFO Parsed 62400000 reads
2019-05-01 18:23:05,691 INFO Parsed 62500000 reads
2019-05-01 18:23:06,870 INFO Parsed 62600000 reads
2019-05-01 18:23:08,050 INFO Parsed 62700000 reads
2019-05-01 18:23:09,228 INFO Parsed 62800000 reads
2019-05-01 18:23:10,405 INFO Parsed 62900000 reads
2019-05-01 18:23:11,586 INFO Parsed 63000000 reads
2019-05-01 18:23:12,768 INFO Parsed 63100000 reads
2019-05-01 18:23:13,949 INFO Parsed 63200000 reads
2019-05-01 18:23:15,130 INFO Parsed 63300000 reads
2019-05-01 18:23:16,314 INFO Parsed 63400000 reads
2019-05-01 18:23:17,495 INFO Parsed 63500000 reads
2019-05-01 18:23:18,677 INFO Parsed 63600000 reads
2019-05-01 18:23:19,855 INFO Parsed 63700000 reads
2019-05-01 18:23:21,034 INFO Parsed 63800000 reads
2019-05-01 18:23:22,212 INFO Parsed 63900000 reads
2019-05-01 18:23:23,391 INFO Parsed 64000000 reads
2019-05-01 18:23:24,569 INFO Parsed 64100000 reads
2019-05-01 18:23:25,747 INFO Parsed 64200000 reads
2019-05-01 18:23:26,927 INFO Parsed 64300000 reads
2019-05-01 18:23:28,108 INFO Parsed 64400000 reads
2019-05-01 18:23:29,284 INFO Parsed 64500000 reads
2019-05-01 18:23:30,462 INFO Parsed 64600000 reads
2019-05-01 18:23:31,642 INFO Parsed 64700000 reads
2019-05-01 18:23:32,819 INFO Parsed 64800000 reads
2019-05-01 18:23:33,994 INFO Parsed 64900000 reads
2019-05-01 18:23:35,171 INFO Parsed 65000000 reads
2019-05-01 18:23:36,348 INFO Parsed 65100000 reads
2019-05-01 18:23:37,525 INFO Parsed 65200000 reads
2019-05-01 18:23:38,701 INFO Parsed 65300000 reads
2019-05-01 18:23:39,882 INFO Parsed 65400000 reads
2019-05-01 18:23:41,058 INFO Parsed 65500000 reads
2019-05-01 18:23:42,234 INFO Parsed 65600000 reads
2019-05-01 18:23:43,411 INFO Parsed 65700000 reads
2019-05-01 18:23:44,592 INFO Parsed 65800000 reads
2019-05-01 18:23:45,769 INFO Parsed 65900000 reads
2019-05-01 18:23:46,946 INFO Parsed 66000000 reads
2019-05-01 18:23:48,123 INFO Parsed 66100000 reads
2019-05-01 18:23:49,152 INFO Starting - whitelist determination
2019-05-01 18:23:56,016 DEBUG findfont: Matching :family=sans-serif:style=normal:variant=normal:weight=normal:stretch=normal:size=10.0 to DejaVu Sans ('/data/users/jgilet/.local/python3.6/vEnv3.6/pySCENIC/lib/python3.6/site-packages/matplotlib/mpl-data/fonts/ttf/DejaVuSans.ttf') with score of 0.050000
2019-05-01 18:24:05,214 DEBUG findfont: Matching :family=STIXGeneral:style=normal:variant=normal:weight=normal:stretch=normal:size=10.0 to STIXGeneral ('/data/users/jgilet/.local/python3.6/vEnv3.6/pySCENIC/lib/python3.6/site-packages/matplotlib/mpl-data/fonts/ttf/STIXGeneral.ttf') with score of 0.050000
2019-05-01 18:24:05,218 DEBUG findfont: Matching :family=STIXGeneral:style=italic:variant=normal:weight=normal:stretch=normal:size=10.0 to STIXGeneral ('/data/users/jgilet/.local/python3.6/vEnv3.6/pySCENIC/lib/python3.6/site-packages/matplotlib/mpl-data/fonts/ttf/STIXGeneralItalic.ttf') with score of 0.050000
2019-05-01 18:24:05,219 DEBUG findfont: Matching :family=STIXGeneral:style=normal:variant=normal:weight=bold:stretch=normal:size=10.0 to STIXGeneral ('/data/users/jgilet/.local/python3.6/vEnv3.6/pySCENIC/lib/python3.6/site-packages/matplotlib/mpl-data/fonts/ttf/STIXGeneralBol.ttf') with score of 0.000000
2019-05-01 18:24:05,222 DEBUG findfont: Matching :family=STIXNonUnicode:style=normal:variant=normal:weight=normal:stretch=normal:size=10.0 to STIXNonUnicode ('/data/users/jgilet/.local/python3.6/vEnv3.6/pySCENIC/lib/python3.6/site-packages/matplotlib/mpl-data/fonts/ttf/STIXNonUni.ttf') with score of 0.050000
2019-05-01 18:24:05,225 DEBUG findfont: Matching :family=STIXNonUnicode:style=italic:variant=normal:weight=normal:stretch=normal:size=10.0 to STIXNonUnicode ('/data/users/jgilet/.local/python3.6/vEnv3.6/pySCENIC/lib/python3.6/site-packages/matplotlib/mpl-data/fonts/ttf/STIXNonUniIta.ttf') with score of 0.050000
2019-05-01 18:24:05,226 DEBUG findfont: Matching :family=STIXNonUnicode:style=normal:variant=normal:weight=bold:stretch=normal:size=10.0 to STIXNonUnicode ('/data/users/jgilet/.local/python3.6/vEnv3.6/pySCENIC/lib/python3.6/site-packages/matplotlib/mpl-data/fonts/ttf/STIXNonUniBol.ttf') with score of 0.000000
2019-05-01 18:24:05,229 DEBUG findfont: Matching :family=STIXSizeOneSym:style=normal:variant=normal:weight=normal:stretch=normal:size=10.0 to STIXSizeOneSym ('/data/users/jgilet/.local/python3.6/vEnv3.6/pySCENIC/lib/python3.6/site-packages/matplotlib/mpl-data/fonts/ttf/STIXSizOneSymReg.ttf') with score of 0.050000
2019-05-01 18:24:05,232 DEBUG findfont: Matching :family=STIXSizeTwoSym:style=normal:variant=normal:weight=normal:stretch=normal:size=10.0 to STIXSizeTwoSym ('/data/users/jgilet/.local/python3.6/vEnv3.6/pySCENIC/lib/python3.6/site-packages/matplotlib/mpl-data/fonts/ttf/STIXSizTwoSymReg.ttf') with score of 0.050000
2019-05-01 18:24:05,235 DEBUG findfont: Matching :family=STIXSizeThreeSym:style=normal:variant=normal:weight=normal:stretch=normal:size=10.0 to STIXSizeThreeSym ('/data/users/jgilet/.local/python3.6/vEnv3.6/pySCENIC/lib/python3.6/site-packages/matplotlib/mpl-data/fonts/ttf/STIXSizThreeSymReg.ttf') with score of 0.050000
2019-05-01 18:24:05,238 DEBUG findfont: Matching :family=STIXSizeFourSym:style=normal:variant=normal:weight=normal:stretch=normal:size=10.0 to STIXSizeFourSym ('/data/users/jgilet/.local/python3.6/vEnv3.6/pySCENIC/lib/python3.6/site-packages/matplotlib/mpl-data/fonts/ttf/STIXSizFourSymReg.ttf') with score of 0.050000
2019-05-01 18:24:05,240 DEBUG findfont: Matching :family=STIXSizeFiveSym:style=normal:variant=normal:weight=normal:stretch=normal:size=10.0 to STIXSizeFiveSym ('/data/users/jgilet/.local/python3.6/vEnv3.6/pySCENIC/lib/python3.6/site-packages/matplotlib/mpl-data/fonts/ttf/STIXSizFiveSymReg.ttf') with score of 0.050000
2019-05-01 18:24:05,244 DEBUG findfont: Matching :family=cmsy10:style=normal:variant=normal:weight=normal:stretch=normal:size=10.0 to cmsy10 ('/data/users/jgilet/.local/python3.6/vEnv3.6/pySCENIC/lib/python3.6/site-packages/matplotlib/mpl-data/fonts/ttf/cmsy10.ttf') with score of 0.050000
2019-05-01 18:24:05,246 DEBUG findfont: Matching :family=cmr10:style=normal:variant=normal:weight=normal:stretch=normal:size=10.0 to cmr10 ('/data/users/jgilet/.local/python3.6/vEnv3.6/pySCENIC/lib/python3.6/site-packages/matplotlib/mpl-data/fonts/ttf/cmr10.ttf') with score of 0.050000
2019-05-01 18:24:05,249 DEBUG findfont: Matching :family=cmtt10:style=normal:variant=normal:weight=normal:stretch=normal:size=10.0 to cmtt10 ('/data/users/jgilet/.local/python3.6/vEnv3.6/pySCENIC/lib/python3.6/site-packages/matplotlib/mpl-data/fonts/ttf/cmtt10.ttf') with score of 0.050000
2019-05-01 18:24:05,251 DEBUG findfont: Matching :family=cmmi10:style=normal:variant=normal:weight=normal:stretch=normal:size=10.0 to cmmi10 ('/data/users/jgilet/.local/python3.6/vEnv3.6/pySCENIC/lib/python3.6/site-packages/matplotlib/mpl-data/fonts/ttf/cmmi10.ttf') with score of 0.050000
2019-05-01 18:24:05,254 DEBUG findfont: Matching :family=cmb10:style=normal:variant=normal:weight=normal:stretch=normal:size=10.0 to cmb10 ('/data/users/jgilet/.local/python3.6/vEnv3.6/pySCENIC/lib/python3.6/site-packages/matplotlib/mpl-data/fonts/ttf/cmb10.ttf') with score of 0.050000
2019-05-01 18:24:05,257 DEBUG findfont: Matching :family=cmss10:style=normal:variant=normal:weight=normal:stretch=normal:size=10.0 to cmss10 ('/data/users/jgilet/.local/python3.6/vEnv3.6/pySCENIC/lib/python3.6/site-packages/matplotlib/mpl-data/fonts/ttf/cmss10.ttf') with score of 0.050000
2019-05-01 18:24:05,259 DEBUG findfont: Matching :family=cmex10:style=normal:variant=normal:weight=normal:stretch=normal:size=10.0 to cmex10 ('/data/users/jgilet/.local/python3.6/vEnv3.6/pySCENIC/lib/python3.6/site-packages/matplotlib/mpl-data/fonts/ttf/cmex10.ttf') with score of 0.050000
2019-05-01 18:24:05,262 DEBUG findfont: Matching :family=DejaVu Sans:style=normal:variant=normal:weight=normal:stretch=normal:size=10.0 to DejaVu Sans ('/data/users/jgilet/.local/python3.6/vEnv3.6/pySCENIC/lib/python3.6/site-packages/matplotlib/mpl-data/fonts/ttf/DejaVuSans.ttf') with score of 0.050000
2019-05-01 18:24:05,264 DEBUG findfont: Matching :family=DejaVu Sans:style=italic:variant=normal:weight=normal:stretch=normal:size=10.0 to DejaVu Sans ('/data/users/jgilet/.local/python3.6/vEnv3.6/pySCENIC/lib/python3.6/site-packages/matplotlib/mpl-data/fonts/ttf/DejaVuSans-Oblique.ttf') with score of 0.150000
2019-05-01 18:24:05,265 DEBUG findfont: Matching :family=DejaVu Sans:style=normal:variant=normal:weight=bold:stretch=normal:size=10.0 to DejaVu Sans ('/data/users/jgilet/.local/python3.6/vEnv3.6/pySCENIC/lib/python3.6/site-packages/matplotlib/mpl-data/fonts/ttf/DejaVuSans-Bold.ttf') with score of 0.000000
2019-05-01 18:24:05,268 DEBUG findfont: Matching :family=DejaVu Sans Mono:style=normal:variant=normal:weight=normal:stretch=normal:size=10.0 to DejaVu Sans Mono ('/data/users/jgilet/.local/python3.6/vEnv3.6/pySCENIC/lib/python3.6/site-packages/matplotlib/mpl-data/fonts/ttf/DejaVuSansMono.ttf') with score of 0.050000
2019-05-01 18:24:05,271 DEBUG findfont: Matching :family=DejaVu Sans Display:style=normal:variant=normal:weight=normal:stretch=normal:size=10.0 to DejaVu Sans Display ('/data/users/jgilet/.local/python3.6/vEnv3.6/pySCENIC/lib/python3.6/site-packages/matplotlib/mpl-data/fonts/ttf/DejaVuSansDisplay.ttf') with score of 0.050000
2019-05-01 18:24:08,611 INFO Finished - whitelist determination
2019-05-01 18:24:08,611 INFO Starting - finding putative error cell barcodes
2019-05-01 18:25:50,861 INFO Finished - finding putative error cell barcodes
2019-05-01 18:25:50,862 INFO Writing out whitelist
2019-05-01 18:25:50,920 INFO Parsed 66187366 reads
2019-05-01 18:25:50,920 INFO 66187366 reads matched the barcode pattern
2019-05-01 18:25:50,920 INFO Found 533545 unique cell barcodes
# job finished in 907 seconds at Wed May  1 18:25:50 2019 -- 907.90  5.79  0.00  0.00 -- 66e73a6d-845e-408d-95f2-061bcababc93
# output generated by whitelist --stdin fastq/pbmc_1k_v2_trimmed_R1.fastq.gz --bc-pattern=CCCCCCCCCCCCCCCCNNNNNNNNNN --expect-cells=1500 -L logs/umiWhitelistpbmc_1k_v2.log --verbose=2 --plot-prefix=cell_calling/filteringPlot_pbmc_1k_v2
# job started at Thu May  2 11:26:42 2019 on u932-ulm-2-57030120-6476.curie.fr -- 83e0f1e1-6869-4adc-812f-dc998aed8f5e
# pid: 33401, system: Linux 3.10.0-862.3.2.el7.x86_64 #1 SMP Mon May 21 23:36:36 UTC 2018 x86_64
# blacklist_tsv                           : None
# cell_number                             : False
# compresslevel                           : 6
# error_correct_threshold                 : 1
# expect_cells                            : 1500
# extract_method                          : string
# filter_cell_barcodes                    : False
# log2stderr                              : False
# loglevel                                : 2
# method                                  : reads
# pattern                                 : CCCCCCCCCCCCCCCCNNNNNNNNNN
# pattern2                                : None
# plot_prefix                             : cell_calling/filteringPlot_pbmc_1k_v2
# prime3                                  : None
# random_seed                             : None
# read2_in                                : None
# short_help                              : None
# stderr                                  : <_io.TextIOWrapper name='<stderr>' mode='w' encoding='UTF-8'>
# stdin                                   : <_io.TextIOWrapper name='fastq/pbmc_1k_v2_trimmed_R1.fastq.gz' encoding='ascii'>
# stdlog                                  : <_io.TextIOWrapper name='logs/umiWhitelistpbmc_1k_v2.log' mode='a' encoding='UTF-8'>
# stdout                                  : <_io.TextIOWrapper name='<stdout>' mode='w' encoding='UTF-8'>
# subset_reads                            : 100000000
# timeit_file                             : None
# timeit_header                           : None
# timeit_name                             : all
# whitelist_tsv                           : None
2019-05-02 11:26:42,488 INFO Starting barcode extraction
2019-05-02 11:26:42,488 INFO Parsed 0 reads
2019-05-02 11:26:43,683 INFO Parsed 100000 reads
2019-05-02 11:26:44,891 INFO Parsed 200000 reads
2019-05-02 11:26:46,103 INFO Parsed 300000 reads
2019-05-02 11:26:47,319 INFO Parsed 400000 reads
2019-05-02 11:26:48,532 INFO Parsed 500000 reads
2019-05-02 11:26:49,742 INFO Parsed 600000 reads
2019-05-02 11:26:50,956 INFO Parsed 700000 reads
2019-05-02 11:26:52,170 INFO Parsed 800000 reads
2019-05-02 11:26:53,379 INFO Parsed 900000 reads
2019-05-02 11:26:54,585 INFO Parsed 1000000 reads
2019-05-02 11:26:55,796 INFO Parsed 1100000 reads
2019-05-02 11:26:57,010 INFO Parsed 1200000 reads
2019-05-02 11:26:58,214 INFO Parsed 1300000 reads
2019-05-02 11:26:59,420 INFO Parsed 1400000 reads
2019-05-02 11:27:00,627 INFO Parsed 1500000 reads
2019-05-02 11:27:01,838 INFO Parsed 1600000 reads
2019-05-02 11:27:03,049 INFO Parsed 1700000 reads
2019-05-02 11:27:04,259 INFO Parsed 1800000 reads
2019-05-02 11:27:05,471 INFO Parsed 1900000 reads
2019-05-02 11:27:06,675 INFO Parsed 2000000 reads
2019-05-02 11:27:07,875 INFO Parsed 2100000 reads
2019-05-02 11:27:09,097 INFO Parsed 2200000 reads
2019-05-02 11:27:10,305 INFO Parsed 2300000 reads
2019-05-02 11:27:11,514 INFO Parsed 2400000 reads
2019-05-02 11:27:12,725 INFO Parsed 2500000 reads
2019-05-02 11:27:13,929 INFO Parsed 2600000 reads
2019-05-02 11:27:15,131 INFO Parsed 2700000 reads
2019-05-02 11:27:16,333 INFO Parsed 2800000 reads
2019-05-02 11:27:17,534 INFO Parsed 2900000 reads
2019-05-02 11:27:18,735 INFO Parsed 3000000 reads
2019-05-02 11:27:19,936 INFO Parsed 3100000 reads
2019-05-02 11:27:21,146 INFO Parsed 3200000 reads
2019-05-02 11:27:22,354 INFO Parsed 3300000 reads
2019-05-02 11:27:23,560 INFO Parsed 3400000 reads
2019-05-02 11:27:24,761 INFO Parsed 3500000 reads
2019-05-02 11:27:25,968 INFO Parsed 3600000 reads
2019-05-02 11:27:27,175 INFO Parsed 3700000 reads
2019-05-02 11:27:28,378 INFO Parsed 3800000 reads
2019-05-02 11:27:29,579 INFO Parsed 3900000 reads
2019-05-02 11:27:30,782 INFO Parsed 4000000 reads
2019-05-02 11:27:31,985 INFO Parsed 4100000 reads
2019-05-02 11:27:33,189 INFO Parsed 4200000 reads
2019-05-02 11:27:34,392 INFO Parsed 4300000 reads
2019-05-02 11:27:35,601 INFO Parsed 4400000 reads
2019-05-02 11:27:36,804 INFO Parsed 4500000 reads
2019-05-02 11:27:38,010 INFO Parsed 4600000 reads
2019-05-02 11:27:39,221 INFO Parsed 4700000 reads
2019-05-02 11:27:40,422 INFO Parsed 4800000 reads
2019-05-02 11:27:41,633 INFO Parsed 4900000 reads
2019-05-02 11:27:42,843 INFO Parsed 5000000 reads
2019-05-02 11:27:44,293 INFO Parsed 5100000 reads
2019-05-02 11:27:46,603 INFO Parsed 5200000 reads
2019-05-02 11:27:48,288 INFO Parsed 5300000 reads
2019-05-02 11:27:49,493 INFO Parsed 5400000 reads
2019-05-02 11:27:50,702 INFO Parsed 5500000 reads
2019-05-02 11:27:51,908 INFO Parsed 5600000 reads
2019-05-02 11:27:53,114 INFO Parsed 5700000 reads
2019-05-02 11:27:54,324 INFO Parsed 5800000 reads
2019-05-02 11:27:55,525 INFO Parsed 5900000 reads
2019-05-02 11:27:56,735 INFO Parsed 6000000 reads
2019-05-02 11:27:57,940 INFO Parsed 6100000 reads
2019-05-02 11:27:59,144 INFO Parsed 6200000 reads
2019-05-02 11:28:00,349 INFO Parsed 6300000 reads
2019-05-02 11:28:01,557 INFO Parsed 6400000 reads
2019-05-02 11:28:02,764 INFO Parsed 6500000 reads
2019-05-02 11:28:03,970 INFO Parsed 6600000 reads
2019-05-02 11:28:05,174 INFO Parsed 6700000 reads
2019-05-02 11:28:06,383 INFO Parsed 6800000 reads
2019-05-02 11:28:07,590 INFO Parsed 6900000 reads
2019-05-02 11:28:08,798 INFO Parsed 7000000 reads
2019-05-02 11:28:10,014 INFO Parsed 7100000 reads
2019-05-02 11:28:11,227 INFO Parsed 7200000 reads
2019-05-02 11:28:12,434 INFO Parsed 7300000 reads
2019-05-02 11:28:13,639 INFO Parsed 7400000 reads
2019-05-02 11:28:14,844 INFO Parsed 7500000 reads
2019-05-02 11:28:16,050 INFO Parsed 7600000 reads
2019-05-02 11:28:17,251 INFO Parsed 7700000 reads
2019-05-02 11:28:18,460 INFO Parsed 7800000 reads
2019-05-02 11:28:19,667 INFO Parsed 7900000 reads
2019-05-02 11:28:20,868 INFO Parsed 8000000 reads
2019-05-02 11:28:22,072 INFO Parsed 8100000 reads
2019-05-02 11:28:23,276 INFO Parsed 8200000 reads
2019-05-02 11:28:24,477 INFO Parsed 8300000 reads
2019-05-02 11:28:25,680 INFO Parsed 8400000 reads
2019-05-02 11:28:26,888 INFO Parsed 8500000 reads
2019-05-02 11:28:28,093 INFO Parsed 8600000 reads
2019-05-02 11:28:29,297 INFO Parsed 8700000 reads
2019-05-02 11:28:30,519 INFO Parsed 8800000 reads
2019-05-02 11:28:31,725 INFO Parsed 8900000 reads
2019-05-02 11:28:32,939 INFO Parsed 9000000 reads
2019-05-02 11:28:34,146 INFO Parsed 9100000 reads
2019-05-02 11:28:35,349 INFO Parsed 9200000 reads
2019-05-02 11:28:36,549 INFO Parsed 9300000 reads
2019-05-02 11:28:37,750 INFO Parsed 9400000 reads
2019-05-02 11:28:38,952 INFO Parsed 9500000 reads
2019-05-02 11:28:40,154 INFO Parsed 9600000 reads
2019-05-02 11:28:41,352 INFO Parsed 9700000 reads
2019-05-02 11:28:42,555 INFO Parsed 9800000 reads
2019-05-02 11:28:43,754 INFO Parsed 9900000 reads
2019-05-02 11:28:44,953 INFO Parsed 10000000 reads
2019-05-02 11:28:46,152 INFO Parsed 10100000 reads
2019-05-02 11:28:47,350 INFO Parsed 10200000 reads
2019-05-02 11:28:48,549 INFO Parsed 10300000 reads
2019-05-02 11:28:49,747 INFO Parsed 10400000 reads
2019-05-02 11:28:50,943 INFO Parsed 10500000 reads
2019-05-02 11:28:52,140 INFO Parsed 10600000 reads
2019-05-02 11:28:53,336 INFO Parsed 10700000 reads
2019-05-02 11:28:54,533 INFO Parsed 10800000 reads
2019-05-02 11:28:55,731 INFO Parsed 10900000 reads
2019-05-02 11:28:56,930 INFO Parsed 11000000 reads
2019-05-02 11:28:58,129 INFO Parsed 11100000 reads
2019-05-02 11:28:59,324 INFO Parsed 11200000 reads
2019-05-02 11:29:00,526 INFO Parsed 11300000 reads
2019-05-02 11:29:01,726 INFO Parsed 11400000 reads
2019-05-02 11:29:02,923 INFO Parsed 11500000 reads
2019-05-02 11:29:04,118 INFO Parsed 11600000 reads
2019-05-02 11:29:05,321 INFO Parsed 11700000 reads
2019-05-02 11:29:06,525 INFO Parsed 11800000 reads
2019-05-02 11:29:07,725 INFO Parsed 11900000 reads
2019-05-02 11:29:08,921 INFO Parsed 12000000 reads
2019-05-02 11:29:10,122 INFO Parsed 12100000 reads
2019-05-02 11:29:11,325 INFO Parsed 12200000 reads
2019-05-02 11:29:12,528 INFO Parsed 12300000 reads
2019-05-02 11:29:13,732 INFO Parsed 12400000 reads
2019-05-02 11:29:14,931 INFO Parsed 12500000 reads
2019-05-02 11:29:16,137 INFO Parsed 12600000 reads
2019-05-02 11:29:17,334 INFO Parsed 12700000 reads
2019-05-02 11:29:18,534 INFO Parsed 12800000 reads
2019-05-02 11:29:19,734 INFO Parsed 12900000 reads
2019-05-02 11:29:20,931 INFO Parsed 13000000 reads
2019-05-02 11:29:22,128 INFO Parsed 13100000 reads
2019-05-02 11:29:23,327 INFO Parsed 13200000 reads
2019-05-02 11:29:24,534 INFO Parsed 13300000 reads
2019-05-02 11:29:25,738 INFO Parsed 13400000 reads
2019-05-02 11:29:26,939 INFO Parsed 13500000 reads
2019-05-02 11:29:28,139 INFO Parsed 13600000 reads
2019-05-02 11:29:29,340 INFO Parsed 13700000 reads
2019-05-02 11:29:30,547 INFO Parsed 13800000 reads
2019-05-02 11:29:31,739 INFO Parsed 13900000 reads
2019-05-02 11:29:32,939 INFO Parsed 14000000 reads
2019-05-02 11:29:34,137 INFO Parsed 14100000 reads
2019-05-02 11:29:35,337 INFO Parsed 14200000 reads
2019-05-02 11:29:36,535 INFO Parsed 14300000 reads
2019-05-02 11:29:37,732 INFO Parsed 14400000 reads
2019-05-02 11:29:38,930 INFO Parsed 14500000 reads
2019-05-02 11:29:40,130 INFO Parsed 14600000 reads
2019-05-02 11:29:41,329 INFO Parsed 14700000 reads
2019-05-02 11:29:42,532 INFO Parsed 14800000 reads
2019-05-02 11:29:43,733 INFO Parsed 14900000 reads
2019-05-02 11:29:44,933 INFO Parsed 15000000 reads
2019-05-02 11:29:46,130 INFO Parsed 15100000 reads
2019-05-02 11:29:47,335 INFO Parsed 15200000 reads
2019-05-02 11:29:48,535 INFO Parsed 15300000 reads
2019-05-02 11:29:49,736 INFO Parsed 15400000 reads
2019-05-02 11:29:50,937 INFO Parsed 15500000 reads
2019-05-02 11:29:52,137 INFO Parsed 15600000 reads
2019-05-02 11:29:53,335 INFO Parsed 15700000 reads
2019-05-02 11:29:54,533 INFO Parsed 15800000 reads
2019-05-02 11:29:55,730 INFO Parsed 15900000 reads
2019-05-02 11:29:56,931 INFO Parsed 16000000 reads
2019-05-02 11:29:58,126 INFO Parsed 16100000 reads
2019-05-02 11:29:59,322 INFO Parsed 16200000 reads
2019-05-02 11:30:00,520 INFO Parsed 16300000 reads
2019-05-02 11:30:01,727 INFO Parsed 16400000 reads
2019-05-02 11:30:02,929 INFO Parsed 16500000 reads
2019-05-02 11:30:04,131 INFO Parsed 16600000 reads
2019-05-02 11:30:05,326 INFO Parsed 16700000 reads
2019-05-02 11:30:06,527 INFO Parsed 16800000 reads
2019-05-02 11:30:07,725 INFO Parsed 16900000 reads
2019-05-02 11:30:08,928 INFO Parsed 17000000 reads
2019-05-02 11:30:10,130 INFO Parsed 17100000 reads
2019-05-02 11:30:11,332 INFO Parsed 17200000 reads
2019-05-02 11:30:12,533 INFO Parsed 17300000 reads
2019-05-02 11:30:13,735 INFO Parsed 17400000 reads
2019-05-02 11:30:14,936 INFO Parsed 17500000 reads
2019-05-02 11:30:16,137 INFO Parsed 17600000 reads
2019-05-02 11:30:17,336 INFO Parsed 17700000 reads
2019-05-02 11:30:18,540 INFO Parsed 17800000 reads
2019-05-02 11:30:19,744 INFO Parsed 17900000 reads
2019-05-02 11:30:20,956 INFO Parsed 18000000 reads
2019-05-02 11:30:22,155 INFO Parsed 18100000 reads
2019-05-02 11:30:23,355 INFO Parsed 18200000 reads
2019-05-02 11:30:24,567 INFO Parsed 18300000 reads
2019-05-02 11:30:25,777 INFO Parsed 18400000 reads
2019-05-02 11:30:26,983 INFO Parsed 18500000 reads
2019-05-02 11:30:28,188 INFO Parsed 18600000 reads
2019-05-02 11:30:29,399 INFO Parsed 18700000 reads
2019-05-02 11:30:30,614 INFO Parsed 18800000 reads
2019-05-02 11:30:31,825 INFO Parsed 18900000 reads
2019-05-02 11:30:33,035 INFO Parsed 19000000 reads
2019-05-02 11:30:34,247 INFO Parsed 19100000 reads
2019-05-02 11:30:35,454 INFO Parsed 19200000 reads
2019-05-02 11:30:36,664 INFO Parsed 19300000 reads
2019-05-02 11:30:37,865 INFO Parsed 19400000 reads
2019-05-02 11:30:39,071 INFO Parsed 19500000 reads
2019-05-02 11:30:40,274 INFO Parsed 19600000 reads
2019-05-02 11:30:41,474 INFO Parsed 19700000 reads
2019-05-02 11:30:42,674 INFO Parsed 19800000 reads
2019-05-02 11:30:43,874 INFO Parsed 19900000 reads
2019-05-02 11:30:45,083 INFO Parsed 20000000 reads
2019-05-02 11:30:46,286 INFO Parsed 20100000 reads
2019-05-02 11:30:47,492 INFO Parsed 20200000 reads
2019-05-02 11:30:48,695 INFO Parsed 20300000 reads
2019-05-02 11:30:49,898 INFO Parsed 20400000 reads
2019-05-02 11:30:51,100 INFO Parsed 20500000 reads
2019-05-02 11:30:52,303 INFO Parsed 20600000 reads
2019-05-02 11:30:53,508 INFO Parsed 20700000 reads
2019-05-02 11:30:54,712 INFO Parsed 20800000 reads
2019-05-02 11:30:55,910 INFO Parsed 20900000 reads
2019-05-02 11:30:57,110 INFO Parsed 21000000 reads
2019-05-02 11:30:58,309 INFO Parsed 21100000 reads
2019-05-02 11:30:59,514 INFO Parsed 21200000 reads
2019-05-02 11:31:00,719 INFO Parsed 21300000 reads
2019-05-02 11:31:01,918 INFO Parsed 21400000 reads
2019-05-02 11:31:03,139 INFO Parsed 21500000 reads
2019-05-02 11:31:04,335 INFO Parsed 21600000 reads
2019-05-02 11:31:05,531 INFO Parsed 21700000 reads
2019-05-02 11:31:06,730 INFO Parsed 21800000 reads
2019-05-02 11:31:07,930 INFO Parsed 21900000 reads
2019-05-02 11:31:09,132 INFO Parsed 22000000 reads
2019-05-02 11:31:10,327 INFO Parsed 22100000 reads
2019-05-02 11:31:11,528 INFO Parsed 22200000 reads
2019-05-02 11:31:12,726 INFO Parsed 22300000 reads
2019-05-02 11:31:13,925 INFO Parsed 22400000 reads
2019-05-02 11:31:15,122 INFO Parsed 22500000 reads
2019-05-02 11:31:16,323 INFO Parsed 22600000 reads
2019-05-02 11:31:17,527 INFO Parsed 22700000 reads
2019-05-02 11:31:18,736 INFO Parsed 22800000 reads
2019-05-02 11:31:19,939 INFO Parsed 22900000 reads
2019-05-02 11:31:21,159 INFO Parsed 23000000 reads
2019-05-02 11:31:22,361 INFO Parsed 23100000 reads
2019-05-02 11:31:23,584 INFO Parsed 23200000 reads
2019-05-02 11:31:24,858 INFO Parsed 23300000 reads
2019-05-02 11:31:26,060 INFO Parsed 23400000 reads
2019-05-02 11:31:27,263 INFO Parsed 23500000 reads
2019-05-02 11:31:28,468 INFO Parsed 23600000 reads
2019-05-02 11:31:29,673 INFO Parsed 23700000 reads
2019-05-02 11:31:30,881 INFO Parsed 23800000 reads
2019-05-02 11:31:32,086 INFO Parsed 23900000 reads
2019-05-02 11:31:33,288 INFO Parsed 24000000 reads
2019-05-02 11:31:34,491 INFO Parsed 24100000 reads
2019-05-02 11:31:35,693 INFO Parsed 24200000 reads
2019-05-02 11:31:36,892 INFO Parsed 24300000 reads
2019-05-02 11:31:38,096 INFO Parsed 24400000 reads
2019-05-02 11:31:39,301 INFO Parsed 24500000 reads
2019-05-02 11:31:40,504 INFO Parsed 24600000 reads
2019-05-02 11:31:41,712 INFO Parsed 24700000 reads
2019-05-02 11:31:42,921 INFO Parsed 24800000 reads
2019-05-02 11:31:44,123 INFO Parsed 24900000 reads
2019-05-02 11:31:45,327 INFO Parsed 25000000 reads
2019-05-02 11:31:46,530 INFO Parsed 25100000 reads
2019-05-02 11:31:47,728 INFO Parsed 25200000 reads
2019-05-02 11:31:48,928 INFO Parsed 25300000 reads
2019-05-02 11:31:50,131 INFO Parsed 25400000 reads
2019-05-02 11:31:51,330 INFO Parsed 25500000 reads
2019-05-02 11:31:52,530 INFO Parsed 25600000 reads
2019-05-02 11:31:53,732 INFO Parsed 25700000 reads
2019-05-02 11:31:54,932 INFO Parsed 25800000 reads
2019-05-02 11:31:56,136 INFO Parsed 25900000 reads
2019-05-02 11:31:57,346 INFO Parsed 26000000 reads
2019-05-02 11:31:58,549 INFO Parsed 26100000 reads
2019-05-02 11:31:59,759 INFO Parsed 26200000 reads
2019-05-02 11:32:00,961 INFO Parsed 26300000 reads
2019-05-02 11:32:02,162 INFO Parsed 26400000 reads
2019-05-02 11:32:03,366 INFO Parsed 26500000 reads
2019-05-02 11:32:04,568 INFO Parsed 26600000 reads
2019-05-02 11:32:05,773 INFO Parsed 26700000 reads
2019-05-02 11:32:06,980 INFO Parsed 26800000 reads
2019-05-02 11:32:08,178 INFO Parsed 26900000 reads
2019-05-02 11:32:09,376 INFO Parsed 27000000 reads
2019-05-02 11:32:10,576 INFO Parsed 27100000 reads
2019-05-02 11:32:11,774 INFO Parsed 27200000 reads
2019-05-02 11:32:12,976 INFO Parsed 27300000 reads
2019-05-02 11:32:14,177 INFO Parsed 27400000 reads
2019-05-02 11:32:15,374 INFO Parsed 27500000 reads
2019-05-02 11:32:16,588 INFO Parsed 27600000 reads
2019-05-02 11:32:17,791 INFO Parsed 27700000 reads
2019-05-02 11:32:18,987 INFO Parsed 27800000 reads
2019-05-02 11:32:20,181 INFO Parsed 27900000 reads
2019-05-02 11:32:21,381 INFO Parsed 28000000 reads
2019-05-02 11:32:22,576 INFO Parsed 28100000 reads
2019-05-02 11:32:23,771 INFO Parsed 28200000 reads
2019-05-02 11:32:24,967 INFO Parsed 28300000 reads
2019-05-02 11:32:26,168 INFO Parsed 28400000 reads
2019-05-02 11:32:27,368 INFO Parsed 28500000 reads
2019-05-02 11:32:28,562 INFO Parsed 28600000 reads
2019-05-02 11:32:29,760 INFO Parsed 28700000 reads
2019-05-02 11:32:30,961 INFO Parsed 28800000 reads
2019-05-02 11:32:32,160 INFO Parsed 28900000 reads
2019-05-02 11:32:33,363 INFO Parsed 29000000 reads
2019-05-02 11:32:34,566 INFO Parsed 29100000 reads
2019-05-02 11:32:35,768 INFO Parsed 29200000 reads
2019-05-02 11:32:36,960 INFO Parsed 29300000 reads
2019-05-02 11:32:38,156 INFO Parsed 29400000 reads
2019-05-02 11:32:39,351 INFO Parsed 29500000 reads
2019-05-02 11:32:40,549 INFO Parsed 29600000 reads
2019-05-02 11:32:41,748 INFO Parsed 29700000 reads
2019-05-02 11:32:42,949 INFO Parsed 29800000 reads
2019-05-02 11:32:44,213 INFO Parsed 29900000 reads
2019-05-02 11:32:45,412 INFO Parsed 30000000 reads
2019-05-02 11:32:46,607 INFO Parsed 30100000 reads
2019-05-02 11:32:47,806 INFO Parsed 30200000 reads
2019-05-02 11:32:49,002 INFO Parsed 30300000 reads
2019-05-02 11:32:50,200 INFO Parsed 30400000 reads
2019-05-02 11:32:51,398 INFO Parsed 30500000 reads
2019-05-02 11:32:52,591 INFO Parsed 30600000 reads
2019-05-02 11:32:53,791 INFO Parsed 30700000 reads
2019-05-02 11:32:54,989 INFO Parsed 30800000 reads
2019-05-02 11:32:56,184 INFO Parsed 30900000 reads
2019-05-02 11:32:57,383 INFO Parsed 31000000 reads
2019-05-02 11:32:58,580 INFO Parsed 31100000 reads
2019-05-02 11:32:59,780 INFO Parsed 31200000 reads
2019-05-02 11:33:00,983 INFO Parsed 31300000 reads
2019-05-02 11:33:02,182 INFO Parsed 31400000 reads
2019-05-02 11:33:03,381 INFO Parsed 31500000 reads
2019-05-02 11:33:04,577 INFO Parsed 31600000 reads
2019-05-02 11:33:05,778 INFO Parsed 31700000 reads
2019-05-02 11:33:06,979 INFO Parsed 31800000 reads
2019-05-02 11:33:08,177 INFO Parsed 31900000 reads
2019-05-02 11:33:09,377 INFO Parsed 32000000 reads
2019-05-02 11:33:10,574 INFO Parsed 32100000 reads
2019-05-02 11:33:11,771 INFO Parsed 32200000 reads
2019-05-02 11:33:12,970 INFO Parsed 32300000 reads
2019-05-02 11:33:14,172 INFO Parsed 32400000 reads
2019-05-02 11:33:15,378 INFO Parsed 32500000 reads
2019-05-02 11:33:16,587 INFO Parsed 32600000 reads
2019-05-02 11:33:17,794 INFO Parsed 32700000 reads
2019-05-02 11:33:18,995 INFO Parsed 32800000 reads
2019-05-02 11:33:20,193 INFO Parsed 32900000 reads
2019-05-02 11:33:21,394 INFO Parsed 33000000 reads
2019-05-02 11:33:22,596 INFO Parsed 33100000 reads
2019-05-02 11:33:23,803 INFO Parsed 33200000 reads
2019-05-02 11:33:24,998 INFO Parsed 33300000 reads
2019-05-02 11:33:26,196 INFO Parsed 33400000 reads
2019-05-02 11:33:27,395 INFO Parsed 33500000 reads
2019-05-02 11:33:28,598 INFO Parsed 33600000 reads
2019-05-02 11:33:29,805 INFO Parsed 33700000 reads
2019-05-02 11:33:31,013 INFO Parsed 33800000 reads
2019-05-02 11:33:32,219 INFO Parsed 33900000 reads
2019-05-02 11:33:33,422 INFO Parsed 34000000 reads
2019-05-02 11:33:34,625 INFO Parsed 34100000 reads
2019-05-02 11:33:35,826 INFO Parsed 34200000 reads
2019-05-02 11:33:37,021 INFO Parsed 34300000 reads
2019-05-02 11:33:38,221 INFO Parsed 34400000 reads
2019-05-02 11:33:39,422 INFO Parsed 34500000 reads
2019-05-02 11:33:40,622 INFO Parsed 34600000 reads
2019-05-02 11:33:41,824 INFO Parsed 34700000 reads
2019-05-02 11:33:43,031 INFO Parsed 34800000 reads
2019-05-02 11:33:44,231 INFO Parsed 34900000 reads
2019-05-02 11:33:45,435 INFO Parsed 35000000 reads
2019-05-02 11:33:46,635 INFO Parsed 35100000 reads
2019-05-02 11:33:47,838 INFO Parsed 35200000 reads
2019-05-02 11:33:49,040 INFO Parsed 35300000 reads
2019-05-02 11:33:50,242 INFO Parsed 35400000 reads
2019-05-02 11:33:51,444 INFO Parsed 35500000 reads
2019-05-02 11:33:52,655 INFO Parsed 35600000 reads
2019-05-02 11:33:53,856 INFO Parsed 35700000 reads
2019-05-02 11:33:55,059 INFO Parsed 35800000 reads
2019-05-02 11:33:56,262 INFO Parsed 35900000 reads
2019-05-02 11:33:57,473 INFO Parsed 36000000 reads
2019-05-02 11:33:58,676 INFO Parsed 36100000 reads
2019-05-02 11:33:59,889 INFO Parsed 36200000 reads
2019-05-02 11:34:01,092 INFO Parsed 36300000 reads
2019-05-02 11:34:02,292 INFO Parsed 36400000 reads
2019-05-02 11:34:03,501 INFO Parsed 36500000 reads
2019-05-02 11:34:04,701 INFO Parsed 36600000 reads
2019-05-02 11:34:05,904 INFO Parsed 36700000 reads
2019-05-02 11:34:07,108 INFO Parsed 36800000 reads
2019-05-02 11:34:08,307 INFO Parsed 36900000 reads
2019-05-02 11:34:09,510 INFO Parsed 37000000 reads
2019-05-02 11:34:10,711 INFO Parsed 37100000 reads
2019-05-02 11:34:11,913 INFO Parsed 37200000 reads
2019-05-02 11:34:13,110 INFO Parsed 37300000 reads
2019-05-02 11:34:14,308 INFO Parsed 37400000 reads
2019-05-02 11:34:15,507 INFO Parsed 37500000 reads
2019-05-02 11:34:16,704 INFO Parsed 37600000 reads
2019-05-02 11:34:17,906 INFO Parsed 37700000 reads
2019-05-02 11:34:19,103 INFO Parsed 37800000 reads
2019-05-02 11:34:20,303 INFO Parsed 37900000 reads
2019-05-02 11:34:21,501 INFO Parsed 38000000 reads
2019-05-02 11:34:22,699 INFO Parsed 38100000 reads
2019-05-02 11:34:23,896 INFO Parsed 38200000 reads
2019-05-02 11:34:25,091 INFO Parsed 38300000 reads
2019-05-02 11:34:26,286 INFO Parsed 38400000 reads
2019-05-02 11:34:27,480 INFO Parsed 38500000 reads
2019-05-02 11:34:28,674 INFO Parsed 38600000 reads
2019-05-02 11:34:29,876 INFO Parsed 38700000 reads
2019-05-02 11:34:31,080 INFO Parsed 38800000 reads
2019-05-02 11:34:32,281 INFO Parsed 38900000 reads
2019-05-02 11:34:33,480 INFO Parsed 39000000 reads
2019-05-02 11:34:34,678 INFO Parsed 39100000 reads
2019-05-02 11:34:35,879 INFO Parsed 39200000 reads
2019-05-02 11:34:37,071 INFO Parsed 39300000 reads
2019-05-02 11:34:38,270 INFO Parsed 39400000 reads
2019-05-02 11:34:39,468 INFO Parsed 39500000 reads
2019-05-02 11:34:40,666 INFO Parsed 39600000 reads
2019-05-02 11:34:41,863 INFO Parsed 39700000 reads
2019-05-02 11:34:43,059 INFO Parsed 39800000 reads
2019-05-02 11:34:44,252 INFO Parsed 39900000 reads
2019-05-02 11:34:45,452 INFO Parsed 40000000 reads
2019-05-02 11:34:46,646 INFO Parsed 40100000 reads
2019-05-02 11:34:47,842 INFO Parsed 40200000 reads
2019-05-02 11:34:49,040 INFO Parsed 40300000 reads
2019-05-02 11:34:50,234 INFO Parsed 40400000 reads
2019-05-02 11:34:51,434 INFO Parsed 40500000 reads
2019-05-02 11:34:52,636 INFO Parsed 40600000 reads
2019-05-02 11:34:53,833 INFO Parsed 40700000 reads
2019-05-02 11:34:55,036 INFO Parsed 40800000 reads
2019-05-02 11:34:56,230 INFO Parsed 40900000 reads
2019-05-02 11:34:57,432 INFO Parsed 41000000 reads
2019-05-02 11:34:58,625 INFO Parsed 41100000 reads
2019-05-02 11:34:59,829 INFO Parsed 41200000 reads
2019-05-02 11:35:01,028 INFO Parsed 41300000 reads
2019-05-02 11:35:02,229 INFO Parsed 41400000 reads
2019-05-02 11:35:03,428 INFO Parsed 41500000 reads
2019-05-02 11:35:04,625 INFO Parsed 41600000 reads
2019-05-02 11:35:05,823 INFO Parsed 41700000 reads
2019-05-02 11:35:07,024 INFO Parsed 41800000 reads
2019-05-02 11:35:08,226 INFO Parsed 41900000 reads
2019-05-02 11:35:09,430 INFO Parsed 42000000 reads
2019-05-02 11:35:10,631 INFO Parsed 42100000 reads
2019-05-02 11:35:11,836 INFO Parsed 42200000 reads
2019-05-02 11:35:13,036 INFO Parsed 42300000 reads
2019-05-02 11:35:14,235 INFO Parsed 42400000 reads
2019-05-02 11:35:15,434 INFO Parsed 42500000 reads
2019-05-02 11:35:16,634 INFO Parsed 42600000 reads
2019-05-02 11:35:17,833 INFO Parsed 42700000 reads
2019-05-02 11:35:19,033 INFO Parsed 42800000 reads
2019-05-02 11:35:20,236 INFO Parsed 42900000 reads
2019-05-02 11:35:21,437 INFO Parsed 43000000 reads
2019-05-02 11:35:22,635 INFO Parsed 43100000 reads
2019-05-02 11:35:23,836 INFO Parsed 43200000 reads
2019-05-02 11:35:25,041 INFO Parsed 43300000 reads
2019-05-02 11:35:26,244 INFO Parsed 43400000 reads
2019-05-02 11:35:27,443 INFO Parsed 43500000 reads
2019-05-02 11:35:28,647 INFO Parsed 43600000 reads
2019-05-02 11:35:29,853 INFO Parsed 43700000 reads
2019-05-02 11:35:31,063 INFO Parsed 43800000 reads
2019-05-02 11:35:32,268 INFO Parsed 43900000 reads
2019-05-02 11:35:33,473 INFO Parsed 44000000 reads
2019-05-02 11:35:34,673 INFO Parsed 44100000 reads
2019-05-02 11:35:35,881 INFO Parsed 44200000 reads
2019-05-02 11:35:37,081 INFO Parsed 44300000 reads
2019-05-02 11:35:38,284 INFO Parsed 44400000 reads
2019-05-02 11:35:39,493 INFO Parsed 44500000 reads
2019-05-02 11:35:40,692 INFO Parsed 44600000 reads
2019-05-02 11:35:41,892 INFO Parsed 44700000 reads
2019-05-02 11:35:43,092 INFO Parsed 44800000 reads
2019-05-02 11:35:44,290 INFO Parsed 44900000 reads
2019-05-02 11:35:45,487 INFO Parsed 45000000 reads
2019-05-02 11:35:46,684 INFO Parsed 45100000 reads
2019-05-02 11:35:47,884 INFO Parsed 45200000 reads
2019-05-02 11:35:49,083 INFO Parsed 45300000 reads
2019-05-02 11:35:50,284 INFO Parsed 45400000 reads
2019-05-02 11:35:51,485 INFO Parsed 45500000 reads
2019-05-02 11:35:52,689 INFO Parsed 45600000 reads
2019-05-02 11:35:53,887 INFO Parsed 45700000 reads
2019-05-02 11:35:55,094 INFO Parsed 45800000 reads
2019-05-02 11:35:56,291 INFO Parsed 45900000 reads
2019-05-02 11:35:57,492 INFO Parsed 46000000 reads
2019-05-02 11:35:58,689 INFO Parsed 46100000 reads
2019-05-02 11:35:59,888 INFO Parsed 46200000 reads
2019-05-02 11:36:01,090 INFO Parsed 46300000 reads
2019-05-02 11:36:02,288 INFO Parsed 46400000 reads
2019-05-02 11:36:03,490 INFO Parsed 46500000 reads
2019-05-02 11:36:04,687 INFO Parsed 46600000 reads
2019-05-02 11:36:05,887 INFO Parsed 46700000 reads
2019-05-02 11:36:07,089 INFO Parsed 46800000 reads
2019-05-02 11:36:08,284 INFO Parsed 46900000 reads
2019-05-02 11:36:09,489 INFO Parsed 47000000 reads
2019-05-02 11:36:10,687 INFO Parsed 47100000 reads
2019-05-02 11:36:11,888 INFO Parsed 47200000 reads
2019-05-02 11:36:13,099 INFO Parsed 47300000 reads
2019-05-02 11:36:14,299 INFO Parsed 47400000 reads
2019-05-02 11:36:15,496 INFO Parsed 47500000 reads
2019-05-02 11:36:16,694 INFO Parsed 47600000 reads
2019-05-02 11:36:17,896 INFO Parsed 47700000 reads
2019-05-02 11:36:19,101 INFO Parsed 47800000 reads
2019-05-02 11:36:20,302 INFO Parsed 47900000 reads
2019-05-02 11:36:21,500 INFO Parsed 48000000 reads
2019-05-02 11:36:22,702 INFO Parsed 48100000 reads
2019-05-02 11:36:23,905 INFO Parsed 48200000 reads
2019-05-02 11:36:25,105 INFO Parsed 48300000 reads
2019-05-02 11:36:26,311 INFO Parsed 48400000 reads
2019-05-02 11:36:27,513 INFO Parsed 48500000 reads
2019-05-02 11:36:28,716 INFO Parsed 48600000 reads
2019-05-02 11:36:29,922 INFO Parsed 48700000 reads
2019-05-02 11:36:31,126 INFO Parsed 48800000 reads
2019-05-02 11:36:32,325 INFO Parsed 48900000 reads
2019-05-02 11:36:33,525 INFO Parsed 49000000 reads
2019-05-02 11:36:34,717 INFO Parsed 49100000 reads
2019-05-02 11:36:35,916 INFO Parsed 49200000 reads
2019-05-02 11:36:37,111 INFO Parsed 49300000 reads
2019-05-02 11:36:38,311 INFO Parsed 49400000 reads
2019-05-02 11:36:39,508 INFO Parsed 49500000 reads
2019-05-02 11:36:40,704 INFO Parsed 49600000 reads
2019-05-02 11:36:41,903 INFO Parsed 49700000 reads
2019-05-02 11:36:43,106 INFO Parsed 49800000 reads
2019-05-02 11:36:44,303 INFO Parsed 49900000 reads
2019-05-02 11:36:45,505 INFO Parsed 50000000 reads
2019-05-02 11:36:46,708 INFO Parsed 50100000 reads
2019-05-02 11:36:47,912 INFO Parsed 50200000 reads
2019-05-02 11:36:49,108 INFO Parsed 50300000 reads
2019-05-02 11:36:50,310 INFO Parsed 50400000 reads
2019-05-02 11:36:51,514 INFO Parsed 50500000 reads
2019-05-02 11:36:52,717 INFO Parsed 50600000 reads
2019-05-02 11:36:53,920 INFO Parsed 50700000 reads
2019-05-02 11:36:55,120 INFO Parsed 50800000 reads
2019-05-02 11:36:56,324 INFO Parsed 50900000 reads
2019-05-02 11:36:57,526 INFO Parsed 51000000 reads
2019-05-02 11:36:58,733 INFO Parsed 51100000 reads
2019-05-02 11:36:59,934 INFO Parsed 51200000 reads
2019-05-02 11:37:01,157 INFO Parsed 51300000 reads
2019-05-02 11:37:02,361 INFO Parsed 51400000 reads
2019-05-02 11:37:03,561 INFO Parsed 51500000 reads
2019-05-02 11:37:04,762 INFO Parsed 51600000 reads
2019-05-02 11:37:05,960 INFO Parsed 51700000 reads
2019-05-02 11:37:07,163 INFO Parsed 51800000 reads
2019-05-02 11:37:08,364 INFO Parsed 51900000 reads
2019-05-02 11:37:09,566 INFO Parsed 52000000 reads
2019-05-02 11:37:10,762 INFO Parsed 52100000 reads
2019-05-02 11:37:11,965 INFO Parsed 52200000 reads
2019-05-02 11:37:13,169 INFO Parsed 52300000 reads
2019-05-02 11:37:14,370 INFO Parsed 52400000 reads
2019-05-02 11:37:15,569 INFO Parsed 52500000 reads
2019-05-02 11:37:16,766 INFO Parsed 52600000 reads
2019-05-02 11:37:17,966 INFO Parsed 52700000 reads
2019-05-02 11:37:19,165 INFO Parsed 52800000 reads
2019-05-02 11:37:20,364 INFO Parsed 52900000 reads
2019-05-02 11:37:21,566 INFO Parsed 53000000 reads
2019-05-02 11:37:22,766 INFO Parsed 53100000 reads
2019-05-02 11:37:23,968 INFO Parsed 53200000 reads
2019-05-02 11:37:25,172 INFO Parsed 53300000 reads
2019-05-02 11:37:26,373 INFO Parsed 53400000 reads
2019-05-02 11:37:27,572 INFO Parsed 53500000 reads
2019-05-02 11:37:28,772 INFO Parsed 53600000 reads
2019-05-02 11:37:29,975 INFO Parsed 53700000 reads
2019-05-02 11:37:31,184 INFO Parsed 53800000 reads
2019-05-02 11:37:32,388 INFO Parsed 53900000 reads
2019-05-02 11:37:33,608 INFO Parsed 54000000 reads
2019-05-02 11:37:34,813 INFO Parsed 54100000 reads
2019-05-02 11:37:36,020 INFO Parsed 54200000 reads
2019-05-02 11:37:37,227 INFO Parsed 54300000 reads
2019-05-02 11:37:38,431 INFO Parsed 54400000 reads
2019-05-02 11:37:39,639 INFO Parsed 54500000 reads
2019-05-02 11:37:40,847 INFO Parsed 54600000 reads
2019-05-02 11:37:42,050 INFO Parsed 54700000 reads
2019-05-02 11:37:43,254 INFO Parsed 54800000 reads
2019-05-02 11:37:44,457 INFO Parsed 54900000 reads
2019-05-02 11:37:45,661 INFO Parsed 55000000 reads
2019-05-02 11:37:46,862 INFO Parsed 55100000 reads
2019-05-02 11:37:48,063 INFO Parsed 55200000 reads
2019-05-02 11:37:49,269 INFO Parsed 55300000 reads
2019-05-02 11:37:50,466 INFO Parsed 55400000 reads
2019-05-02 11:37:51,665 INFO Parsed 55500000 reads
2019-05-02 11:37:52,864 INFO Parsed 55600000 reads
2019-05-02 11:37:54,062 INFO Parsed 55700000 reads
2019-05-02 11:37:55,260 INFO Parsed 55800000 reads
2019-05-02 11:37:56,458 INFO Parsed 55900000 reads
2019-05-02 11:37:57,659 INFO Parsed 56000000 reads
2019-05-02 11:37:58,859 INFO Parsed 56100000 reads
2019-05-02 11:38:00,058 INFO Parsed 56200000 reads
2019-05-02 11:38:01,254 INFO Parsed 56300000 reads
2019-05-02 11:38:02,451 INFO Parsed 56400000 reads
2019-05-02 11:38:03,651 INFO Parsed 56500000 reads
2019-05-02 11:38:04,848 INFO Parsed 56600000 reads
2019-05-02 11:38:06,044 INFO Parsed 56700000 reads
2019-05-02 11:38:07,241 INFO Parsed 56800000 reads
2019-05-02 11:38:08,439 INFO Parsed 56900000 reads
2019-05-02 11:38:09,643 INFO Parsed 57000000 reads
2019-05-02 11:38:10,849 INFO Parsed 57100000 reads
2019-05-02 11:38:12,045 INFO Parsed 57200000 reads
2019-05-02 11:38:13,239 INFO Parsed 57300000 reads
2019-05-02 11:38:14,436 INFO Parsed 57400000 reads
2019-05-02 11:38:15,630 INFO Parsed 57500000 reads
2019-05-02 11:38:16,827 INFO Parsed 57600000 reads
2019-05-02 11:38:18,027 INFO Parsed 57700000 reads
2019-05-02 11:38:19,230 INFO Parsed 57800000 reads
2019-05-02 11:38:20,432 INFO Parsed 57900000 reads
2019-05-02 11:38:21,632 INFO Parsed 58000000 reads
2019-05-02 11:38:22,829 INFO Parsed 58100000 reads
2019-05-02 11:38:24,028 INFO Parsed 58200000 reads
2019-05-02 11:38:25,220 INFO Parsed 58300000 reads
2019-05-02 11:38:26,416 INFO Parsed 58400000 reads
2019-05-02 11:38:27,613 INFO Parsed 58500000 reads
2019-05-02 11:38:28,813 INFO Parsed 58600000 reads
2019-05-02 11:38:30,015 INFO Parsed 58700000 reads
2019-05-02 11:38:31,219 INFO Parsed 58800000 reads
2019-05-02 11:38:32,415 INFO Parsed 58900000 reads
2019-05-02 11:38:33,619 INFO Parsed 59000000 reads
2019-05-02 11:38:34,816 INFO Parsed 59100000 reads
2019-05-02 11:38:36,018 INFO Parsed 59200000 reads
2019-05-02 11:38:37,215 INFO Parsed 59300000 reads
2019-05-02 11:38:38,416 INFO Parsed 59400000 reads
2019-05-02 11:38:39,636 INFO Parsed 59500000 reads
2019-05-02 11:38:40,838 INFO Parsed 59600000 reads
2019-05-02 11:38:42,044 INFO Parsed 59700000 reads
2019-05-02 11:38:43,252 INFO Parsed 59800000 reads
2019-05-02 11:38:44,451 INFO Parsed 59900000 reads
2019-05-02 11:38:45,652 INFO Parsed 60000000 reads
2019-05-02 11:38:46,848 INFO Parsed 60100000 reads
2019-05-02 11:38:48,050 INFO Parsed 60200000 reads
2019-05-02 11:38:49,250 INFO Parsed 60300000 reads
2019-05-02 11:38:50,449 INFO Parsed 60400000 reads
2019-05-02 11:38:51,653 INFO Parsed 60500000 reads
2019-05-02 11:38:52,853 INFO Parsed 60600000 reads
2019-05-02 11:38:54,051 INFO Parsed 60700000 reads
2019-05-02 11:38:55,255 INFO Parsed 60800000 reads
2019-05-02 11:38:56,456 INFO Parsed 60900000 reads
2019-05-02 11:38:57,661 INFO Parsed 61000000 reads
2019-05-02 11:38:58,865 INFO Parsed 61100000 reads
2019-05-02 11:39:00,071 INFO Parsed 61200000 reads
2019-05-02 11:39:01,277 INFO Parsed 61300000 reads
2019-05-02 11:39:02,480 INFO Parsed 61400000 reads
2019-05-02 11:39:03,681 INFO Parsed 61500000 reads
2019-05-02 11:39:04,884 INFO Parsed 61600000 reads
2019-05-02 11:39:06,082 INFO Parsed 61700000 reads
2019-05-02 11:39:07,280 INFO Parsed 61800000 reads
2019-05-02 11:39:08,479 INFO Parsed 61900000 reads
2019-05-02 11:39:09,682 INFO Parsed 62000000 reads
2019-05-02 11:39:10,884 INFO Parsed 62100000 reads
2019-05-02 11:39:12,085 INFO Parsed 62200000 reads
2019-05-02 11:39:13,281 INFO Parsed 62300000 reads
2019-05-02 11:39:14,478 INFO Parsed 62400000 reads
2019-05-02 11:39:15,682 INFO Parsed 62500000 reads
2019-05-02 11:39:16,881 INFO Parsed 62600000 reads
2019-05-02 11:39:18,084 INFO Parsed 62700000 reads
2019-05-02 11:39:19,286 INFO Parsed 62800000 reads
2019-05-02 11:39:20,488 INFO Parsed 62900000 reads
2019-05-02 11:39:21,697 INFO Parsed 63000000 reads
2019-05-02 11:39:22,892 INFO Parsed 63100000 reads
2019-05-02 11:39:24,089 INFO Parsed 63200000 reads
2019-05-02 11:39:25,284 INFO Parsed 63300000 reads
2019-05-02 11:39:26,485 INFO Parsed 63400000 reads
2019-05-02 11:39:27,683 INFO Parsed 63500000 reads
2019-05-02 11:39:28,881 INFO Parsed 63600000 reads
2019-05-02 11:39:30,087 INFO Parsed 63700000 reads
2019-05-02 11:39:31,294 INFO Parsed 63800000 reads
2019-05-02 11:39:32,490 INFO Parsed 63900000 reads
2019-05-02 11:39:33,693 INFO Parsed 64000000 reads
2019-05-02 11:39:34,892 INFO Parsed 64100000 reads
2019-05-02 11:39:36,095 INFO Parsed 64200000 reads
2019-05-02 11:39:37,297 INFO Parsed 64300000 reads
2019-05-02 11:39:38,498 INFO Parsed 64400000 reads
2019-05-02 11:39:39,698 INFO Parsed 64500000 reads
2019-05-02 11:39:40,898 INFO Parsed 64600000 reads
2019-05-02 11:39:42,098 INFO Parsed 64700000 reads
2019-05-02 11:39:43,301 INFO Parsed 64800000 reads
2019-05-02 11:39:44,501 INFO Parsed 64900000 reads
2019-05-02 11:39:45,708 INFO Parsed 65000000 reads
2019-05-02 11:39:46,910 INFO Parsed 65100000 reads
2019-05-02 11:39:48,110 INFO Parsed 65200000 reads
2019-05-02 11:39:49,307 INFO Parsed 65300000 reads
2019-05-02 11:39:50,507 INFO Parsed 65400000 reads
2019-05-02 11:39:51,706 INFO Parsed 65500000 reads
2019-05-02 11:39:52,909 INFO Parsed 65600000 reads
2019-05-02 11:39:54,110 INFO Parsed 65700000 reads
2019-05-02 11:39:55,307 INFO Parsed 65800000 reads
2019-05-02 11:39:56,503 INFO Parsed 65900000 reads
2019-05-02 11:39:57,703 INFO Parsed 66000000 reads
2019-05-02 11:39:58,902 INFO Parsed 66100000 reads
2019-05-02 11:40:00,106 INFO Parsed 66200000 reads
2019-05-02 11:40:01,310 INFO Parsed 66300000 reads
2019-05-02 11:40:02,519 INFO Parsed 66400000 reads
2019-05-02 11:40:03,725 INFO Parsed 66500000 reads
2019-05-02 11:40:04,935 INFO Parsed 66600000 reads
2019-05-02 11:40:06,136 INFO Parsed 66700000 reads
2019-05-02 11:40:07,345 INFO Parsed 66800000 reads
2019-05-02 11:40:08,547 INFO Parsed 66900000 reads
2019-05-02 11:40:09,750 INFO Parsed 67000000 reads
2019-05-02 11:40:10,947 INFO Parsed 67100000 reads
2019-05-02 11:40:12,151 INFO Parsed 67200000 reads
2019-05-02 11:40:13,360 INFO Parsed 67300000 reads
2019-05-02 11:40:14,567 INFO Parsed 67400000 reads
2019-05-02 11:40:15,771 INFO Parsed 67500000 reads
2019-05-02 11:40:16,968 INFO Parsed 67600000 reads
2019-05-02 11:40:18,169 INFO Parsed 67700000 reads
2019-05-02 11:40:19,372 INFO Parsed 67800000 reads
2019-05-02 11:40:20,572 INFO Parsed 67900000 reads
2019-05-02 11:40:21,773 INFO Parsed 68000000 reads
2019-05-02 11:40:22,969 INFO Parsed 68100000 reads
2019-05-02 11:40:24,167 INFO Parsed 68200000 reads
2019-05-02 11:40:25,371 INFO Parsed 68300000 reads
2019-05-02 11:40:26,571 INFO Parsed 68400000 reads
2019-05-02 11:40:27,773 INFO Parsed 68500000 reads
2019-05-02 11:40:28,980 INFO Parsed 68600000 reads
2019-05-02 11:40:30,186 INFO Parsed 68700000 reads
2019-05-02 11:40:31,392 INFO Parsed 68800000 reads
2019-05-02 11:40:32,594 INFO Parsed 68900000 reads
2019-05-02 11:40:33,798 INFO Parsed 69000000 reads
2019-05-02 11:40:34,996 INFO Parsed 69100000 reads
2019-05-02 11:40:36,194 INFO Parsed 69200000 reads
2019-05-02 11:40:37,390 INFO Parsed 69300000 reads
2019-05-02 11:40:38,592 INFO Parsed 69400000 reads
2019-05-02 11:40:39,791 INFO Parsed 69500000 reads
2019-05-02 11:40:40,996 INFO Parsed 69600000 reads
2019-05-02 11:40:42,197 INFO Parsed 69700000 reads
2019-05-02 11:40:43,400 INFO Parsed 69800000 reads
2019-05-02 11:40:44,599 INFO Parsed 69900000 reads
2019-05-02 11:40:45,806 INFO Parsed 70000000 reads
2019-05-02 11:40:47,005 INFO Parsed 70100000 reads
2019-05-02 11:40:48,203 INFO Parsed 70200000 reads
2019-05-02 11:40:49,403 INFO Parsed 70300000 reads
2019-05-02 11:40:50,605 INFO Parsed 70400000 reads
2019-05-02 11:40:51,813 INFO Parsed 70500000 reads
2019-05-02 11:40:53,018 INFO Parsed 70600000 reads
2019-05-02 11:40:53,456 INFO Starting - whitelist determination
2019-05-02 11:41:00,783 DEBUG findfont: Matching :family=sans-serif:style=normal:variant=normal:weight=normal:stretch=normal:size=10.0 to DejaVu Sans ('/data/users/jgilet/.local/python3.6/vEnv3.6/pySCENIC/lib/python3.6/site-packages/matplotlib/mpl-data/fonts/ttf/DejaVuSans.ttf') with score of 0.050000
2019-05-02 11:41:10,569 DEBUG findfont: Matching :family=STIXGeneral:style=normal:variant=normal:weight=normal:stretch=normal:size=10.0 to STIXGeneral ('/data/users/jgilet/.local/python3.6/vEnv3.6/pySCENIC/lib/python3.6/site-packages/matplotlib/mpl-data/fonts/ttf/STIXGeneral.ttf') with score of 0.050000
2019-05-02 11:41:10,574 DEBUG findfont: Matching :family=STIXGeneral:style=italic:variant=normal:weight=normal:stretch=normal:size=10.0 to STIXGeneral ('/data/users/jgilet/.local/python3.6/vEnv3.6/pySCENIC/lib/python3.6/site-packages/matplotlib/mpl-data/fonts/ttf/STIXGeneralItalic.ttf') with score of 0.050000
2019-05-02 11:41:10,576 DEBUG findfont: Matching :family=STIXGeneral:style=normal:variant=normal:weight=bold:stretch=normal:size=10.0 to STIXGeneral ('/data/users/jgilet/.local/python3.6/vEnv3.6/pySCENIC/lib/python3.6/site-packages/matplotlib/mpl-data/fonts/ttf/STIXGeneralBol.ttf') with score of 0.000000
2019-05-02 11:41:10,579 DEBUG findfont: Matching :family=STIXNonUnicode:style=normal:variant=normal:weight=normal:stretch=normal:size=10.0 to STIXNonUnicode ('/data/users/jgilet/.local/python3.6/vEnv3.6/pySCENIC/lib/python3.6/site-packages/matplotlib/mpl-data/fonts/ttf/STIXNonUni.ttf') with score of 0.050000
2019-05-02 11:41:10,582 DEBUG findfont: Matching :family=STIXNonUnicode:style=italic:variant=normal:weight=normal:stretch=normal:size=10.0 to STIXNonUnicode ('/data/users/jgilet/.local/python3.6/vEnv3.6/pySCENIC/lib/python3.6/site-packages/matplotlib/mpl-data/fonts/ttf/STIXNonUniIta.ttf') with score of 0.050000
2019-05-02 11:41:10,584 DEBUG findfont: Matching :family=STIXNonUnicode:style=normal:variant=normal:weight=bold:stretch=normal:size=10.0 to STIXNonUnicode ('/data/users/jgilet/.local/python3.6/vEnv3.6/pySCENIC/lib/python3.6/site-packages/matplotlib/mpl-data/fonts/ttf/STIXNonUniBol.ttf') with score of 0.000000
2019-05-02 11:41:10,588 DEBUG findfont: Matching :family=STIXSizeOneSym:style=normal:variant=normal:weight=normal:stretch=normal:size=10.0 to STIXSizeOneSym ('/data/users/jgilet/.local/python3.6/vEnv3.6/pySCENIC/lib/python3.6/site-packages/matplotlib/mpl-data/fonts/ttf/STIXSizOneSymReg.ttf') with score of 0.050000
2019-05-02 11:41:10,591 DEBUG findfont: Matching :family=STIXSizeTwoSym:style=normal:variant=normal:weight=normal:stretch=normal:size=10.0 to STIXSizeTwoSym ('/data/users/jgilet/.local/python3.6/vEnv3.6/pySCENIC/lib/python3.6/site-packages/matplotlib/mpl-data/fonts/ttf/STIXSizTwoSymReg.ttf') with score of 0.050000
2019-05-02 11:41:10,595 DEBUG findfont: Matching :family=STIXSizeThreeSym:style=normal:variant=normal:weight=normal:stretch=normal:size=10.0 to STIXSizeThreeSym ('/data/users/jgilet/.local/python3.6/vEnv3.6/pySCENIC/lib/python3.6/site-packages/matplotlib/mpl-data/fonts/ttf/STIXSizThreeSymReg.ttf') with score of 0.050000
2019-05-02 11:41:10,598 DEBUG findfont: Matching :family=STIXSizeFourSym:style=normal:variant=normal:weight=normal:stretch=normal:size=10.0 to STIXSizeFourSym ('/data/users/jgilet/.local/python3.6/vEnv3.6/pySCENIC/lib/python3.6/site-packages/matplotlib/mpl-data/fonts/ttf/STIXSizFourSymReg.ttf') with score of 0.050000
2019-05-02 11:41:10,601 DEBUG findfont: Matching :family=STIXSizeFiveSym:style=normal:variant=normal:weight=normal:stretch=normal:size=10.0 to STIXSizeFiveSym ('/data/users/jgilet/.local/python3.6/vEnv3.6/pySCENIC/lib/python3.6/site-packages/matplotlib/mpl-data/fonts/ttf/STIXSizFiveSymReg.ttf') with score of 0.050000
2019-05-02 11:41:10,605 DEBUG findfont: Matching :family=cmsy10:style=normal:variant=normal:weight=normal:stretch=normal:size=10.0 to cmsy10 ('/data/users/jgilet/.local/python3.6/vEnv3.6/pySCENIC/lib/python3.6/site-packages/matplotlib/mpl-data/fonts/ttf/cmsy10.ttf') with score of 0.050000
2019-05-02 11:41:10,608 DEBUG findfont: Matching :family=cmr10:style=normal:variant=normal:weight=normal:stretch=normal:size=10.0 to cmr10 ('/data/users/jgilet/.local/python3.6/vEnv3.6/pySCENIC/lib/python3.6/site-packages/matplotlib/mpl-data/fonts/ttf/cmr10.ttf') with score of 0.050000
2019-05-02 11:41:10,611 DEBUG findfont: Matching :family=cmtt10:style=normal:variant=normal:weight=normal:stretch=normal:size=10.0 to cmtt10 ('/data/users/jgilet/.local/python3.6/vEnv3.6/pySCENIC/lib/python3.6/site-packages/matplotlib/mpl-data/fonts/ttf/cmtt10.ttf') with score of 0.050000
2019-05-02 11:41:10,614 DEBUG findfont: Matching :family=cmmi10:style=normal:variant=normal:weight=normal:stretch=normal:size=10.0 to cmmi10 ('/data/users/jgilet/.local/python3.6/vEnv3.6/pySCENIC/lib/python3.6/site-packages/matplotlib/mpl-data/fonts/ttf/cmmi10.ttf') with score of 0.050000
2019-05-02 11:41:10,618 DEBUG findfont: Matching :family=cmb10:style=normal:variant=normal:weight=normal:stretch=normal:size=10.0 to cmb10 ('/data/users/jgilet/.local/python3.6/vEnv3.6/pySCENIC/lib/python3.6/site-packages/matplotlib/mpl-data/fonts/ttf/cmb10.ttf') with score of 0.050000
2019-05-02 11:41:10,621 DEBUG findfont: Matching :family=cmss10:style=normal:variant=normal:weight=normal:stretch=normal:size=10.0 to cmss10 ('/data/users/jgilet/.local/python3.6/vEnv3.6/pySCENIC/lib/python3.6/site-packages/matplotlib/mpl-data/fonts/ttf/cmss10.ttf') with score of 0.050000
2019-05-02 11:41:10,624 DEBUG findfont: Matching :family=cmex10:style=normal:variant=normal:weight=normal:stretch=normal:size=10.0 to cmex10 ('/data/users/jgilet/.local/python3.6/vEnv3.6/pySCENIC/lib/python3.6/site-packages/matplotlib/mpl-data/fonts/ttf/cmex10.ttf') with score of 0.050000
2019-05-02 11:41:10,628 DEBUG findfont: Matching :family=DejaVu Sans:style=normal:variant=normal:weight=normal:stretch=normal:size=10.0 to DejaVu Sans ('/data/users/jgilet/.local/python3.6/vEnv3.6/pySCENIC/lib/python3.6/site-packages/matplotlib/mpl-data/fonts/ttf/DejaVuSans.ttf') with score of 0.050000
2019-05-02 11:41:10,630 DEBUG findfont: Matching :family=DejaVu Sans:style=italic:variant=normal:weight=normal:stretch=normal:size=10.0 to DejaVu Sans ('/data/users/jgilet/.local/python3.6/vEnv3.6/pySCENIC/lib/python3.6/site-packages/matplotlib/mpl-data/fonts/ttf/DejaVuSans-Oblique.ttf') with score of 0.150000
2019-05-02 11:41:10,632 DEBUG findfont: Matching :family=DejaVu Sans:style=normal:variant=normal:weight=bold:stretch=normal:size=10.0 to DejaVu Sans ('/data/users/jgilet/.local/python3.6/vEnv3.6/pySCENIC/lib/python3.6/site-packages/matplotlib/mpl-data/fonts/ttf/DejaVuSans-Bold.ttf') with score of 0.000000
2019-05-02 11:41:10,635 DEBUG findfont: Matching :family=DejaVu Sans Mono:style=normal:variant=normal:weight=normal:stretch=normal:size=10.0 to DejaVu Sans Mono ('/data/users/jgilet/.local/python3.6/vEnv3.6/pySCENIC/lib/python3.6/site-packages/matplotlib/mpl-data/fonts/ttf/DejaVuSansMono.ttf') with score of 0.050000
2019-05-02 11:41:10,639 DEBUG findfont: Matching :family=DejaVu Sans Display:style=normal:variant=normal:weight=normal:stretch=normal:size=10.0 to DejaVu Sans Display ('/data/users/jgilet/.local/python3.6/vEnv3.6/pySCENIC/lib/python3.6/site-packages/matplotlib/mpl-data/fonts/ttf/DejaVuSansDisplay.ttf') with score of 0.050000
2019-05-02 11:41:14,435 INFO Finished - whitelist determination
2019-05-02 11:41:14,435 INFO Starting - finding putative error cell barcodes
2019-05-02 11:43:04,503 INFO Finished - finding putative error cell barcodes
2019-05-02 11:43:04,504 INFO Writing out whitelist
2019-05-02 11:43:04,557 INFO Parsed 70636445 reads
2019-05-02 11:43:04,557 INFO 70636445 reads matched the barcode pattern
2019-05-02 11:43:04,558 INFO Found 567039 unique cell barcodes
# job finished in 982 seconds at Thu May  2 11:43:04 2019 -- 982.15  6.88  0.00  0.00 -- 83e0f1e1-6869-4adc-812f-dc998aed8f5e
