# output generated by whitelist --stdin fastq/pbmc_1k_v3_trimmed_R1.fastq.gz --bc-pattern=CCCCCCCCCCCCCCCCNNNNNNNNNNNN --expect-cells=1500 -L logs/umiWhitelistpbmc_1k_v3.log --verbose=2 --plot-prefix=cell_calling/filteringPlot_pbmc_1k_v3
# job started at Wed May  1 18:05:22 2019 on u932-ulm-2-57030120-6476.curie.fr -- 342474ba-4635-4b3b-a7d7-a91c5e0409c0
# pid: 38358, system: Linux 3.10.0-862.3.2.el7.x86_64 #1 SMP Mon May 21 23:36:36 UTC 2018 x86_64
# blacklist_tsv                           : None
# cell_number                             : False
# compresslevel                           : 6
# error_correct_threshold                 : 1
# expect_cells                            : 1500
# extract_method                          : string
# filter_cell_barcodes                    : False
# log2stderr                              : False
# loglevel                                : 2
# method                                  : reads
# pattern                                 : CCCCCCCCCCCCCCCCNNNNNNNNNNNN
# pattern2                                : None
# plot_prefix                             : cell_calling/filteringPlot_pbmc_1k_v3
# prime3                                  : None
# random_seed                             : None
# read2_in                                : None
# short_help                              : None
# stderr                                  : <_io.TextIOWrapper name='<stderr>' mode='w' encoding='UTF-8'>
# stdin                                   : <_io.TextIOWrapper name='fastq/pbmc_1k_v3_trimmed_R1.fastq.gz' encoding='ascii'>
# stdlog                                  : <_io.TextIOWrapper name='logs/umiWhitelistpbmc_1k_v3.log' mode='a' encoding='UTF-8'>
# stdout                                  : <_io.TextIOWrapper name='<stdout>' mode='w' encoding='UTF-8'>
# subset_reads                            : 100000000
# timeit_file                             : None
# timeit_header                           : None
# timeit_name                             : all
# whitelist_tsv                           : None
2019-05-01 18:05:22,323 INFO Starting barcode extraction
2019-05-01 18:05:22,323 INFO Parsed 0 reads
2019-05-01 18:05:23,537 INFO Parsed 100000 reads
2019-05-01 18:05:24,760 INFO Parsed 200000 reads
2019-05-01 18:05:26,047 INFO Parsed 300000 reads
2019-05-01 18:05:27,332 INFO Parsed 400000 reads
2019-05-01 18:05:28,617 INFO Parsed 500000 reads
2019-05-01 18:05:29,901 INFO Parsed 600000 reads
2019-05-01 18:05:31,189 INFO Parsed 700000 reads
2019-05-01 18:05:32,474 INFO Parsed 800000 reads
2019-05-01 18:05:33,761 INFO Parsed 900000 reads
2019-05-01 18:05:35,048 INFO Parsed 1000000 reads
2019-05-01 18:05:36,332 INFO Parsed 1100000 reads
2019-05-01 18:05:37,613 INFO Parsed 1200000 reads
2019-05-01 18:05:38,893 INFO Parsed 1300000 reads
2019-05-01 18:05:40,179 INFO Parsed 1400000 reads
2019-05-01 18:05:41,462 INFO Parsed 1500000 reads
2019-05-01 18:05:42,687 INFO Parsed 1600000 reads
2019-05-01 18:05:43,882 INFO Parsed 1700000 reads
2019-05-01 18:05:45,079 INFO Parsed 1800000 reads
2019-05-01 18:05:46,274 INFO Parsed 1900000 reads
2019-05-01 18:05:47,469 INFO Parsed 2000000 reads
2019-05-01 18:05:48,663 INFO Parsed 2100000 reads
2019-05-01 18:05:49,860 INFO Parsed 2200000 reads
2019-05-01 18:05:51,065 INFO Parsed 2300000 reads
2019-05-01 18:05:52,265 INFO Parsed 2400000 reads
2019-05-01 18:05:53,463 INFO Parsed 2500000 reads
2019-05-01 18:05:54,662 INFO Parsed 2600000 reads
2019-05-01 18:05:55,861 INFO Parsed 2700000 reads
2019-05-01 18:05:57,060 INFO Parsed 2800000 reads
2019-05-01 18:05:58,260 INFO Parsed 2900000 reads
2019-05-01 18:05:59,457 INFO Parsed 3000000 reads
2019-05-01 18:06:00,654 INFO Parsed 3100000 reads
2019-05-01 18:06:01,852 INFO Parsed 3200000 reads
2019-05-01 18:06:03,050 INFO Parsed 3300000 reads
2019-05-01 18:06:04,249 INFO Parsed 3400000 reads
2019-05-01 18:06:05,455 INFO Parsed 3500000 reads
2019-05-01 18:06:06,661 INFO Parsed 3600000 reads
2019-05-01 18:06:07,864 INFO Parsed 3700000 reads
2019-05-01 18:06:09,065 INFO Parsed 3800000 reads
2019-05-01 18:06:10,263 INFO Parsed 3900000 reads
2019-05-01 18:06:11,462 INFO Parsed 4000000 reads
2019-05-01 18:06:12,662 INFO Parsed 4100000 reads
2019-05-01 18:06:13,862 INFO Parsed 4200000 reads
2019-05-01 18:06:15,061 INFO Parsed 4300000 reads
2019-05-01 18:06:16,259 INFO Parsed 4400000 reads
2019-05-01 18:06:17,456 INFO Parsed 4500000 reads
2019-05-01 18:06:18,654 INFO Parsed 4600000 reads
2019-05-01 18:06:19,853 INFO Parsed 4700000 reads
2019-05-01 18:06:21,053 INFO Parsed 4800000 reads
2019-05-01 18:06:22,251 INFO Parsed 4900000 reads
2019-05-01 18:06:23,450 INFO Parsed 5000000 reads
2019-05-01 18:06:24,649 INFO Parsed 5100000 reads
2019-05-01 18:06:25,848 INFO Parsed 5200000 reads
2019-05-01 18:06:27,046 INFO Parsed 5300000 reads
2019-05-01 18:06:28,246 INFO Parsed 5400000 reads
2019-05-01 18:06:29,445 INFO Parsed 5500000 reads
2019-05-01 18:06:30,647 INFO Parsed 5600000 reads
2019-05-01 18:06:31,852 INFO Parsed 5700000 reads
2019-05-01 18:06:33,056 INFO Parsed 5800000 reads
2019-05-01 18:06:34,261 INFO Parsed 5900000 reads
2019-05-01 18:06:35,465 INFO Parsed 6000000 reads
2019-05-01 18:06:36,668 INFO Parsed 6100000 reads
2019-05-01 18:06:37,869 INFO Parsed 6200000 reads
2019-05-01 18:06:39,071 INFO Parsed 6300000 reads
2019-05-01 18:06:40,273 INFO Parsed 6400000 reads
2019-05-01 18:06:41,477 INFO Parsed 6500000 reads
2019-05-01 18:06:42,678 INFO Parsed 6600000 reads
2019-05-01 18:06:43,879 INFO Parsed 6700000 reads
2019-05-01 18:06:45,082 INFO Parsed 6800000 reads
2019-05-01 18:06:46,284 INFO Parsed 6900000 reads
2019-05-01 18:06:47,489 INFO Parsed 7000000 reads
2019-05-01 18:06:48,692 INFO Parsed 7100000 reads
2019-05-01 18:06:49,897 INFO Parsed 7200000 reads
2019-05-01 18:06:51,102 INFO Parsed 7300000 reads
2019-05-01 18:06:52,305 INFO Parsed 7400000 reads
2019-05-01 18:06:53,507 INFO Parsed 7500000 reads
2019-05-01 18:06:54,711 INFO Parsed 7600000 reads
2019-05-01 18:06:55,914 INFO Parsed 7700000 reads
2019-05-01 18:06:57,117 INFO Parsed 7800000 reads
2019-05-01 18:06:58,317 INFO Parsed 7900000 reads
2019-05-01 18:06:59,519 INFO Parsed 8000000 reads
2019-05-01 18:07:00,718 INFO Parsed 8100000 reads
2019-05-01 18:07:01,914 INFO Parsed 8200000 reads
2019-05-01 18:07:03,115 INFO Parsed 8300000 reads
2019-05-01 18:07:04,314 INFO Parsed 8400000 reads
2019-05-01 18:07:05,514 INFO Parsed 8500000 reads
2019-05-01 18:07:06,712 INFO Parsed 8600000 reads
2019-05-01 18:07:07,912 INFO Parsed 8700000 reads
2019-05-01 18:07:09,113 INFO Parsed 8800000 reads
2019-05-01 18:07:10,317 INFO Parsed 8900000 reads
2019-05-01 18:07:11,518 INFO Parsed 9000000 reads
2019-05-01 18:07:12,729 INFO Parsed 9100000 reads
2019-05-01 18:07:13,938 INFO Parsed 9200000 reads
2019-05-01 18:07:15,141 INFO Parsed 9300000 reads
2019-05-01 18:07:16,341 INFO Parsed 9400000 reads
2019-05-01 18:07:17,539 INFO Parsed 9500000 reads
2019-05-01 18:07:18,738 INFO Parsed 9600000 reads
2019-05-01 18:07:19,937 INFO Parsed 9700000 reads
2019-05-01 18:07:21,138 INFO Parsed 9800000 reads
2019-05-01 18:07:22,337 INFO Parsed 9900000 reads
2019-05-01 18:07:23,535 INFO Parsed 10000000 reads
2019-05-01 18:07:24,736 INFO Parsed 10100000 reads
2019-05-01 18:07:25,936 INFO Parsed 10200000 reads
2019-05-01 18:07:27,133 INFO Parsed 10300000 reads
2019-05-01 18:07:28,333 INFO Parsed 10400000 reads
2019-05-01 18:07:29,534 INFO Parsed 10500000 reads
2019-05-01 18:07:30,733 INFO Parsed 10600000 reads
2019-05-01 18:07:31,933 INFO Parsed 10700000 reads
2019-05-01 18:07:33,148 INFO Parsed 10800000 reads
2019-05-01 18:07:34,344 INFO Parsed 10900000 reads
2019-05-01 18:07:35,543 INFO Parsed 11000000 reads
2019-05-01 18:07:36,740 INFO Parsed 11100000 reads
2019-05-01 18:07:37,936 INFO Parsed 11200000 reads
2019-05-01 18:07:39,132 INFO Parsed 11300000 reads
2019-05-01 18:07:40,328 INFO Parsed 11400000 reads
2019-05-01 18:07:41,521 INFO Parsed 11500000 reads
2019-05-01 18:07:42,713 INFO Parsed 11600000 reads
2019-05-01 18:07:43,904 INFO Parsed 11700000 reads
2019-05-01 18:07:45,094 INFO Parsed 11800000 reads
2019-05-01 18:07:46,284 INFO Parsed 11900000 reads
2019-05-01 18:07:47,475 INFO Parsed 12000000 reads
2019-05-01 18:07:48,666 INFO Parsed 12100000 reads
2019-05-01 18:07:49,855 INFO Parsed 12200000 reads
2019-05-01 18:07:51,044 INFO Parsed 12300000 reads
2019-05-01 18:07:52,233 INFO Parsed 12400000 reads
2019-05-01 18:07:53,423 INFO Parsed 12500000 reads
2019-05-01 18:07:54,612 INFO Parsed 12600000 reads
2019-05-01 18:07:55,801 INFO Parsed 12700000 reads
2019-05-01 18:07:56,990 INFO Parsed 12800000 reads
2019-05-01 18:07:58,181 INFO Parsed 12900000 reads
2019-05-01 18:07:59,371 INFO Parsed 13000000 reads
2019-05-01 18:08:00,561 INFO Parsed 13100000 reads
2019-05-01 18:08:01,751 INFO Parsed 13200000 reads
2019-05-01 18:08:02,940 INFO Parsed 13300000 reads
2019-05-01 18:08:04,133 INFO Parsed 13400000 reads
2019-05-01 18:08:05,324 INFO Parsed 13500000 reads
2019-05-01 18:08:06,517 INFO Parsed 13600000 reads
2019-05-01 18:08:07,709 INFO Parsed 13700000 reads
2019-05-01 18:08:08,903 INFO Parsed 13800000 reads
2019-05-01 18:08:10,094 INFO Parsed 13900000 reads
2019-05-01 18:08:11,285 INFO Parsed 14000000 reads
2019-05-01 18:08:12,486 INFO Parsed 14100000 reads
2019-05-01 18:08:13,682 INFO Parsed 14200000 reads
2019-05-01 18:08:14,877 INFO Parsed 14300000 reads
2019-05-01 18:08:16,071 INFO Parsed 14400000 reads
2019-05-01 18:08:17,264 INFO Parsed 14500000 reads
2019-05-01 18:08:18,458 INFO Parsed 14600000 reads
2019-05-01 18:08:19,650 INFO Parsed 14700000 reads
2019-05-01 18:08:20,841 INFO Parsed 14800000 reads
2019-05-01 18:08:22,030 INFO Parsed 14900000 reads
2019-05-01 18:08:23,222 INFO Parsed 15000000 reads
2019-05-01 18:08:24,409 INFO Parsed 15100000 reads
2019-05-01 18:08:25,599 INFO Parsed 15200000 reads
2019-05-01 18:08:26,787 INFO Parsed 15300000 reads
2019-05-01 18:08:27,978 INFO Parsed 15400000 reads
2019-05-01 18:08:29,167 INFO Parsed 15500000 reads
2019-05-01 18:08:30,356 INFO Parsed 15600000 reads
2019-05-01 18:08:31,544 INFO Parsed 15700000 reads
2019-05-01 18:08:32,735 INFO Parsed 15800000 reads
2019-05-01 18:08:33,926 INFO Parsed 15900000 reads
2019-05-01 18:08:35,116 INFO Parsed 16000000 reads
2019-05-01 18:08:36,306 INFO Parsed 16100000 reads
2019-05-01 18:08:37,499 INFO Parsed 16200000 reads
2019-05-01 18:08:38,691 INFO Parsed 16300000 reads
2019-05-01 18:08:39,883 INFO Parsed 16400000 reads
2019-05-01 18:08:41,075 INFO Parsed 16500000 reads
2019-05-01 18:08:42,266 INFO Parsed 16600000 reads
2019-05-01 18:08:43,456 INFO Parsed 16700000 reads
2019-05-01 18:08:44,647 INFO Parsed 16800000 reads
2019-05-01 18:08:45,837 INFO Parsed 16900000 reads
2019-05-01 18:08:47,025 INFO Parsed 17000000 reads
2019-05-01 18:08:48,212 INFO Parsed 17100000 reads
2019-05-01 18:08:49,401 INFO Parsed 17200000 reads
2019-05-01 18:08:50,590 INFO Parsed 17300000 reads
2019-05-01 18:08:51,779 INFO Parsed 17400000 reads
2019-05-01 18:08:52,967 INFO Parsed 17500000 reads
2019-05-01 18:08:54,155 INFO Parsed 17600000 reads
2019-05-01 18:08:55,343 INFO Parsed 17700000 reads
2019-05-01 18:08:56,533 INFO Parsed 17800000 reads
2019-05-01 18:08:57,719 INFO Parsed 17900000 reads
2019-05-01 18:08:58,906 INFO Parsed 18000000 reads
2019-05-01 18:09:00,093 INFO Parsed 18100000 reads
2019-05-01 18:09:01,280 INFO Parsed 18200000 reads
2019-05-01 18:09:02,468 INFO Parsed 18300000 reads
2019-05-01 18:09:03,658 INFO Parsed 18400000 reads
2019-05-01 18:09:04,846 INFO Parsed 18500000 reads
2019-05-01 18:09:06,034 INFO Parsed 18600000 reads
2019-05-01 18:09:07,224 INFO Parsed 18700000 reads
2019-05-01 18:09:08,414 INFO Parsed 18800000 reads
2019-05-01 18:09:09,601 INFO Parsed 18900000 reads
2019-05-01 18:09:10,789 INFO Parsed 19000000 reads
2019-05-01 18:09:11,981 INFO Parsed 19100000 reads
2019-05-01 18:09:13,176 INFO Parsed 19200000 reads
2019-05-01 18:09:14,368 INFO Parsed 19300000 reads
2019-05-01 18:09:15,563 INFO Parsed 19400000 reads
2019-05-01 18:09:16,758 INFO Parsed 19500000 reads
2019-05-01 18:09:17,952 INFO Parsed 19600000 reads
2019-05-01 18:09:19,146 INFO Parsed 19700000 reads
2019-05-01 18:09:20,340 INFO Parsed 19800000 reads
2019-05-01 18:09:21,533 INFO Parsed 19900000 reads
2019-05-01 18:09:22,722 INFO Parsed 20000000 reads
2019-05-01 18:09:23,912 INFO Parsed 20100000 reads
2019-05-01 18:09:25,102 INFO Parsed 20200000 reads
2019-05-01 18:09:26,290 INFO Parsed 20300000 reads
2019-05-01 18:09:27,480 INFO Parsed 20400000 reads
2019-05-01 18:09:28,672 INFO Parsed 20500000 reads
2019-05-01 18:09:29,864 INFO Parsed 20600000 reads
2019-05-01 18:09:31,054 INFO Parsed 20700000 reads
2019-05-01 18:09:32,244 INFO Parsed 20800000 reads
2019-05-01 18:09:33,434 INFO Parsed 20900000 reads
2019-05-01 18:09:34,625 INFO Parsed 21000000 reads
2019-05-01 18:09:35,814 INFO Parsed 21100000 reads
2019-05-01 18:09:37,004 INFO Parsed 21200000 reads
2019-05-01 18:09:38,195 INFO Parsed 21300000 reads
2019-05-01 18:09:39,386 INFO Parsed 21400000 reads
2019-05-01 18:09:40,577 INFO Parsed 21500000 reads
2019-05-01 18:09:41,770 INFO Parsed 21600000 reads
2019-05-01 18:09:42,966 INFO Parsed 21700000 reads
2019-05-01 18:09:44,160 INFO Parsed 21800000 reads
2019-05-01 18:09:45,353 INFO Parsed 21900000 reads
2019-05-01 18:09:46,546 INFO Parsed 22000000 reads
2019-05-01 18:09:47,739 INFO Parsed 22100000 reads
2019-05-01 18:09:48,931 INFO Parsed 22200000 reads
2019-05-01 18:09:50,121 INFO Parsed 22300000 reads
2019-05-01 18:09:51,313 INFO Parsed 22400000 reads
2019-05-01 18:09:52,504 INFO Parsed 22500000 reads
2019-05-01 18:09:53,697 INFO Parsed 22600000 reads
2019-05-01 18:09:54,888 INFO Parsed 22700000 reads
2019-05-01 18:09:56,076 INFO Parsed 22800000 reads
2019-05-01 18:09:57,264 INFO Parsed 22900000 reads
2019-05-01 18:09:58,456 INFO Parsed 23000000 reads
2019-05-01 18:09:59,646 INFO Parsed 23100000 reads
2019-05-01 18:10:00,837 INFO Parsed 23200000 reads
2019-05-01 18:10:02,028 INFO Parsed 23300000 reads
2019-05-01 18:10:03,219 INFO Parsed 23400000 reads
2019-05-01 18:10:04,409 INFO Parsed 23500000 reads
2019-05-01 18:10:05,600 INFO Parsed 23600000 reads
2019-05-01 18:10:06,790 INFO Parsed 23700000 reads
2019-05-01 18:10:07,978 INFO Parsed 23800000 reads
2019-05-01 18:10:09,168 INFO Parsed 23900000 reads
2019-05-01 18:10:10,358 INFO Parsed 24000000 reads
2019-05-01 18:10:11,549 INFO Parsed 24100000 reads
2019-05-01 18:10:12,747 INFO Parsed 24200000 reads
2019-05-01 18:10:13,939 INFO Parsed 24300000 reads
2019-05-01 18:10:15,131 INFO Parsed 24400000 reads
2019-05-01 18:10:16,323 INFO Parsed 24500000 reads
2019-05-01 18:10:17,513 INFO Parsed 24600000 reads
2019-05-01 18:10:18,700 INFO Parsed 24700000 reads
2019-05-01 18:10:19,889 INFO Parsed 24800000 reads
2019-05-01 18:10:21,077 INFO Parsed 24900000 reads
2019-05-01 18:10:22,267 INFO Parsed 25000000 reads
2019-05-01 18:10:23,456 INFO Parsed 25100000 reads
2019-05-01 18:10:24,646 INFO Parsed 25200000 reads
2019-05-01 18:10:25,835 INFO Parsed 25300000 reads
2019-05-01 18:10:27,023 INFO Parsed 25400000 reads
2019-05-01 18:10:28,210 INFO Parsed 25500000 reads
2019-05-01 18:10:29,398 INFO Parsed 25600000 reads
2019-05-01 18:10:30,588 INFO Parsed 25700000 reads
2019-05-01 18:10:31,778 INFO Parsed 25800000 reads
2019-05-01 18:10:32,968 INFO Parsed 25900000 reads
2019-05-01 18:10:34,155 INFO Parsed 26000000 reads
2019-05-01 18:10:35,340 INFO Parsed 26100000 reads
2019-05-01 18:10:36,527 INFO Parsed 26200000 reads
2019-05-01 18:10:37,712 INFO Parsed 26300000 reads
2019-05-01 18:10:38,903 INFO Parsed 26400000 reads
2019-05-01 18:10:40,093 INFO Parsed 26500000 reads
2019-05-01 18:10:41,283 INFO Parsed 26600000 reads
2019-05-01 18:10:42,474 INFO Parsed 26700000 reads
2019-05-01 18:10:43,717 INFO Parsed 26800000 reads
2019-05-01 18:10:44,906 INFO Parsed 26900000 reads
2019-05-01 18:10:46,098 INFO Parsed 27000000 reads
2019-05-01 18:10:47,288 INFO Parsed 27100000 reads
2019-05-01 18:10:48,475 INFO Parsed 27200000 reads
2019-05-01 18:10:49,664 INFO Parsed 27300000 reads
2019-05-01 18:10:50,854 INFO Parsed 27400000 reads
2019-05-01 18:10:52,045 INFO Parsed 27500000 reads
2019-05-01 18:10:53,237 INFO Parsed 27600000 reads
2019-05-01 18:10:54,427 INFO Parsed 27700000 reads
2019-05-01 18:10:55,617 INFO Parsed 27800000 reads
2019-05-01 18:10:56,807 INFO Parsed 27900000 reads
2019-05-01 18:10:57,996 INFO Parsed 28000000 reads
2019-05-01 18:10:59,184 INFO Parsed 28100000 reads
2019-05-01 18:11:00,375 INFO Parsed 28200000 reads
2019-05-01 18:11:01,565 INFO Parsed 28300000 reads
2019-05-01 18:11:02,753 INFO Parsed 28400000 reads
2019-05-01 18:11:03,942 INFO Parsed 28500000 reads
2019-05-01 18:11:05,130 INFO Parsed 28600000 reads
2019-05-01 18:11:06,316 INFO Parsed 28700000 reads
2019-05-01 18:11:07,507 INFO Parsed 28800000 reads
2019-05-01 18:11:08,697 INFO Parsed 28900000 reads
2019-05-01 18:11:09,886 INFO Parsed 29000000 reads
2019-05-01 18:11:11,077 INFO Parsed 29100000 reads
2019-05-01 18:11:12,276 INFO Parsed 29200000 reads
2019-05-01 18:11:13,473 INFO Parsed 29300000 reads
2019-05-01 18:11:14,671 INFO Parsed 29400000 reads
2019-05-01 18:11:15,864 INFO Parsed 29500000 reads
2019-05-01 18:11:17,057 INFO Parsed 29600000 reads
2019-05-01 18:11:18,248 INFO Parsed 29700000 reads
2019-05-01 18:11:19,438 INFO Parsed 29800000 reads
2019-05-01 18:11:20,627 INFO Parsed 29900000 reads
2019-05-01 18:11:21,817 INFO Parsed 30000000 reads
2019-05-01 18:11:23,010 INFO Parsed 30100000 reads
2019-05-01 18:11:24,201 INFO Parsed 30200000 reads
2019-05-01 18:11:25,394 INFO Parsed 30300000 reads
2019-05-01 18:11:26,584 INFO Parsed 30400000 reads
2019-05-01 18:11:27,777 INFO Parsed 30500000 reads
2019-05-01 18:11:28,967 INFO Parsed 30600000 reads
2019-05-01 18:11:30,156 INFO Parsed 30700000 reads
2019-05-01 18:11:31,344 INFO Parsed 30800000 reads
2019-05-01 18:11:32,536 INFO Parsed 30900000 reads
2019-05-01 18:11:33,726 INFO Parsed 31000000 reads
2019-05-01 18:11:34,915 INFO Parsed 31100000 reads
2019-05-01 18:11:36,104 INFO Parsed 31200000 reads
2019-05-01 18:11:37,296 INFO Parsed 31300000 reads
2019-05-01 18:11:38,485 INFO Parsed 31400000 reads
2019-05-01 18:11:39,675 INFO Parsed 31500000 reads
2019-05-01 18:11:40,864 INFO Parsed 31600000 reads
2019-05-01 18:11:42,049 INFO Parsed 31700000 reads
2019-05-01 18:11:43,237 INFO Parsed 31800000 reads
2019-05-01 18:11:44,424 INFO Parsed 31900000 reads
2019-05-01 18:11:45,611 INFO Parsed 32000000 reads
2019-05-01 18:11:46,797 INFO Parsed 32100000 reads
2019-05-01 18:11:47,984 INFO Parsed 32200000 reads
2019-05-01 18:11:49,169 INFO Parsed 32300000 reads
2019-05-01 18:11:50,357 INFO Parsed 32400000 reads
2019-05-01 18:11:51,546 INFO Parsed 32500000 reads
2019-05-01 18:11:52,733 INFO Parsed 32600000 reads
2019-05-01 18:11:53,919 INFO Parsed 32700000 reads
2019-05-01 18:11:55,105 INFO Parsed 32800000 reads
2019-05-01 18:11:56,292 INFO Parsed 32900000 reads
2019-05-01 18:11:57,479 INFO Parsed 33000000 reads
2019-05-01 18:11:58,667 INFO Parsed 33100000 reads
2019-05-01 18:11:59,856 INFO Parsed 33200000 reads
2019-05-01 18:12:01,045 INFO Parsed 33300000 reads
2019-05-01 18:12:02,234 INFO Parsed 33400000 reads
2019-05-01 18:12:03,423 INFO Parsed 33500000 reads
2019-05-01 18:12:04,611 INFO Parsed 33600000 reads
2019-05-01 18:12:05,801 INFO Parsed 33700000 reads
2019-05-01 18:12:06,991 INFO Parsed 33800000 reads
2019-05-01 18:12:08,179 INFO Parsed 33900000 reads
2019-05-01 18:12:09,371 INFO Parsed 34000000 reads
2019-05-01 18:12:10,560 INFO Parsed 34100000 reads
2019-05-01 18:12:11,753 INFO Parsed 34200000 reads
2019-05-01 18:12:12,951 INFO Parsed 34300000 reads
2019-05-01 18:12:14,144 INFO Parsed 34400000 reads
2019-05-01 18:12:15,338 INFO Parsed 34500000 reads
2019-05-01 18:12:16,532 INFO Parsed 34600000 reads
2019-05-01 18:12:17,723 INFO Parsed 34700000 reads
2019-05-01 18:12:18,916 INFO Parsed 34800000 reads
2019-05-01 18:12:20,107 INFO Parsed 34900000 reads
2019-05-01 18:12:21,299 INFO Parsed 35000000 reads
2019-05-01 18:12:22,490 INFO Parsed 35100000 reads
2019-05-01 18:12:23,681 INFO Parsed 35200000 reads
2019-05-01 18:12:24,873 INFO Parsed 35300000 reads
2019-05-01 18:12:26,066 INFO Parsed 35400000 reads
2019-05-01 18:12:27,259 INFO Parsed 35500000 reads
2019-05-01 18:12:28,451 INFO Parsed 35600000 reads
2019-05-01 18:12:29,644 INFO Parsed 35700000 reads
2019-05-01 18:12:30,836 INFO Parsed 35800000 reads
2019-05-01 18:12:32,028 INFO Parsed 35900000 reads
2019-05-01 18:12:33,222 INFO Parsed 36000000 reads
2019-05-01 18:12:34,417 INFO Parsed 36100000 reads
2019-05-01 18:12:35,606 INFO Parsed 36200000 reads
2019-05-01 18:12:36,794 INFO Parsed 36300000 reads
2019-05-01 18:12:37,982 INFO Parsed 36400000 reads
2019-05-01 18:12:39,169 INFO Parsed 36500000 reads
2019-05-01 18:12:40,357 INFO Parsed 36600000 reads
2019-05-01 18:12:41,546 INFO Parsed 36700000 reads
2019-05-01 18:12:42,734 INFO Parsed 36800000 reads
2019-05-01 18:12:43,922 INFO Parsed 36900000 reads
2019-05-01 18:12:45,107 INFO Parsed 37000000 reads
2019-05-01 18:12:46,294 INFO Parsed 37100000 reads
2019-05-01 18:12:47,480 INFO Parsed 37200000 reads
2019-05-01 18:12:48,668 INFO Parsed 37300000 reads
2019-05-01 18:12:49,855 INFO Parsed 37400000 reads
2019-05-01 18:12:51,042 INFO Parsed 37500000 reads
2019-05-01 18:12:52,228 INFO Parsed 37600000 reads
2019-05-01 18:12:53,412 INFO Parsed 37700000 reads
2019-05-01 18:12:54,597 INFO Parsed 37800000 reads
2019-05-01 18:12:55,782 INFO Parsed 37900000 reads
2019-05-01 18:12:57,016 INFO Parsed 38000000 reads
2019-05-01 18:12:58,279 INFO Parsed 38100000 reads
2019-05-01 18:12:59,541 INFO Parsed 38200000 reads
2019-05-01 18:13:00,804 INFO Parsed 38300000 reads
2019-05-01 18:13:02,067 INFO Parsed 38400000 reads
2019-05-01 18:13:03,330 INFO Parsed 38500000 reads
2019-05-01 18:13:04,595 INFO Parsed 38600000 reads
2019-05-01 18:13:05,857 INFO Parsed 38700000 reads
2019-05-01 18:13:07,114 INFO Parsed 38800000 reads
2019-05-01 18:13:08,297 INFO Parsed 38900000 reads
2019-05-01 18:13:09,484 INFO Parsed 39000000 reads
2019-05-01 18:13:10,670 INFO Parsed 39100000 reads
2019-05-01 18:13:11,861 INFO Parsed 39200000 reads
2019-05-01 18:13:13,053 INFO Parsed 39300000 reads
2019-05-01 18:13:14,245 INFO Parsed 39400000 reads
2019-05-01 18:13:15,435 INFO Parsed 39500000 reads
2019-05-01 18:13:16,623 INFO Parsed 39600000 reads
2019-05-01 18:13:17,812 INFO Parsed 39700000 reads
2019-05-01 18:13:18,999 INFO Parsed 39800000 reads
2019-05-01 18:13:20,188 INFO Parsed 39900000 reads
2019-05-01 18:13:21,375 INFO Parsed 40000000 reads
2019-05-01 18:13:22,565 INFO Parsed 40100000 reads
2019-05-01 18:13:23,752 INFO Parsed 40200000 reads
2019-05-01 18:13:24,941 INFO Parsed 40300000 reads
2019-05-01 18:13:26,129 INFO Parsed 40400000 reads
2019-05-01 18:13:27,318 INFO Parsed 40500000 reads
2019-05-01 18:13:28,507 INFO Parsed 40600000 reads
2019-05-01 18:13:29,697 INFO Parsed 40700000 reads
2019-05-01 18:13:30,886 INFO Parsed 40800000 reads
2019-05-01 18:13:32,077 INFO Parsed 40900000 reads
2019-05-01 18:13:33,271 INFO Parsed 41000000 reads
2019-05-01 18:13:34,460 INFO Parsed 41100000 reads
2019-05-01 18:13:35,651 INFO Parsed 41200000 reads
2019-05-01 18:13:36,843 INFO Parsed 41300000 reads
2019-05-01 18:13:38,032 INFO Parsed 41400000 reads
2019-05-01 18:13:39,224 INFO Parsed 41500000 reads
2019-05-01 18:13:40,420 INFO Parsed 41600000 reads
2019-05-01 18:13:41,612 INFO Parsed 41700000 reads
2019-05-01 18:13:42,807 INFO Parsed 41800000 reads
2019-05-01 18:13:44,003 INFO Parsed 41900000 reads
2019-05-01 18:13:45,193 INFO Parsed 42000000 reads
2019-05-01 18:13:46,385 INFO Parsed 42100000 reads
2019-05-01 18:13:47,576 INFO Parsed 42200000 reads
2019-05-01 18:13:48,769 INFO Parsed 42300000 reads
2019-05-01 18:13:49,959 INFO Parsed 42400000 reads
2019-05-01 18:13:51,149 INFO Parsed 42500000 reads
2019-05-01 18:13:52,341 INFO Parsed 42600000 reads
2019-05-01 18:13:53,533 INFO Parsed 42700000 reads
2019-05-01 18:13:54,724 INFO Parsed 42800000 reads
2019-05-01 18:13:55,916 INFO Parsed 42900000 reads
2019-05-01 18:13:57,107 INFO Parsed 43000000 reads
2019-05-01 18:13:58,300 INFO Parsed 43100000 reads
2019-05-01 18:13:59,493 INFO Parsed 43200000 reads
2019-05-01 18:14:00,686 INFO Parsed 43300000 reads
2019-05-01 18:14:01,879 INFO Parsed 43400000 reads
2019-05-01 18:14:03,071 INFO Parsed 43500000 reads
2019-05-01 18:14:04,262 INFO Parsed 43600000 reads
2019-05-01 18:14:05,450 INFO Parsed 43700000 reads
2019-05-01 18:14:06,640 INFO Parsed 43800000 reads
2019-05-01 18:14:07,832 INFO Parsed 43900000 reads
2019-05-01 18:14:09,025 INFO Parsed 44000000 reads
2019-05-01 18:14:10,216 INFO Parsed 44100000 reads
2019-05-01 18:14:11,407 INFO Parsed 44200000 reads
2019-05-01 18:14:12,604 INFO Parsed 44300000 reads
2019-05-01 18:14:13,802 INFO Parsed 44400000 reads
2019-05-01 18:14:14,993 INFO Parsed 44500000 reads
2019-05-01 18:14:16,186 INFO Parsed 44600000 reads
2019-05-01 18:14:17,378 INFO Parsed 44700000 reads
2019-05-01 18:14:18,569 INFO Parsed 44800000 reads
2019-05-01 18:14:19,759 INFO Parsed 44900000 reads
2019-05-01 18:14:20,950 INFO Parsed 45000000 reads
2019-05-01 18:14:22,142 INFO Parsed 45100000 reads
2019-05-01 18:14:23,354 INFO Parsed 45200000 reads
2019-05-01 18:14:24,578 INFO Parsed 45300000 reads
2019-05-01 18:14:25,771 INFO Parsed 45400000 reads
2019-05-01 18:14:26,961 INFO Parsed 45500000 reads
2019-05-01 18:14:28,150 INFO Parsed 45600000 reads
2019-05-01 18:14:29,341 INFO Parsed 45700000 reads
2019-05-01 18:14:30,532 INFO Parsed 45800000 reads
2019-05-01 18:14:31,725 INFO Parsed 45900000 reads
2019-05-01 18:14:32,915 INFO Parsed 46000000 reads
2019-05-01 18:14:34,105 INFO Parsed 46100000 reads
2019-05-01 18:14:35,296 INFO Parsed 46200000 reads
2019-05-01 18:14:36,489 INFO Parsed 46300000 reads
2019-05-01 18:14:37,680 INFO Parsed 46400000 reads
2019-05-01 18:14:38,871 INFO Parsed 46500000 reads
2019-05-01 18:14:40,064 INFO Parsed 46600000 reads
2019-05-01 18:14:41,264 INFO Parsed 46700000 reads
2019-05-01 18:14:42,458 INFO Parsed 46800000 reads
2019-05-01 18:14:43,652 INFO Parsed 46900000 reads
2019-05-01 18:14:44,843 INFO Parsed 47000000 reads
2019-05-01 18:14:46,034 INFO Parsed 47100000 reads
2019-05-01 18:14:47,222 INFO Parsed 47200000 reads
2019-05-01 18:14:48,413 INFO Parsed 47300000 reads
2019-05-01 18:14:49,605 INFO Parsed 47400000 reads
2019-05-01 18:14:50,798 INFO Parsed 47500000 reads
2019-05-01 18:14:51,992 INFO Parsed 47600000 reads
2019-05-01 18:14:53,229 INFO Parsed 47700000 reads
2019-05-01 18:14:54,492 INFO Parsed 47800000 reads
2019-05-01 18:14:55,758 INFO Parsed 47900000 reads
2019-05-01 18:14:57,008 INFO Parsed 48000000 reads
2019-05-01 18:14:58,222 INFO Parsed 48100000 reads
2019-05-01 18:14:59,432 INFO Parsed 48200000 reads
2019-05-01 18:15:00,696 INFO Parsed 48300000 reads
2019-05-01 18:15:01,886 INFO Parsed 48400000 reads
2019-05-01 18:15:03,079 INFO Parsed 48500000 reads
2019-05-01 18:15:04,280 INFO Parsed 48600000 reads
2019-05-01 18:15:05,473 INFO Parsed 48700000 reads
2019-05-01 18:15:06,664 INFO Parsed 48800000 reads
2019-05-01 18:15:07,855 INFO Parsed 48900000 reads
2019-05-01 18:15:09,047 INFO Parsed 49000000 reads
2019-05-01 18:15:10,237 INFO Parsed 49100000 reads
2019-05-01 18:15:11,426 INFO Parsed 49200000 reads
2019-05-01 18:15:12,627 INFO Parsed 49300000 reads
2019-05-01 18:15:13,827 INFO Parsed 49400000 reads
2019-05-01 18:15:15,026 INFO Parsed 49500000 reads
2019-05-01 18:15:16,226 INFO Parsed 49600000 reads
2019-05-01 18:15:17,427 INFO Parsed 49700000 reads
2019-05-01 18:15:18,621 INFO Parsed 49800000 reads
2019-05-01 18:15:19,814 INFO Parsed 49900000 reads
2019-05-01 18:15:21,013 INFO Parsed 50000000 reads
2019-05-01 18:15:22,210 INFO Parsed 50100000 reads
2019-05-01 18:15:23,404 INFO Parsed 50200000 reads
2019-05-01 18:15:24,599 INFO Parsed 50300000 reads
2019-05-01 18:15:25,791 INFO Parsed 50400000 reads
2019-05-01 18:15:26,989 INFO Parsed 50500000 reads
2019-05-01 18:15:28,186 INFO Parsed 50600000 reads
2019-05-01 18:15:29,381 INFO Parsed 50700000 reads
2019-05-01 18:15:30,571 INFO Parsed 50800000 reads
2019-05-01 18:15:31,763 INFO Parsed 50900000 reads
2019-05-01 18:15:32,956 INFO Parsed 51000000 reads
2019-05-01 18:15:34,148 INFO Parsed 51100000 reads
2019-05-01 18:15:35,340 INFO Parsed 51200000 reads
2019-05-01 18:15:36,533 INFO Parsed 51300000 reads
2019-05-01 18:15:37,735 INFO Parsed 51400000 reads
2019-05-01 18:15:38,932 INFO Parsed 51500000 reads
2019-05-01 18:15:40,128 INFO Parsed 51600000 reads
2019-05-01 18:15:41,319 INFO Parsed 51700000 reads
2019-05-01 18:15:42,510 INFO Parsed 51800000 reads
2019-05-01 18:15:43,704 INFO Parsed 51900000 reads
2019-05-01 18:15:44,898 INFO Parsed 52000000 reads
2019-05-01 18:15:46,086 INFO Parsed 52100000 reads
2019-05-01 18:15:47,276 INFO Parsed 52200000 reads
2019-05-01 18:15:48,466 INFO Parsed 52300000 reads
2019-05-01 18:15:49,656 INFO Parsed 52400000 reads
2019-05-01 18:15:50,846 INFO Parsed 52500000 reads
2019-05-01 18:15:52,038 INFO Parsed 52600000 reads
2019-05-01 18:15:53,231 INFO Parsed 52700000 reads
2019-05-01 18:15:54,428 INFO Parsed 52800000 reads
2019-05-01 18:15:55,625 INFO Parsed 52900000 reads
2019-05-01 18:15:56,817 INFO Parsed 53000000 reads
2019-05-01 18:15:58,009 INFO Parsed 53100000 reads
2019-05-01 18:15:59,200 INFO Parsed 53200000 reads
2019-05-01 18:16:00,392 INFO Parsed 53300000 reads
2019-05-01 18:16:01,584 INFO Parsed 53400000 reads
2019-05-01 18:16:02,775 INFO Parsed 53500000 reads
2019-05-01 18:16:04,011 INFO Parsed 53600000 reads
2019-05-01 18:16:05,202 INFO Parsed 53700000 reads
2019-05-01 18:16:06,394 INFO Parsed 53800000 reads
2019-05-01 18:16:07,584 INFO Parsed 53900000 reads
2019-05-01 18:16:08,776 INFO Parsed 54000000 reads
2019-05-01 18:16:09,968 INFO Parsed 54100000 reads
2019-05-01 18:16:11,157 INFO Parsed 54200000 reads
2019-05-01 18:16:12,347 INFO Parsed 54300000 reads
2019-05-01 18:16:13,539 INFO Parsed 54400000 reads
2019-05-01 18:16:14,729 INFO Parsed 54500000 reads
2019-05-01 18:16:15,921 INFO Parsed 54600000 reads
2019-05-01 18:16:17,112 INFO Parsed 54700000 reads
2019-05-01 18:16:18,305 INFO Parsed 54800000 reads
2019-05-01 18:16:19,498 INFO Parsed 54900000 reads
2019-05-01 18:16:20,691 INFO Parsed 55000000 reads
2019-05-01 18:16:21,891 INFO Parsed 55100000 reads
2019-05-01 18:16:23,087 INFO Parsed 55200000 reads
2019-05-01 18:16:24,282 INFO Parsed 55300000 reads
2019-05-01 18:16:25,476 INFO Parsed 55400000 reads
2019-05-01 18:16:26,669 INFO Parsed 55500000 reads
2019-05-01 18:16:27,861 INFO Parsed 55600000 reads
2019-05-01 18:16:29,053 INFO Parsed 55700000 reads
2019-05-01 18:16:30,246 INFO Parsed 55800000 reads
2019-05-01 18:16:31,438 INFO Parsed 55900000 reads
2019-05-01 18:16:32,633 INFO Parsed 56000000 reads
2019-05-01 18:16:33,827 INFO Parsed 56100000 reads
2019-05-01 18:16:35,020 INFO Parsed 56200000 reads
2019-05-01 18:16:36,215 INFO Parsed 56300000 reads
2019-05-01 18:16:37,410 INFO Parsed 56400000 reads
2019-05-01 18:16:38,601 INFO Parsed 56500000 reads
2019-05-01 18:16:39,793 INFO Parsed 56600000 reads
2019-05-01 18:16:40,986 INFO Parsed 56700000 reads
2019-05-01 18:16:42,179 INFO Parsed 56800000 reads
2019-05-01 18:16:43,370 INFO Parsed 56900000 reads
2019-05-01 18:16:44,562 INFO Parsed 57000000 reads
2019-05-01 18:16:45,755 INFO Parsed 57100000 reads
2019-05-01 18:16:46,948 INFO Parsed 57200000 reads
2019-05-01 18:16:48,143 INFO Parsed 57300000 reads
2019-05-01 18:16:49,338 INFO Parsed 57400000 reads
2019-05-01 18:16:50,529 INFO Parsed 57500000 reads
2019-05-01 18:16:51,726 INFO Parsed 57600000 reads
2019-05-01 18:16:52,918 INFO Parsed 57700000 reads
2019-05-01 18:16:54,110 INFO Parsed 57800000 reads
2019-05-01 18:16:55,304 INFO Parsed 57900000 reads
2019-05-01 18:16:56,496 INFO Parsed 58000000 reads
2019-05-01 18:16:57,688 INFO Parsed 58100000 reads
2019-05-01 18:16:58,881 INFO Parsed 58200000 reads
2019-05-01 18:17:00,076 INFO Parsed 58300000 reads
2019-05-01 18:17:01,270 INFO Parsed 58400000 reads
2019-05-01 18:17:02,466 INFO Parsed 58500000 reads
2019-05-01 18:17:03,661 INFO Parsed 58600000 reads
2019-05-01 18:17:04,865 INFO Parsed 58700000 reads
2019-05-01 18:17:04,901 INFO Starting - whitelist determination
2019-05-01 18:17:13,700 DEBUG findfont: Matching :family=sans-serif:style=normal:variant=normal:weight=normal:stretch=normal:size=10.0 to DejaVu Sans ('/data/users/jgilet/.local/python3.6/vEnv3.6/pySCENIC/lib/python3.6/site-packages/matplotlib/mpl-data/fonts/ttf/DejaVuSans.ttf') with score of 0.050000
2019-05-01 18:17:25,591 DEBUG findfont: Matching :family=STIXGeneral:style=normal:variant=normal:weight=normal:stretch=normal:size=10.0 to STIXGeneral ('/data/users/jgilet/.local/python3.6/vEnv3.6/pySCENIC/lib/python3.6/site-packages/matplotlib/mpl-data/fonts/ttf/STIXGeneral.ttf') with score of 0.050000
2019-05-01 18:17:25,642 DEBUG findfont: Matching :family=STIXGeneral:style=italic:variant=normal:weight=normal:stretch=normal:size=10.0 to STIXGeneral ('/data/users/jgilet/.local/python3.6/vEnv3.6/pySCENIC/lib/python3.6/site-packages/matplotlib/mpl-data/fonts/ttf/STIXGeneralItalic.ttf') with score of 0.050000
2019-05-01 18:17:25,644 DEBUG findfont: Matching :family=STIXGeneral:style=normal:variant=normal:weight=bold:stretch=normal:size=10.0 to STIXGeneral ('/data/users/jgilet/.local/python3.6/vEnv3.6/pySCENIC/lib/python3.6/site-packages/matplotlib/mpl-data/fonts/ttf/STIXGeneralBol.ttf') with score of 0.000000
2019-05-01 18:17:25,647 DEBUG findfont: Matching :family=STIXNonUnicode:style=normal:variant=normal:weight=normal:stretch=normal:size=10.0 to STIXNonUnicode ('/data/users/jgilet/.local/python3.6/vEnv3.6/pySCENIC/lib/python3.6/site-packages/matplotlib/mpl-data/fonts/ttf/STIXNonUni.ttf') with score of 0.050000
2019-05-01 18:17:25,650 DEBUG findfont: Matching :family=STIXNonUnicode:style=italic:variant=normal:weight=normal:stretch=normal:size=10.0 to STIXNonUnicode ('/data/users/jgilet/.local/python3.6/vEnv3.6/pySCENIC/lib/python3.6/site-packages/matplotlib/mpl-data/fonts/ttf/STIXNonUniIta.ttf') with score of 0.050000
2019-05-01 18:17:25,651 DEBUG findfont: Matching :family=STIXNonUnicode:style=normal:variant=normal:weight=bold:stretch=normal:size=10.0 to STIXNonUnicode ('/data/users/jgilet/.local/python3.6/vEnv3.6/pySCENIC/lib/python3.6/site-packages/matplotlib/mpl-data/fonts/ttf/STIXNonUniBol.ttf') with score of 0.000000
2019-05-01 18:17:25,654 DEBUG findfont: Matching :family=STIXSizeOneSym:style=normal:variant=normal:weight=normal:stretch=normal:size=10.0 to STIXSizeOneSym ('/data/users/jgilet/.local/python3.6/vEnv3.6/pySCENIC/lib/python3.6/site-packages/matplotlib/mpl-data/fonts/ttf/STIXSizOneSymReg.ttf') with score of 0.050000
2019-05-01 18:17:25,657 DEBUG findfont: Matching :family=STIXSizeTwoSym:style=normal:variant=normal:weight=normal:stretch=normal:size=10.0 to STIXSizeTwoSym ('/data/users/jgilet/.local/python3.6/vEnv3.6/pySCENIC/lib/python3.6/site-packages/matplotlib/mpl-data/fonts/ttf/STIXSizTwoSymReg.ttf') with score of 0.050000
2019-05-01 18:17:25,706 DEBUG findfont: Matching :family=STIXSizeThreeSym:style=normal:variant=normal:weight=normal:stretch=normal:size=10.0 to STIXSizeThreeSym ('/data/users/jgilet/.local/python3.6/vEnv3.6/pySCENIC/lib/python3.6/site-packages/matplotlib/mpl-data/fonts/ttf/STIXSizThreeSymReg.ttf') with score of 0.050000
2019-05-01 18:17:25,709 DEBUG findfont: Matching :family=STIXSizeFourSym:style=normal:variant=normal:weight=normal:stretch=normal:size=10.0 to STIXSizeFourSym ('/data/users/jgilet/.local/python3.6/vEnv3.6/pySCENIC/lib/python3.6/site-packages/matplotlib/mpl-data/fonts/ttf/STIXSizFourSymReg.ttf') with score of 0.050000
2019-05-01 18:17:25,712 DEBUG findfont: Matching :family=STIXSizeFiveSym:style=normal:variant=normal:weight=normal:stretch=normal:size=10.0 to STIXSizeFiveSym ('/data/users/jgilet/.local/python3.6/vEnv3.6/pySCENIC/lib/python3.6/site-packages/matplotlib/mpl-data/fonts/ttf/STIXSizFiveSymReg.ttf') with score of 0.050000
2019-05-01 18:17:25,715 DEBUG findfont: Matching :family=cmsy10:style=normal:variant=normal:weight=normal:stretch=normal:size=10.0 to cmsy10 ('/data/users/jgilet/.local/python3.6/vEnv3.6/pySCENIC/lib/python3.6/site-packages/matplotlib/mpl-data/fonts/ttf/cmsy10.ttf') with score of 0.050000
2019-05-01 18:17:25,718 DEBUG findfont: Matching :family=cmr10:style=normal:variant=normal:weight=normal:stretch=normal:size=10.0 to cmr10 ('/data/users/jgilet/.local/python3.6/vEnv3.6/pySCENIC/lib/python3.6/site-packages/matplotlib/mpl-data/fonts/ttf/cmr10.ttf') with score of 0.050000
2019-05-01 18:17:25,721 DEBUG findfont: Matching :family=cmtt10:style=normal:variant=normal:weight=normal:stretch=normal:size=10.0 to cmtt10 ('/data/users/jgilet/.local/python3.6/vEnv3.6/pySCENIC/lib/python3.6/site-packages/matplotlib/mpl-data/fonts/ttf/cmtt10.ttf') with score of 0.050000
2019-05-01 18:17:25,724 DEBUG findfont: Matching :family=cmmi10:style=normal:variant=normal:weight=normal:stretch=normal:size=10.0 to cmmi10 ('/data/users/jgilet/.local/python3.6/vEnv3.6/pySCENIC/lib/python3.6/site-packages/matplotlib/mpl-data/fonts/ttf/cmmi10.ttf') with score of 0.050000
2019-05-01 18:17:25,778 DEBUG findfont: Matching :family=cmb10:style=normal:variant=normal:weight=normal:stretch=normal:size=10.0 to cmb10 ('/data/users/jgilet/.local/python3.6/vEnv3.6/pySCENIC/lib/python3.6/site-packages/matplotlib/mpl-data/fonts/ttf/cmb10.ttf') with score of 0.050000
2019-05-01 18:17:25,845 DEBUG findfont: Matching :family=cmss10:style=normal:variant=normal:weight=normal:stretch=normal:size=10.0 to cmss10 ('/data/users/jgilet/.local/python3.6/vEnv3.6/pySCENIC/lib/python3.6/site-packages/matplotlib/mpl-data/fonts/ttf/cmss10.ttf') with score of 0.050000
2019-05-01 18:17:25,848 DEBUG findfont: Matching :family=cmex10:style=normal:variant=normal:weight=normal:stretch=normal:size=10.0 to cmex10 ('/data/users/jgilet/.local/python3.6/vEnv3.6/pySCENIC/lib/python3.6/site-packages/matplotlib/mpl-data/fonts/ttf/cmex10.ttf') with score of 0.050000
2019-05-01 18:17:25,850 DEBUG findfont: Matching :family=DejaVu Sans:style=normal:variant=normal:weight=normal:stretch=normal:size=10.0 to DejaVu Sans ('/data/users/jgilet/.local/python3.6/vEnv3.6/pySCENIC/lib/python3.6/site-packages/matplotlib/mpl-data/fonts/ttf/DejaVuSans.ttf') with score of 0.050000
2019-05-01 18:17:25,853 DEBUG findfont: Matching :family=DejaVu Sans:style=italic:variant=normal:weight=normal:stretch=normal:size=10.0 to DejaVu Sans ('/data/users/jgilet/.local/python3.6/vEnv3.6/pySCENIC/lib/python3.6/site-packages/matplotlib/mpl-data/fonts/ttf/DejaVuSans-Oblique.ttf') with score of 0.150000
2019-05-01 18:17:25,856 DEBUG findfont: Matching :family=DejaVu Sans:style=normal:variant=normal:weight=bold:stretch=normal:size=10.0 to DejaVu Sans ('/data/users/jgilet/.local/python3.6/vEnv3.6/pySCENIC/lib/python3.6/site-packages/matplotlib/mpl-data/fonts/ttf/DejaVuSans-Bold.ttf') with score of 0.000000
2019-05-01 18:17:25,859 DEBUG findfont: Matching :family=DejaVu Sans Mono:style=normal:variant=normal:weight=normal:stretch=normal:size=10.0 to DejaVu Sans Mono ('/data/users/jgilet/.local/python3.6/vEnv3.6/pySCENIC/lib/python3.6/site-packages/matplotlib/mpl-data/fonts/ttf/DejaVuSansMono.ttf') with score of 0.050000
2019-05-01 18:17:25,863 DEBUG findfont: Matching :family=DejaVu Sans Display:style=normal:variant=normal:weight=normal:stretch=normal:size=10.0 to DejaVu Sans Display ('/data/users/jgilet/.local/python3.6/vEnv3.6/pySCENIC/lib/python3.6/site-packages/matplotlib/mpl-data/fonts/ttf/DejaVuSansDisplay.ttf') with score of 0.050000
2019-05-01 18:17:30,254 INFO Finished - whitelist determination
2019-05-01 18:17:30,254 INFO Starting - finding putative error cell barcodes
2019-05-01 18:20:18,518 INFO Finished - finding putative error cell barcodes
2019-05-01 18:20:18,518 INFO Writing out whitelist
2019-05-01 18:20:18,594 INFO Parsed 58702978 reads
2019-05-01 18:20:18,594 INFO 58702978 reads matched the barcode pattern
2019-05-01 18:20:18,594 INFO Found 722430 unique cell barcodes
# job finished in 896 seconds at Wed May  1 18:20:18 2019 -- 896.31  6.48  0.00  0.00 -- 342474ba-4635-4b3b-a7d7-a91c5e0409c0
