# output generated by whitelist --stdin fastq/pbmc_1k_p3_trimmed_R1.fastq.gz --bc-pattern=CCCCCCCCCCCCCCCCNNNNNNNNNNNN --expect-cells=1500 -L logs/umiWhitelistpbmc_1k_p3.log --verbose=2 --plot-prefix=cell_calling/filteringPlot_pbmc_1k_p3
# job started at Wed May  1 17:55:32 2019 on u932-ulm-2-57030120-6476.curie.fr -- deed8053-508a-4c57-93a0-3ca672f9b32f
# pid: 37280, system: Linux 3.10.0-862.3.2.el7.x86_64 #1 SMP Mon May 21 23:36:36 UTC 2018 x86_64
# blacklist_tsv                           : None
# cell_number                             : False
# compresslevel                           : 6
# error_correct_threshold                 : 1
# expect_cells                            : 1500
# extract_method                          : string
# filter_cell_barcodes                    : False
# log2stderr                              : False
# loglevel                                : 2
# method                                  : reads
# pattern                                 : CCCCCCCCCCCCCCCCNNNNNNNNNNNN
# pattern2                                : None
# plot_prefix                             : cell_calling/filteringPlot_pbmc_1k_p3
# prime3                                  : None
# random_seed                             : None
# read2_in                                : None
# short_help                              : None
# stderr                                  : <_io.TextIOWrapper name='<stderr>' mode='w' encoding='UTF-8'>
# stdin                                   : <_io.TextIOWrapper name='fastq/pbmc_1k_p3_trimmed_R1.fastq.gz' encoding='ascii'>
# stdlog                                  : <_io.TextIOWrapper name='logs/umiWhitelistpbmc_1k_p3.log' mode='a' encoding='UTF-8'>
# stdout                                  : <_io.TextIOWrapper name='<stdout>' mode='w' encoding='UTF-8'>
# subset_reads                            : 100000000
# timeit_file                             : None
# timeit_header                           : None
# timeit_name                             : all
# whitelist_tsv                           : None
2019-05-01 17:55:32,718 INFO Starting barcode extraction
2019-05-01 17:55:32,781 INFO Parsed 0 reads
2019-05-01 17:55:33,982 INFO Parsed 100000 reads
2019-05-01 17:55:35,223 INFO Parsed 200000 reads
2019-05-01 17:55:36,454 INFO Parsed 300000 reads
2019-05-01 17:55:37,671 INFO Parsed 400000 reads
2019-05-01 17:55:38,959 INFO Parsed 500000 reads
2019-05-01 17:55:40,194 INFO Parsed 600000 reads
2019-05-01 17:55:41,532 INFO Parsed 700000 reads
2019-05-01 17:55:42,936 INFO Parsed 800000 reads
2019-05-01 17:55:44,267 INFO Parsed 900000 reads
2019-05-01 17:55:45,634 INFO Parsed 1000000 reads
2019-05-01 17:55:51,181 INFO Parsed 1100000 reads
2019-05-01 17:55:52,440 INFO Parsed 1200000 reads
2019-05-01 17:55:53,703 INFO Parsed 1300000 reads
2019-05-01 17:55:54,951 INFO Parsed 1400000 reads
2019-05-01 17:55:56,397 INFO Parsed 1500000 reads
2019-05-01 17:55:57,961 INFO Parsed 1600000 reads
2019-05-01 17:55:59,401 INFO Parsed 1700000 reads
2019-05-01 17:56:01,138 INFO Parsed 1800000 reads
2019-05-01 17:56:02,778 INFO Parsed 1900000 reads
2019-05-01 17:56:04,429 INFO Parsed 2000000 reads
2019-05-01 17:56:05,933 INFO Parsed 2100000 reads
2019-05-01 17:56:10,805 INFO Parsed 2200000 reads
2019-05-01 17:56:12,065 INFO Parsed 2300000 reads
2019-05-01 17:56:13,256 INFO Parsed 2400000 reads
2019-05-01 17:56:14,492 INFO Parsed 2500000 reads
2019-05-01 17:56:15,752 INFO Parsed 2600000 reads
2019-05-01 17:56:17,054 INFO Parsed 2700000 reads
2019-05-01 17:56:18,322 INFO Parsed 2800000 reads
2019-05-01 17:56:19,561 INFO Parsed 2900000 reads
2019-05-01 17:56:20,838 INFO Parsed 3000000 reads
2019-05-01 17:56:22,130 INFO Parsed 3100000 reads
2019-05-01 17:56:23,371 INFO Parsed 3200000 reads
2019-05-01 17:56:24,652 INFO Parsed 3300000 reads
2019-05-01 17:56:26,098 INFO Parsed 3400000 reads
2019-05-01 17:56:27,488 INFO Parsed 3500000 reads
2019-05-01 17:56:29,076 INFO Parsed 3600000 reads
2019-05-01 17:56:30,710 INFO Parsed 3700000 reads
2019-05-01 17:56:32,480 INFO Parsed 3800000 reads
2019-05-01 17:56:34,234 INFO Parsed 3900000 reads
2019-05-01 17:56:35,970 INFO Parsed 4000000 reads
2019-05-01 17:56:37,611 INFO Parsed 4100000 reads
2019-05-01 17:56:39,177 INFO Parsed 4200000 reads
2019-05-01 17:56:40,804 INFO Parsed 4300000 reads
2019-05-01 17:56:42,376 INFO Parsed 4400000 reads
2019-05-01 17:56:43,832 INFO Parsed 4500000 reads
2019-05-01 17:56:45,881 INFO Parsed 4600000 reads
2019-05-01 17:56:47,079 INFO Parsed 4700000 reads
2019-05-01 17:56:48,304 INFO Parsed 4800000 reads
2019-05-01 17:56:49,499 INFO Parsed 4900000 reads
2019-05-01 17:56:50,699 INFO Parsed 5000000 reads
2019-05-01 17:56:51,926 INFO Parsed 5100000 reads
2019-05-01 17:56:53,128 INFO Parsed 5200000 reads
2019-05-01 17:56:54,366 INFO Parsed 5300000 reads
2019-05-01 17:56:55,586 INFO Parsed 5400000 reads
2019-05-01 17:56:56,812 INFO Parsed 5500000 reads
2019-05-01 17:56:58,011 INFO Parsed 5600000 reads
2019-05-01 17:56:59,239 INFO Parsed 5700000 reads
2019-05-01 17:57:00,446 INFO Parsed 5800000 reads
2019-05-01 17:57:01,652 INFO Parsed 5900000 reads
2019-05-01 17:57:02,858 INFO Parsed 6000000 reads
2019-05-01 17:57:04,082 INFO Parsed 6100000 reads
2019-05-01 17:57:05,282 INFO Parsed 6200000 reads
2019-05-01 17:57:06,495 INFO Parsed 6300000 reads
2019-05-01 17:57:07,709 INFO Parsed 6400000 reads
2019-05-01 17:57:08,964 INFO Parsed 6500000 reads
2019-05-01 17:57:10,274 INFO Parsed 6600000 reads
2019-05-01 17:57:11,591 INFO Parsed 6700000 reads
2019-05-01 17:57:12,824 INFO Parsed 6800000 reads
2019-05-01 17:57:14,060 INFO Parsed 6900000 reads
2019-05-01 17:57:15,262 INFO Parsed 7000000 reads
2019-05-01 17:57:16,495 INFO Parsed 7100000 reads
2019-05-01 17:57:17,850 INFO Parsed 7200000 reads
2019-05-01 17:57:19,251 INFO Parsed 7300000 reads
2019-05-01 17:57:20,684 INFO Parsed 7400000 reads
2019-05-01 17:57:22,100 INFO Parsed 7500000 reads
2019-05-01 17:57:23,678 INFO Parsed 7600000 reads
2019-05-01 17:57:25,335 INFO Parsed 7700000 reads
2019-05-01 17:57:26,760 INFO Parsed 7800000 reads
2019-05-01 17:57:31,669 INFO Parsed 7900000 reads
2019-05-01 17:57:33,491 INFO Parsed 8000000 reads
2019-05-01 17:57:36,918 INFO Parsed 8100000 reads
2019-05-01 17:57:38,172 INFO Parsed 8200000 reads
2019-05-01 17:57:39,410 INFO Parsed 8300000 reads
2019-05-01 17:57:40,692 INFO Parsed 8400000 reads
2019-05-01 17:57:41,900 INFO Parsed 8500000 reads
2019-05-01 17:57:43,140 INFO Parsed 8600000 reads
2019-05-01 17:57:44,393 INFO Parsed 8700000 reads
2019-05-01 17:57:45,616 INFO Parsed 8800000 reads
2019-05-01 17:57:46,844 INFO Parsed 8900000 reads
2019-05-01 17:57:48,095 INFO Parsed 9000000 reads
2019-05-01 17:57:49,313 INFO Parsed 9100000 reads
2019-05-01 17:57:50,541 INFO Parsed 9200000 reads
2019-05-01 17:57:51,779 INFO Parsed 9300000 reads
2019-05-01 17:57:52,985 INFO Parsed 9400000 reads
2019-05-01 17:57:54,202 INFO Parsed 9500000 reads
2019-05-01 17:57:55,396 INFO Parsed 9600000 reads
2019-05-01 17:57:56,590 INFO Parsed 9700000 reads
2019-05-01 17:57:57,812 INFO Parsed 9800000 reads
2019-05-01 17:57:59,008 INFO Parsed 9900000 reads
2019-05-01 17:58:00,223 INFO Parsed 10000000 reads
2019-05-01 17:58:01,434 INFO Parsed 10100000 reads
2019-05-01 17:58:02,658 INFO Parsed 10200000 reads
2019-05-01 17:58:03,874 INFO Parsed 10300000 reads
2019-05-01 17:58:05,078 INFO Parsed 10400000 reads
2019-05-01 17:58:07,199 INFO Parsed 10500000 reads
2019-05-01 17:58:08,428 INFO Parsed 10600000 reads
2019-05-01 17:58:09,662 INFO Parsed 10700000 reads
2019-05-01 17:58:10,921 INFO Parsed 10800000 reads
2019-05-01 17:58:12,156 INFO Parsed 10900000 reads
2019-05-01 17:58:13,370 INFO Parsed 11000000 reads
2019-05-01 17:58:14,781 INFO Parsed 11100000 reads
2019-05-01 17:58:16,421 INFO Parsed 11200000 reads
2019-05-01 17:58:17,633 INFO Parsed 11300000 reads
2019-05-01 17:58:19,149 INFO Parsed 11400000 reads
2019-05-01 17:58:20,960 INFO Parsed 11500000 reads
2019-05-01 17:58:22,397 INFO Parsed 11600000 reads
2019-05-01 17:58:23,800 INFO Parsed 11700000 reads
2019-05-01 17:58:32,959 INFO Parsed 11800000 reads
2019-05-01 17:58:34,194 INFO Parsed 11900000 reads
2019-05-01 17:58:35,427 INFO Parsed 12000000 reads
2019-05-01 17:58:36,663 INFO Parsed 12100000 reads
2019-05-01 17:58:37,910 INFO Parsed 12200000 reads
2019-05-01 17:58:39,139 INFO Parsed 12300000 reads
2019-05-01 17:58:40,394 INFO Parsed 12400000 reads
2019-05-01 17:58:41,639 INFO Parsed 12500000 reads
2019-05-01 17:58:42,896 INFO Parsed 12600000 reads
2019-05-01 17:58:44,140 INFO Parsed 12700000 reads
2019-05-01 17:58:45,416 INFO Parsed 12800000 reads
2019-05-01 17:58:46,671 INFO Parsed 12900000 reads
2019-05-01 17:58:47,943 INFO Parsed 13000000 reads
2019-05-01 17:58:49,216 INFO Parsed 13100000 reads
2019-05-01 17:58:50,463 INFO Parsed 13200000 reads
2019-05-01 17:58:51,696 INFO Parsed 13300000 reads
2019-05-01 17:58:52,926 INFO Parsed 13400000 reads
2019-05-01 17:58:54,170 INFO Parsed 13500000 reads
2019-05-01 17:58:55,385 INFO Parsed 13600000 reads
2019-05-01 17:58:56,608 INFO Parsed 13700000 reads
2019-05-01 17:58:57,813 INFO Parsed 13800000 reads
2019-05-01 17:58:59,055 INFO Parsed 13900000 reads
2019-05-01 17:59:00,337 INFO Parsed 14000000 reads
2019-05-01 17:59:01,551 INFO Parsed 14100000 reads
2019-05-01 17:59:02,780 INFO Parsed 14200000 reads
2019-05-01 17:59:04,041 INFO Parsed 14300000 reads
2019-05-01 17:59:05,260 INFO Parsed 14400000 reads
2019-05-01 17:59:06,456 INFO Parsed 14500000 reads
2019-05-01 17:59:07,715 INFO Parsed 14600000 reads
2019-05-01 17:59:11,288 INFO Parsed 14700000 reads
2019-05-01 17:59:12,513 INFO Parsed 14800000 reads
2019-05-01 17:59:13,733 INFO Parsed 14900000 reads
2019-05-01 17:59:14,937 INFO Parsed 15000000 reads
2019-05-01 17:59:16,138 INFO Parsed 15100000 reads
2019-05-01 17:59:17,399 INFO Parsed 15200000 reads
2019-05-01 17:59:18,613 INFO Parsed 15300000 reads
2019-05-01 17:59:19,829 INFO Parsed 15400000 reads
2019-05-01 17:59:21,044 INFO Parsed 15500000 reads
2019-05-01 17:59:22,252 INFO Parsed 15600000 reads
2019-05-01 17:59:23,449 INFO Parsed 15700000 reads
2019-05-01 17:59:24,642 INFO Parsed 15800000 reads
2019-05-01 17:59:25,864 INFO Parsed 15900000 reads
2019-05-01 17:59:27,129 INFO Parsed 16000000 reads
2019-05-01 17:59:28,348 INFO Parsed 16100000 reads
2019-05-01 17:59:29,550 INFO Parsed 16200000 reads
2019-05-01 17:59:30,776 INFO Parsed 16300000 reads
2019-05-01 17:59:31,985 INFO Parsed 16400000 reads
2019-05-01 17:59:33,180 INFO Parsed 16500000 reads
2019-05-01 17:59:34,408 INFO Parsed 16600000 reads
2019-05-01 17:59:35,626 INFO Parsed 16700000 reads
2019-05-01 17:59:36,855 INFO Parsed 16800000 reads
2019-05-01 17:59:38,150 INFO Parsed 16900000 reads
2019-05-01 17:59:39,369 INFO Parsed 17000000 reads
2019-05-01 17:59:40,607 INFO Parsed 17100000 reads
2019-05-01 17:59:41,822 INFO Parsed 17200000 reads
2019-05-01 17:59:43,047 INFO Parsed 17300000 reads
2019-05-01 17:59:44,270 INFO Parsed 17400000 reads
2019-05-01 17:59:45,519 INFO Parsed 17500000 reads
2019-05-01 17:59:46,717 INFO Parsed 17600000 reads
2019-05-01 17:59:47,910 INFO Parsed 17700000 reads
2019-05-01 17:59:49,101 INFO Parsed 17800000 reads
2019-05-01 17:59:50,294 INFO Parsed 17900000 reads
2019-05-01 17:59:51,485 INFO Parsed 18000000 reads
2019-05-01 17:59:52,684 INFO Parsed 18100000 reads
2019-05-01 17:59:53,877 INFO Parsed 18200000 reads
2019-05-01 17:59:55,070 INFO Parsed 18300000 reads
2019-05-01 17:59:56,261 INFO Parsed 18400000 reads
2019-05-01 17:59:57,456 INFO Parsed 18500000 reads
2019-05-01 17:59:58,651 INFO Parsed 18600000 reads
2019-05-01 17:59:59,906 INFO Parsed 18700000 reads
2019-05-01 18:00:01,127 INFO Parsed 18800000 reads
2019-05-01 18:00:02,327 INFO Parsed 18900000 reads
2019-05-01 18:00:03,640 INFO Parsed 19000000 reads
2019-05-01 18:00:04,832 INFO Parsed 19100000 reads
2019-05-01 18:00:06,023 INFO Parsed 19200000 reads
2019-05-01 18:00:07,216 INFO Parsed 19300000 reads
2019-05-01 18:00:08,408 INFO Parsed 19400000 reads
2019-05-01 18:00:09,619 INFO Parsed 19500000 reads
2019-05-01 18:00:10,823 INFO Parsed 19600000 reads
2019-05-01 18:00:12,019 INFO Parsed 19700000 reads
2019-05-01 18:00:13,219 INFO Parsed 19800000 reads
2019-05-01 18:00:14,436 INFO Parsed 19900000 reads
2019-05-01 18:00:15,642 INFO Parsed 20000000 reads
2019-05-01 18:00:16,844 INFO Parsed 20100000 reads
2019-05-01 18:00:18,038 INFO Parsed 20200000 reads
2019-05-01 18:00:19,233 INFO Parsed 20300000 reads
2019-05-01 18:00:20,427 INFO Parsed 20400000 reads
2019-05-01 18:00:21,626 INFO Parsed 20500000 reads
2019-05-01 18:00:22,824 INFO Parsed 20600000 reads
2019-05-01 18:00:24,018 INFO Parsed 20700000 reads
2019-05-01 18:00:25,214 INFO Parsed 20800000 reads
2019-05-01 18:00:26,411 INFO Parsed 20900000 reads
2019-05-01 18:00:27,603 INFO Parsed 21000000 reads
2019-05-01 18:00:28,800 INFO Parsed 21100000 reads
2019-05-01 18:00:30,003 INFO Parsed 21200000 reads
2019-05-01 18:00:31,199 INFO Parsed 21300000 reads
2019-05-01 18:00:32,389 INFO Parsed 21400000 reads
2019-05-01 18:00:33,585 INFO Parsed 21500000 reads
2019-05-01 18:00:35,182 INFO Parsed 21600000 reads
2019-05-01 18:00:36,381 INFO Parsed 21700000 reads
2019-05-01 18:00:37,580 INFO Parsed 21800000 reads
2019-05-01 18:00:38,772 INFO Parsed 21900000 reads
2019-05-01 18:00:39,965 INFO Parsed 22000000 reads
2019-05-01 18:00:41,160 INFO Parsed 22100000 reads
2019-05-01 18:00:42,357 INFO Parsed 22200000 reads
2019-05-01 18:00:43,554 INFO Parsed 22300000 reads
2019-05-01 18:00:44,743 INFO Parsed 22400000 reads
2019-05-01 18:00:45,934 INFO Parsed 22500000 reads
2019-05-01 18:00:47,123 INFO Parsed 22600000 reads
2019-05-01 18:00:48,313 INFO Parsed 22700000 reads
2019-05-01 18:00:49,501 INFO Parsed 22800000 reads
2019-05-01 18:00:50,691 INFO Parsed 22900000 reads
2019-05-01 18:00:51,881 INFO Parsed 23000000 reads
2019-05-01 18:00:53,074 INFO Parsed 23100000 reads
2019-05-01 18:00:54,267 INFO Parsed 23200000 reads
2019-05-01 18:00:55,459 INFO Parsed 23300000 reads
2019-05-01 18:00:56,649 INFO Parsed 23400000 reads
2019-05-01 18:00:57,844 INFO Parsed 23500000 reads
2019-05-01 18:00:59,035 INFO Parsed 23600000 reads
2019-05-01 18:01:00,233 INFO Parsed 23700000 reads
2019-05-01 18:01:01,423 INFO Parsed 23800000 reads
2019-05-01 18:01:02,616 INFO Parsed 23900000 reads
2019-05-01 18:01:03,805 INFO Parsed 24000000 reads
2019-05-01 18:01:04,993 INFO Parsed 24100000 reads
2019-05-01 18:01:06,181 INFO Parsed 24200000 reads
2019-05-01 18:01:07,369 INFO Parsed 24300000 reads
2019-05-01 18:01:08,557 INFO Parsed 24400000 reads
2019-05-01 18:01:09,746 INFO Parsed 24500000 reads
2019-05-01 18:01:10,934 INFO Parsed 24600000 reads
2019-05-01 18:01:12,125 INFO Parsed 24700000 reads
2019-05-01 18:01:13,315 INFO Parsed 24800000 reads
2019-05-01 18:01:14,515 INFO Parsed 24900000 reads
2019-05-01 18:01:15,711 INFO Parsed 25000000 reads
2019-05-01 18:01:16,904 INFO Parsed 25100000 reads
2019-05-01 18:01:18,094 INFO Parsed 25200000 reads
2019-05-01 18:01:19,283 INFO Parsed 25300000 reads
2019-05-01 18:01:20,470 INFO Parsed 25400000 reads
2019-05-01 18:01:21,657 INFO Parsed 25500000 reads
2019-05-01 18:01:22,841 INFO Parsed 25600000 reads
2019-05-01 18:01:24,030 INFO Parsed 25700000 reads
2019-05-01 18:01:25,218 INFO Parsed 25800000 reads
2019-05-01 18:01:26,404 INFO Parsed 25900000 reads
2019-05-01 18:01:27,597 INFO Parsed 26000000 reads
2019-05-01 18:01:28,886 INFO Parsed 26100000 reads
2019-05-01 18:01:30,071 INFO Parsed 26200000 reads
2019-05-01 18:01:31,257 INFO Parsed 26300000 reads
2019-05-01 18:01:32,449 INFO Parsed 26400000 reads
2019-05-01 18:01:33,728 INFO Parsed 26500000 reads
2019-05-01 18:01:34,983 INFO Parsed 26600000 reads
2019-05-01 18:01:36,190 INFO Parsed 26700000 reads
2019-05-01 18:01:37,412 INFO Parsed 26800000 reads
2019-05-01 18:01:38,616 INFO Parsed 26900000 reads
2019-05-01 18:01:39,824 INFO Parsed 27000000 reads
2019-05-01 18:01:41,038 INFO Parsed 27100000 reads
2019-05-01 18:01:42,248 INFO Parsed 27200000 reads
2019-05-01 18:01:43,462 INFO Parsed 27300000 reads
2019-05-01 18:01:44,671 INFO Parsed 27400000 reads
2019-05-01 18:01:45,876 INFO Parsed 27500000 reads
2019-05-01 18:01:47,099 INFO Parsed 27600000 reads
2019-05-01 18:01:48,303 INFO Parsed 27700000 reads
2019-05-01 18:01:49,517 INFO Parsed 27800000 reads
2019-05-01 18:01:50,749 INFO Parsed 27900000 reads
2019-05-01 18:01:51,935 INFO Parsed 28000000 reads
2019-05-01 18:01:53,125 INFO Parsed 28100000 reads
2019-05-01 18:01:54,314 INFO Parsed 28200000 reads
2019-05-01 18:01:55,500 INFO Parsed 28300000 reads
2019-05-01 18:01:56,686 INFO Parsed 28400000 reads
2019-05-01 18:01:57,874 INFO Parsed 28500000 reads
2019-05-01 18:01:59,062 INFO Parsed 28600000 reads
2019-05-01 18:02:00,252 INFO Parsed 28700000 reads
2019-05-01 18:02:01,441 INFO Parsed 28800000 reads
2019-05-01 18:02:02,630 INFO Parsed 28900000 reads
2019-05-01 18:02:03,818 INFO Parsed 29000000 reads
2019-05-01 18:02:05,005 INFO Parsed 29100000 reads
2019-05-01 18:02:06,191 INFO Parsed 29200000 reads
2019-05-01 18:02:07,380 INFO Parsed 29300000 reads
2019-05-01 18:02:08,567 INFO Parsed 29400000 reads
2019-05-01 18:02:09,751 INFO Parsed 29500000 reads
2019-05-01 18:02:10,937 INFO Parsed 29600000 reads
2019-05-01 18:02:12,124 INFO Parsed 29700000 reads
2019-05-01 18:02:13,311 INFO Parsed 29800000 reads
2019-05-01 18:02:14,577 INFO Parsed 29900000 reads
2019-05-01 18:02:15,770 INFO Parsed 30000000 reads
2019-05-01 18:02:16,962 INFO Parsed 30100000 reads
2019-05-01 18:02:18,150 INFO Parsed 30200000 reads
2019-05-01 18:02:19,342 INFO Parsed 30300000 reads
2019-05-01 18:02:20,532 INFO Parsed 30400000 reads
2019-05-01 18:02:21,723 INFO Parsed 30500000 reads
2019-05-01 18:02:22,914 INFO Parsed 30600000 reads
2019-05-01 18:02:24,102 INFO Parsed 30700000 reads
2019-05-01 18:02:25,292 INFO Parsed 30800000 reads
2019-05-01 18:02:26,482 INFO Parsed 30900000 reads
2019-05-01 18:02:27,673 INFO Parsed 31000000 reads
2019-05-01 18:02:28,863 INFO Parsed 31100000 reads
2019-05-01 18:02:30,053 INFO Parsed 31200000 reads
2019-05-01 18:02:31,244 INFO Parsed 31300000 reads
2019-05-01 18:02:32,437 INFO Parsed 31400000 reads
2019-05-01 18:02:33,628 INFO Parsed 31500000 reads
2019-05-01 18:02:34,815 INFO Parsed 31600000 reads
2019-05-01 18:02:36,005 INFO Parsed 31700000 reads
2019-05-01 18:02:37,199 INFO Parsed 31800000 reads
2019-05-01 18:02:38,388 INFO Parsed 31900000 reads
2019-05-01 18:02:39,577 INFO Parsed 32000000 reads
2019-05-01 18:02:40,766 INFO Parsed 32100000 reads
2019-05-01 18:02:41,954 INFO Parsed 32200000 reads
2019-05-01 18:02:43,147 INFO Parsed 32300000 reads
2019-05-01 18:02:44,334 INFO Parsed 32400000 reads
2019-05-01 18:02:45,526 INFO Parsed 32500000 reads
2019-05-01 18:02:46,715 INFO Parsed 32600000 reads
2019-05-01 18:02:47,906 INFO Parsed 32700000 reads
2019-05-01 18:02:49,094 INFO Parsed 32800000 reads
2019-05-01 18:02:50,282 INFO Parsed 32900000 reads
2019-05-01 18:02:51,468 INFO Parsed 33000000 reads
2019-05-01 18:02:52,655 INFO Parsed 33100000 reads
2019-05-01 18:02:53,844 INFO Parsed 33200000 reads
2019-05-01 18:02:55,032 INFO Parsed 33300000 reads
2019-05-01 18:02:56,220 INFO Parsed 33400000 reads
2019-05-01 18:02:57,411 INFO Parsed 33500000 reads
2019-05-01 18:02:58,599 INFO Parsed 33600000 reads
2019-05-01 18:02:59,788 INFO Parsed 33700000 reads
2019-05-01 18:03:00,977 INFO Parsed 33800000 reads
2019-05-01 18:03:02,167 INFO Parsed 33900000 reads
2019-05-01 18:03:03,412 INFO Parsed 34000000 reads
2019-05-01 18:03:04,601 INFO Parsed 34100000 reads
2019-05-01 18:03:05,794 INFO Parsed 34200000 reads
2019-05-01 18:03:06,988 INFO Parsed 34300000 reads
2019-05-01 18:03:08,181 INFO Parsed 34400000 reads
2019-05-01 18:03:09,377 INFO Parsed 34500000 reads
2019-05-01 18:03:10,565 INFO Parsed 34600000 reads
2019-05-01 18:03:11,756 INFO Parsed 34700000 reads
2019-05-01 18:03:12,950 INFO Parsed 34800000 reads
2019-05-01 18:03:14,142 INFO Parsed 34900000 reads
2019-05-01 18:03:15,342 INFO Parsed 35000000 reads
2019-05-01 18:03:16,534 INFO Parsed 35100000 reads
2019-05-01 18:03:17,724 INFO Parsed 35200000 reads
2019-05-01 18:03:18,920 INFO Parsed 35300000 reads
2019-05-01 18:03:20,114 INFO Parsed 35400000 reads
2019-05-01 18:03:21,307 INFO Parsed 35500000 reads
2019-05-01 18:03:22,497 INFO Parsed 35600000 reads
2019-05-01 18:03:23,688 INFO Parsed 35700000 reads
2019-05-01 18:03:24,877 INFO Parsed 35800000 reads
2019-05-01 18:03:26,073 INFO Parsed 35900000 reads
2019-05-01 18:03:27,271 INFO Parsed 36000000 reads
2019-05-01 18:03:28,481 INFO Parsed 36100000 reads
2019-05-01 18:03:29,689 INFO Parsed 36200000 reads
2019-05-01 18:03:30,884 INFO Parsed 36300000 reads
2019-05-01 18:03:32,075 INFO Parsed 36400000 reads
2019-05-01 18:03:33,263 INFO Parsed 36500000 reads
2019-05-01 18:03:34,449 INFO Parsed 36600000 reads
2019-05-01 18:03:35,636 INFO Parsed 36700000 reads
2019-05-01 18:03:36,824 INFO Parsed 36800000 reads
2019-05-01 18:03:38,015 INFO Parsed 36900000 reads
2019-05-01 18:03:39,205 INFO Parsed 37000000 reads
2019-05-01 18:03:40,428 INFO Parsed 37100000 reads
2019-05-01 18:03:41,618 INFO Parsed 37200000 reads
2019-05-01 18:03:42,808 INFO Parsed 37300000 reads
2019-05-01 18:03:44,005 INFO Parsed 37400000 reads
2019-05-01 18:03:45,188 INFO Parsed 37500000 reads
2019-05-01 18:03:46,396 INFO Parsed 37600000 reads
2019-05-01 18:03:47,592 INFO Parsed 37700000 reads
2019-05-01 18:03:48,805 INFO Parsed 37800000 reads
2019-05-01 18:03:49,998 INFO Parsed 37900000 reads
2019-05-01 18:03:51,187 INFO Parsed 38000000 reads
2019-05-01 18:03:52,437 INFO Parsed 38100000 reads
2019-05-01 18:03:53,501 INFO Parsed 38200000 reads
2019-05-01 18:03:54,551 INFO Parsed 38300000 reads
2019-05-01 18:03:55,761 INFO Parsed 38400000 reads
2019-05-01 18:03:56,969 INFO Parsed 38500000 reads
2019-05-01 18:03:58,164 INFO Parsed 38600000 reads
2019-05-01 18:03:59,368 INFO Parsed 38700000 reads
2019-05-01 18:04:00,648 INFO Parsed 38800000 reads
2019-05-01 18:04:01,921 INFO Parsed 38900000 reads
2019-05-01 18:04:03,200 INFO Parsed 39000000 reads
2019-05-01 18:04:04,390 INFO Parsed 39100000 reads
2019-05-01 18:04:05,587 INFO Parsed 39200000 reads
2019-05-01 18:04:06,792 INFO Parsed 39300000 reads
2019-05-01 18:04:08,035 INFO Parsed 39400000 reads
2019-05-01 18:04:09,225 INFO Parsed 39500000 reads
2019-05-01 18:04:10,415 INFO Parsed 39600000 reads
2019-05-01 18:04:11,615 INFO Parsed 39700000 reads
2019-05-01 18:04:12,814 INFO Parsed 39800000 reads
2019-05-01 18:04:14,008 INFO Parsed 39900000 reads
2019-05-01 18:04:15,133 INFO Starting - whitelist determination
2019-05-01 18:04:36,184 DEBUG findfont: Matching :family=sans-serif:style=normal:variant=normal:weight=normal:stretch=normal:size=10.0 to DejaVu Sans ('/data/users/jgilet/.local/python3.6/vEnv3.6/pySCENIC/lib/python3.6/site-packages/matplotlib/mpl-data/fonts/ttf/DejaVuSans.ttf') with score of 0.050000
2019-05-01 18:04:45,522 DEBUG findfont: Matching :family=STIXGeneral:style=normal:variant=normal:weight=normal:stretch=normal:size=10.0 to STIXGeneral ('/data/users/jgilet/.local/python3.6/vEnv3.6/pySCENIC/lib/python3.6/site-packages/matplotlib/mpl-data/fonts/ttf/STIXGeneral.ttf') with score of 0.050000
2019-05-01 18:04:45,526 DEBUG findfont: Matching :family=STIXGeneral:style=italic:variant=normal:weight=normal:stretch=normal:size=10.0 to STIXGeneral ('/data/users/jgilet/.local/python3.6/vEnv3.6/pySCENIC/lib/python3.6/site-packages/matplotlib/mpl-data/fonts/ttf/STIXGeneralItalic.ttf') with score of 0.050000
2019-05-01 18:04:45,528 DEBUG findfont: Matching :family=STIXGeneral:style=normal:variant=normal:weight=bold:stretch=normal:size=10.0 to STIXGeneral ('/data/users/jgilet/.local/python3.6/vEnv3.6/pySCENIC/lib/python3.6/site-packages/matplotlib/mpl-data/fonts/ttf/STIXGeneralBol.ttf') with score of 0.000000
2019-05-01 18:04:45,587 DEBUG findfont: Matching :family=STIXNonUnicode:style=normal:variant=normal:weight=normal:stretch=normal:size=10.0 to STIXNonUnicode ('/data/users/jgilet/.local/python3.6/vEnv3.6/pySCENIC/lib/python3.6/site-packages/matplotlib/mpl-data/fonts/ttf/STIXNonUni.ttf') with score of 0.050000
2019-05-01 18:04:45,590 DEBUG findfont: Matching :family=STIXNonUnicode:style=italic:variant=normal:weight=normal:stretch=normal:size=10.0 to STIXNonUnicode ('/data/users/jgilet/.local/python3.6/vEnv3.6/pySCENIC/lib/python3.6/site-packages/matplotlib/mpl-data/fonts/ttf/STIXNonUniIta.ttf') with score of 0.050000
2019-05-01 18:04:45,592 DEBUG findfont: Matching :family=STIXNonUnicode:style=normal:variant=normal:weight=bold:stretch=normal:size=10.0 to STIXNonUnicode ('/data/users/jgilet/.local/python3.6/vEnv3.6/pySCENIC/lib/python3.6/site-packages/matplotlib/mpl-data/fonts/ttf/STIXNonUniBol.ttf') with score of 0.000000
2019-05-01 18:04:45,596 DEBUG findfont: Matching :family=STIXSizeOneSym:style=normal:variant=normal:weight=normal:stretch=normal:size=10.0 to STIXSizeOneSym ('/data/users/jgilet/.local/python3.6/vEnv3.6/pySCENIC/lib/python3.6/site-packages/matplotlib/mpl-data/fonts/ttf/STIXSizOneSymReg.ttf') with score of 0.050000
2019-05-01 18:04:45,599 DEBUG findfont: Matching :family=STIXSizeTwoSym:style=normal:variant=normal:weight=normal:stretch=normal:size=10.0 to STIXSizeTwoSym ('/data/users/jgilet/.local/python3.6/vEnv3.6/pySCENIC/lib/python3.6/site-packages/matplotlib/mpl-data/fonts/ttf/STIXSizTwoSymReg.ttf') with score of 0.050000
2019-05-01 18:04:45,603 DEBUG findfont: Matching :family=STIXSizeThreeSym:style=normal:variant=normal:weight=normal:stretch=normal:size=10.0 to STIXSizeThreeSym ('/data/users/jgilet/.local/python3.6/vEnv3.6/pySCENIC/lib/python3.6/site-packages/matplotlib/mpl-data/fonts/ttf/STIXSizThreeSymReg.ttf') with score of 0.050000
2019-05-01 18:04:45,606 DEBUG findfont: Matching :family=STIXSizeFourSym:style=normal:variant=normal:weight=normal:stretch=normal:size=10.0 to STIXSizeFourSym ('/data/users/jgilet/.local/python3.6/vEnv3.6/pySCENIC/lib/python3.6/site-packages/matplotlib/mpl-data/fonts/ttf/STIXSizFourSymReg.ttf') with score of 0.050000
2019-05-01 18:04:45,609 DEBUG findfont: Matching :family=STIXSizeFiveSym:style=normal:variant=normal:weight=normal:stretch=normal:size=10.0 to STIXSizeFiveSym ('/data/users/jgilet/.local/python3.6/vEnv3.6/pySCENIC/lib/python3.6/site-packages/matplotlib/mpl-data/fonts/ttf/STIXSizFiveSymReg.ttf') with score of 0.050000
2019-05-01 18:04:45,613 DEBUG findfont: Matching :family=cmsy10:style=normal:variant=normal:weight=normal:stretch=normal:size=10.0 to cmsy10 ('/data/users/jgilet/.local/python3.6/vEnv3.6/pySCENIC/lib/python3.6/site-packages/matplotlib/mpl-data/fonts/ttf/cmsy10.ttf') with score of 0.050000
2019-05-01 18:04:45,616 DEBUG findfont: Matching :family=cmr10:style=normal:variant=normal:weight=normal:stretch=normal:size=10.0 to cmr10 ('/data/users/jgilet/.local/python3.6/vEnv3.6/pySCENIC/lib/python3.6/site-packages/matplotlib/mpl-data/fonts/ttf/cmr10.ttf') with score of 0.050000
2019-05-01 18:04:45,623 DEBUG findfont: Matching :family=cmtt10:style=normal:variant=normal:weight=normal:stretch=normal:size=10.0 to cmtt10 ('/data/users/jgilet/.local/python3.6/vEnv3.6/pySCENIC/lib/python3.6/site-packages/matplotlib/mpl-data/fonts/ttf/cmtt10.ttf') with score of 0.050000
2019-05-01 18:04:45,626 DEBUG findfont: Matching :family=cmmi10:style=normal:variant=normal:weight=normal:stretch=normal:size=10.0 to cmmi10 ('/data/users/jgilet/.local/python3.6/vEnv3.6/pySCENIC/lib/python3.6/site-packages/matplotlib/mpl-data/fonts/ttf/cmmi10.ttf') with score of 0.050000
2019-05-01 18:04:45,658 DEBUG findfont: Matching :family=cmb10:style=normal:variant=normal:weight=normal:stretch=normal:size=10.0 to cmb10 ('/data/users/jgilet/.local/python3.6/vEnv3.6/pySCENIC/lib/python3.6/site-packages/matplotlib/mpl-data/fonts/ttf/cmb10.ttf') with score of 0.050000
2019-05-01 18:04:45,661 DEBUG findfont: Matching :family=cmss10:style=normal:variant=normal:weight=normal:stretch=normal:size=10.0 to cmss10 ('/data/users/jgilet/.local/python3.6/vEnv3.6/pySCENIC/lib/python3.6/site-packages/matplotlib/mpl-data/fonts/ttf/cmss10.ttf') with score of 0.050000
2019-05-01 18:04:45,664 DEBUG findfont: Matching :family=cmex10:style=normal:variant=normal:weight=normal:stretch=normal:size=10.0 to cmex10 ('/data/users/jgilet/.local/python3.6/vEnv3.6/pySCENIC/lib/python3.6/site-packages/matplotlib/mpl-data/fonts/ttf/cmex10.ttf') with score of 0.050000
2019-05-01 18:04:45,668 DEBUG findfont: Matching :family=DejaVu Sans:style=normal:variant=normal:weight=normal:stretch=normal:size=10.0 to DejaVu Sans ('/data/users/jgilet/.local/python3.6/vEnv3.6/pySCENIC/lib/python3.6/site-packages/matplotlib/mpl-data/fonts/ttf/DejaVuSans.ttf') with score of 0.050000
2019-05-01 18:04:45,670 DEBUG findfont: Matching :family=DejaVu Sans:style=italic:variant=normal:weight=normal:stretch=normal:size=10.0 to DejaVu Sans ('/data/users/jgilet/.local/python3.6/vEnv3.6/pySCENIC/lib/python3.6/site-packages/matplotlib/mpl-data/fonts/ttf/DejaVuSans-Oblique.ttf') with score of 0.150000
2019-05-01 18:04:45,672 DEBUG findfont: Matching :family=DejaVu Sans:style=normal:variant=normal:weight=bold:stretch=normal:size=10.0 to DejaVu Sans ('/data/users/jgilet/.local/python3.6/vEnv3.6/pySCENIC/lib/python3.6/site-packages/matplotlib/mpl-data/fonts/ttf/DejaVuSans-Bold.ttf') with score of 0.000000
2019-05-01 18:04:45,675 DEBUG findfont: Matching :family=DejaVu Sans Mono:style=normal:variant=normal:weight=normal:stretch=normal:size=10.0 to DejaVu Sans Mono ('/data/users/jgilet/.local/python3.6/vEnv3.6/pySCENIC/lib/python3.6/site-packages/matplotlib/mpl-data/fonts/ttf/DejaVuSansMono.ttf') with score of 0.050000
2019-05-01 18:04:45,678 DEBUG findfont: Matching :family=DejaVu Sans Display:style=normal:variant=normal:weight=normal:stretch=normal:size=10.0 to DejaVu Sans Display ('/data/users/jgilet/.local/python3.6/vEnv3.6/pySCENIC/lib/python3.6/site-packages/matplotlib/mpl-data/fonts/ttf/DejaVuSansDisplay.ttf') with score of 0.050000
2019-05-01 18:04:49,213 INFO Finished - whitelist determination
2019-05-01 18:04:49,213 INFO Starting - finding putative error cell barcodes
2019-05-01 18:05:49,751 INFO Finished - finding putative error cell barcodes
2019-05-01 18:05:49,752 INFO Writing out whitelist
2019-05-01 18:05:49,788 INFO Parsed 39993125 reads
2019-05-01 18:05:49,789 INFO 39993125 reads matched the barcode pattern
2019-05-01 18:05:49,789 INFO Found 555240 unique cell barcodes
# job finished in 617 seconds at Wed May  1 18:05:49 2019 -- 579.13  6.53  0.00  0.00 -- deed8053-508a-4c57-93a0-3ca672f9b32f
